BH_IDENTITY OPS=2{
  OP0 [ Addr: 0x1d47380 Dims: 2 Start: 0 Shape:  12,12 Stride:  12,1 Type: BH_FLOAT64 Data: (nil), Base: 0x1d4f730 -->
      [ Addr: 0x1d4f730 Dims: 2 Start: 0 Shape:  12,12 Stride:  12,1 Type: BH_FLOAT64 Data: (nil), Base: (nil)  ]
  ]
  OP1 [ CONST=0 ]
}
BH_DISCARD OPS=1{
  OP0 [ Addr: 0x1d47380 Dims: 2 Start: 0 Shape:  12,12 Stride:  12,1 Type: BH_FLOAT64 Data: (nil), Base: 0x1d4f730 -->
      [ Addr: 0x1d4f730 Dims: 2 Start: 0 Shape:  12,12 Stride:  12,1 Type: BH_FLOAT64 Data: 0x7f9998b8c000, Base: (nil)  ]
  ]
}
BH_IDENTITY OPS=2{
  OP0 [ Addr: 0x1ccc310 Dims: 1 Start: 0 Shape:  12 Stride:  12 Type: BH_FLOAT64 Data: (nil), Base: 0x1d4f730 -->
      [ Addr: 0x1d4f730 Dims: 2 Start: 0 Shape:  12,12 Stride:  12,1 Type: BH_FLOAT64 Data: 0x7f9998b8c000, Base: (nil)  ]
  ]
  OP1 [ CONST=-273.150000 ]
}
BH_DISCARD OPS=1{
  OP0 [ Addr: 0x1ccc310 Dims: 1 Start: 0 Shape:  12 Stride:  12 Type: BH_FLOAT64 Data: (nil), Base: 0x1d4f730 -->
      [ Addr: 0x1d4f730 Dims: 2 Start: 0 Shape:  12,12 Stride:  12,1 Type: BH_FLOAT64 Data: 0x7f9998b8c000, Base: (nil)  ]
  ]
}
BH_IDENTITY OPS=2{
  OP0 [ Addr: 0x1ccc440 Dims: 1 Start: 11 Shape:  12 Stride:  12 Type: BH_FLOAT64 Data: (nil), Base: 0x1d4f730 -->
      [ Addr: 0x1d4f730 Dims: 2 Start: 0 Shape:  12,12 Stride:  12,1 Type: BH_FLOAT64 Data: 0x7f9998b8c000, Base: (nil)  ]
  ]
  OP1 [ CONST=-273.150000 ]
}
BH_DISCARD OPS=1{
  OP0 [ Addr: 0x1ccc440 Dims: 1 Start: 11 Shape:  12 Stride:  12 Type: BH_FLOAT64 Data: (nil), Base: 0x1d4f730 -->
      [ Addr: 0x1d4f730 Dims: 2 Start: 0 Shape:  12,12 Stride:  12,1 Type: BH_FLOAT64 Data: 0x7f9998b8c000, Base: (nil)  ]
  ]
}
BH_IDENTITY OPS=2{
  OP0 [ Addr: 0x1ccc570 Dims: 1 Start: 132 Shape:  12 Stride:  1 Type: BH_FLOAT64 Data: (nil), Base: 0x1d4f730 -->
      [ Addr: 0x1d4f730 Dims: 2 Start: 0 Shape:  12,12 Stride:  12,1 Type: BH_FLOAT64 Data: 0x7f9998b8c000, Base: (nil)  ]
  ]
  OP1 [ CONST=-273.150000 ]
}
BH_DISCARD OPS=1{
  OP0 [ Addr: 0x1ccc570 Dims: 1 Start: 132 Shape:  12 Stride:  1 Type: BH_FLOAT64 Data: (nil), Base: 0x1d4f730 -->
      [ Addr: 0x1d4f730 Dims: 2 Start: 0 Shape:  12,12 Stride:  12,1 Type: BH_FLOAT64 Data: 0x7f9998b8c000, Base: (nil)  ]
  ]
}
BH_IDENTITY OPS=2{
  OP0 [ Addr: 0x1d48790 Dims: 1 Start: 0 Shape:  12 Stride:  1 Type: BH_FLOAT64 Data: (nil), Base: 0x1d4f730 -->
      [ Addr: 0x1d4f730 Dims: 2 Start: 0 Shape:  12,12 Stride:  12,1 Type: BH_FLOAT64 Data: 0x7f9998b8c000, Base: (nil)  ]
  ]
  OP1 [ CONST=40.000000 ]
}
BH_DISCARD OPS=1{
  OP0 [ Addr: 0x1d48790 Dims: 1 Start: 0 Shape:  12 Stride:  1 Type: BH_FLOAT64 Data: (nil), Base: 0x1d4f730 -->
      [ Addr: 0x1d4f730 Dims: 2 Start: 0 Shape:  12,12 Stride:  12,1 Type: BH_FLOAT64 Data: 0x7f9998b8c000, Base: (nil)  ]
  ]
}
BH_ADD OPS=3{
  OP0 [ Addr: 0x1d48790 Dims: 2 Start: 0 Shape:  10,10 Stride:  10,1 Type: BH_FLOAT64 Data: (nil), Base: (nil)  ]
  OP1 [ Addr: 0x1ccc570 Dims: 2 Start: 13 Shape:  10,10 Stride:  12,1 Type: BH_FLOAT64 Data: (nil), Base: 0x1d4f730 -->
      [ Addr: 0x1d4f730 Dims: 2 Start: 0 Shape:  12,12 Stride:  12,1 Type: BH_FLOAT64 Data: 0x7f9998b8c000, Base: (nil)  ]
  ]
  OP2 [ Addr: 0x1d47380 Dims: 2 Start: 1 Shape:  10,10 Stride:  12,1 Type: BH_FLOAT64 Data: (nil), Base: 0x1d4f730 -->
      [ Addr: 0x1d4f730 Dims: 2 Start: 0 Shape:  12,12 Stride:  12,1 Type: BH_FLOAT64 Data: 0x7f9998b8c000, Base: (nil)  ]
  ]
}
BH_ADD OPS=3{
  OP0 [ Addr: 0x1d4ed50 Dims: 2 Start: 0 Shape:  10,10 Stride:  10,1 Type: BH_FLOAT64 Data: (nil), Base: (nil)  ]
  OP1 [ Addr: 0x1d48790 Dims: 2 Start: 0 Shape:  10,10 Stride:  10,1 Type: BH_FLOAT64 Data: 0x7f9998b88000, Base: (nil)  ]
  OP2 [ Addr: 0x1d4ee80 Dims: 2 Start: 14 Shape:  10,10 Stride:  12,1 Type: BH_FLOAT64 Data: (nil), Base: 0x1d4f730 -->
      [ Addr: 0x1d4f730 Dims: 2 Start: 0 Shape:  12,12 Stride:  12,1 Type: BH_FLOAT64 Data: 0x7f9998b8c000, Base: (nil)  ]
  ]
}
BH_FREE OPS=1{
  OP0 [ Addr: 0x1d48790 Dims: 2 Start: 0 Shape:  10,10 Stride:  10,1 Type: BH_FLOAT64 Data: 0x7f9998b88000, Base: (nil)  ]
}
BH_DISCARD OPS=1{
  OP0 [ Addr: 0x1d48790 Dims: 2 Start: 0 Shape:  10,10 Stride:  10,1 Type: BH_FLOAT64 Data: (nil), Base: (nil)  ]
}
BH_ADD OPS=3{
  OP0 [ Addr: 0x1d4efb0 Dims: 2 Start: 0 Shape:  10,10 Stride:  10,1 Type: BH_FLOAT64 Data: (nil), Base: (nil)  ]
  OP1 [ Addr: 0x1d4ed50 Dims: 2 Start: 0 Shape:  10,10 Stride:  10,1 Type: BH_FLOAT64 Data: 0x7f9998b87000, Base: (nil)  ]
  OP2 [ Addr: 0x1d4f0e0 Dims: 2 Start: 12 Shape:  10,10 Stride:  12,1 Type: BH_FLOAT64 Data: (nil), Base: 0x1d4f730 -->
      [ Addr: 0x1d4f730 Dims: 2 Start: 0 Shape:  12,12 Stride:  12,1 Type: BH_FLOAT64 Data: 0x7f9998b8c000, Base: (nil)  ]
  ]
}
BH_FREE OPS=1{
  OP0 [ Addr: 0x1d4ed50 Dims: 2 Start: 0 Shape:  10,10 Stride:  10,1 Type: BH_FLOAT64 Data: 0x7f9998b87000, Base: (nil)  ]
}
BH_DISCARD OPS=1{
  OP0 [ Addr: 0x1d4ed50 Dims: 2 Start: 0 Shape:  10,10 Stride:  10,1 Type: BH_FLOAT64 Data: (nil), Base: (nil)  ]
}
BH_ADD OPS=3{
  OP0 [ Addr: 0x1d4f210 Dims: 2 Start: 0 Shape:  10,10 Stride:  10,1 Type: BH_FLOAT64 Data: (nil), Base: (nil)  ]
  OP1 [ Addr: 0x1d4efb0 Dims: 2 Start: 0 Shape:  10,10 Stride:  10,1 Type: BH_FLOAT64 Data: 0x7f9998b88000, Base: (nil)  ]
  OP2 [ Addr: 0x1d590f0 Dims: 2 Start: 25 Shape:  10,10 Stride:  12,1 Type: BH_FLOAT64 Data: (nil), Base: 0x1d4f730 -->
      [ Addr: 0x1d4f730 Dims: 2 Start: 0 Shape:  12,12 Stride:  12,1 Type: BH_FLOAT64 Data: 0x7f9998b8c000, Base: (nil)  ]
  ]
}
BH_FREE OPS=1{
  OP0 [ Addr: 0x1d4efb0 Dims: 2 Start: 0 Shape:  10,10 Stride:  10,1 Type: BH_FLOAT64 Data: 0x7f9998b88000, Base: (nil)  ]
}
BH_DISCARD OPS=1{
  OP0 [ Addr: 0x1d4efb0 Dims: 2 Start: 0 Shape:  10,10 Stride:  10,1 Type: BH_FLOAT64 Data: (nil), Base: (nil)  ]
}
BH_MULTIPLY OPS=3{
  OP0 [ Addr: 0x1d59220 Dims: 2 Start: 0 Shape:  10,10 Stride:  10,1 Type: BH_FLOAT64 Data: (nil), Base: (nil)  ]
  OP1 [ CONST=0.200000 ]
  OP2 [ Addr: 0x1d4f210 Dims: 2 Start: 0 Shape:  10,10 Stride:  10,1 Type: BH_FLOAT64 Data: 0x7f9998b87000, Base: (nil)  ]
}
BH_FREE OPS=1{
  OP0 [ Addr: 0x1d4f210 Dims: 2 Start: 0 Shape:  10,10 Stride:  10,1 Type: BH_FLOAT64 Data: 0x7f9998b87000, Base: (nil)  ]
}
BH_DISCARD OPS=1{
  OP0 [ Addr: 0x1d4f210 Dims: 2 Start: 0 Shape:  10,10 Stride:  10,1 Type: BH_FLOAT64 Data: (nil), Base: (nil)  ]
}
BH_SUBTRACT OPS=3{
  OP0 [ Addr: 0x1d59350 Dims: 2 Start: 0 Shape:  10,10 Stride:  10,1 Type: BH_FLOAT64 Data: (nil), Base: (nil)  ]
  OP1 [ Addr: 0x1d59220 Dims: 2 Start: 0 Shape:  10,10 Stride:  10,1 Type: BH_FLOAT64 Data: 0x7f9998b88000, Base: (nil)  ]
  OP2 [ Addr: 0x1ccc570 Dims: 2 Start: 13 Shape:  10,10 Stride:  12,1 Type: BH_FLOAT64 Data: (nil), Base: 0x1d4f730 -->
      [ Addr: 0x1d4f730 Dims: 2 Start: 0 Shape:  12,12 Stride:  12,1 Type: BH_FLOAT64 Data: 0x7f9998b8c000, Base: (nil)  ]
  ]
}
BH_ABSOLUTE OPS=2{
  OP0 [ Addr: 0x1d59480 Dims: 2 Start: 0 Shape:  10,10 Stride:  10,1 Type: BH_FLOAT64 Data: (nil), Base: (nil)  ]
  OP1 [ Addr: 0x1d59350 Dims: 2 Start: 0 Shape:  10,10 Stride:  10,1 Type: BH_FLOAT64 Data: 0x7f9998b87000, Base: (nil)  ]
}
BH_FREE OPS=1{
  OP0 [ Addr: 0x1d59350 Dims: 2 Start: 0 Shape:  10,10 Stride:  10,1 Type: BH_FLOAT64 Data: 0x7f9998b87000, Base: (nil)  ]
}
BH_DISCARD OPS=1{
  OP0 [ Addr: 0x1d59350 Dims: 2 Start: 0 Shape:  10,10 Stride:  10,1 Type: BH_FLOAT64 Data: (nil), Base: (nil)  ]
}
BH_USERFUNC OPS=0{
  OUT0 [ Addr: 0x1ccc310 Dims: 1 Start: 0 Shape:  10 Stride:  1 Type: BH_FLOAT64 Data: (nil), Base: (nil)  ]
  IN1 [ Addr: 0x1d59480 Dims: 2 Start: 0 Shape:  10,10 Stride:  10,1 Type: BH_FLOAT64 Data: 0x7f9998b86000, Base: (nil)  ]
}
BH_FREE OPS=1{
  OP0 [ Addr: 0x1d59480 Dims: 2 Start: 0 Shape:  10,10 Stride:  10,1 Type: BH_FLOAT64 Data: 0x7f9998b86000, Base: (nil)  ]
}
BH_DISCARD OPS=1{
  OP0 [ Addr: 0x1d59480 Dims: 2 Start: 0 Shape:  10,10 Stride:  10,1 Type: BH_FLOAT64 Data: (nil), Base: (nil)  ]
}
BH_USERFUNC OPS=0{
  OUT0 [ Addr: 0x1ccc440 Dims: 1 Start: 0 Shape:  1 Stride:  1 Type: BH_FLOAT64 Data: (nil), Base: (nil)  ]
  IN1 [ Addr: 0x1ccc310 Dims: 1 Start: 0 Shape:  10 Stride:  1 Type: BH_FLOAT64 Data: 0x7f9998b85000, Base: (nil)  ]
}
BH_SYNC OPS=1{
  OP0 [ Addr: 0x1ccc440 Dims: 1 Start: 0 Shape:  1 Stride:  1 Type: BH_FLOAT64 Data: 0x7f9998b84000, Base: (nil)  ]
}
BH_FREE OPS=1{
  OP0 [ Addr: 0x1ccc440 Dims: 1 Start: 0 Shape:  1 Stride:  1 Type: BH_FLOAT64 Data: (nil), Base: (nil)  ]
}
BH_DISCARD OPS=1{
  OP0 [ Addr: 0x1ccc440 Dims: 1 Start: 0 Shape:  1 Stride:  1 Type: BH_FLOAT64 Data: (nil), Base: (nil)  ]
}
BH_FREE OPS=1{
  OP0 [ Addr: 0x1ccc310 Dims: 1 Start: 0 Shape:  10 Stride:  1 Type: BH_FLOAT64 Data: 0x7f9998b85000, Base: (nil)  ]
}
BH_DISCARD OPS=1{
  OP0 [ Addr: 0x1ccc310 Dims: 1 Start: 0 Shape:  10 Stride:  1 Type: BH_FLOAT64 Data: (nil), Base: (nil)  ]
}
BH_IDENTITY OPS=2{
  OP0 [ Addr: 0x1d4ed50 Dims: 2 Start: 13 Shape:  10,10 Stride:  12,1 Type: BH_FLOAT64 Data: (nil), Base: 0x1d4f730 -->
      [ Addr: 0x1d4f730 Dims: 2 Start: 0 Shape:  12,12 Stride:  12,1 Type: BH_FLOAT64 Data: 0x7f9998b8c000, Base: (nil)  ]
  ]
  OP1 [ Addr: 0x1d59220 Dims: 2 Start: 0 Shape:  10,10 Stride:  10,1 Type: BH_FLOAT64 Data: 0x7f9998b88000, Base: (nil)  ]
}
BH_DISCARD OPS=1{
  OP0 [ Addr: 0x1d4ed50 Dims: 2 Start: 13 Shape:  10,10 Stride:  12,1 Type: BH_FLOAT64 Data: (nil), Base: 0x1d4f730 -->
      [ Addr: 0x1d4f730 Dims: 2 Start: 0 Shape:  12,12 Stride:  12,1 Type: BH_FLOAT64 Data: 0x7f9998b8c000, Base: (nil)  ]
  ]
}
BH_DISCARD OPS=1{
  OP0 [ Addr: 0x1ccc570 Dims: 2 Start: 13 Shape:  10,10 Stride:  12,1 Type: BH_FLOAT64 Data: (nil), Base: 0x1d4f730 -->
      [ Addr: 0x1d4f730 Dims: 2 Start: 0 Shape:  12,12 Stride:  12,1 Type: BH_FLOAT64 Data: 0x7f9998b8c000, Base: (nil)  ]
  ]
}
BH_DISCARD OPS=1{
  OP0 [ Addr: 0x1d47380 Dims: 2 Start: 1 Shape:  10,10 Stride:  12,1 Type: BH_FLOAT64 Data: (nil), Base: 0x1d4f730 -->
      [ Addr: 0x1d4f730 Dims: 2 Start: 0 Shape:  12,12 Stride:  12,1 Type: BH_FLOAT64 Data: 0x7f9998b8c000, Base: (nil)  ]
  ]
}
BH_DISCARD OPS=1{
  OP0 [ Addr: 0x1d4ee80 Dims: 2 Start: 14 Shape:  10,10 Stride:  12,1 Type: BH_FLOAT64 Data: (nil), Base: 0x1d4f730 -->
      [ Addr: 0x1d4f730 Dims: 2 Start: 0 Shape:  12,12 Stride:  12,1 Type: BH_FLOAT64 Data: 0x7f9998b8c000, Base: (nil)  ]
  ]
}
BH_DISCARD OPS=1{
  OP0 [ Addr: 0x1d4f0e0 Dims: 2 Start: 12 Shape:  10,10 Stride:  12,1 Type: BH_FLOAT64 Data: (nil), Base: 0x1d4f730 -->
      [ Addr: 0x1d4f730 Dims: 2 Start: 0 Shape:  12,12 Stride:  12,1 Type: BH_FLOAT64 Data: 0x7f9998b8c000, Base: (nil)  ]
  ]
}
BH_DISCARD OPS=1{
  OP0 [ Addr: 0x1d590f0 Dims: 2 Start: 25 Shape:  10,10 Stride:  12,1 Type: BH_FLOAT64 Data: (nil), Base: 0x1d4f730 -->
      [ Addr: 0x1d4f730 Dims: 2 Start: 0 Shape:  12,12 Stride:  12,1 Type: BH_FLOAT64 Data: 0x7f9998b8c000, Base: (nil)  ]
  ]
}
BH_FREE OPS=1{
  OP0 [ Addr: 0x1d59220 Dims: 2 Start: 0 Shape:  10,10 Stride:  10,1 Type: BH_FLOAT64 Data: 0x7f9998b88000, Base: (nil)  ]
}
BH_DISCARD OPS=1{
  OP0 [ Addr: 0x1d59220 Dims: 2 Start: 0 Shape:  10,10 Stride:  10,1 Type: BH_FLOAT64 Data: (nil), Base: (nil)  ]
}
BH_FREE OPS=1{
  OP0 [ Addr: 0x1d4f730 Dims: 2 Start: 0 Shape:  12,12 Stride:  12,1 Type: BH_FLOAT64 Data: 0x7f9998b8c000, Base: (nil)  ]
}
BH_DISCARD OPS=1{
  OP0 [ Addr: 0x1d4f730 Dims: 2 Start: 0 Shape:  12,12 Stride:  12,1 Type: BH_FLOAT64 Data: (nil), Base: (nil)  ]
}
