BH_IDENTITY OPS=2{
  OP0 [ Addr: 0x20a0bc0 Dims: 1 Start: 0 Shape:  1 Stride:  1 Type: BH_FLOAT64 Data: (nil), Base: 0x23a7f60 -->
      [ Addr: 0x23a7f60 Dims: 1 Start: 0 Shape:  1 Stride:  1 Type: BH_FLOAT64 Data: (nil), Base: (nil)  ]
  ]
  OP1 [ CONST=0.000000 ]
}
BH_DISCARD OPS=1{
  OP0 [ Addr: 0x20a0bc0 Dims: 1 Start: 0 Shape:  1 Stride:  1 Type: BH_FLOAT64 Data: (nil), Base: 0x23a7f60 -->
      [ Addr: 0x23a7f60 Dims: 1 Start: 0 Shape:  1 Stride:  1 Type: BH_FLOAT64 Data: 0x7fc3dcdba000, Base: (nil)  ]
  ]
}
BH_DISCARD OPS=1{
  OP0 [ Addr: 0x2081700 Dims: 1 Start: 0 Shape:  1 Stride:  1 Type: BH_FLOAT64 Data: (nil), Base: 0x23a7f60 -->
      [ Addr: 0x23a7f60 Dims: 1 Start: 0 Shape:  1 Stride:  1 Type: BH_FLOAT64 Data: 0x7fc3dcdba000, Base: (nil)  ]
  ]
}
BH_USERFUNC OPS=0{
  OUT0 [ Addr: 0x204a730 Dims: 1 Start: 0 Shape:  10000000 Stride:  1 Type: BH_FLOAT32 Data: (nil), Base: (nil)  ]
}
BH_USERFUNC OPS=0{
  OUT0 [ Addr: 0x2071090 Dims: 1 Start: 0 Shape:  10000000 Stride:  1 Type: BH_FLOAT32 Data: (nil), Base: (nil)  ]
}
BH_MULTIPLY OPS=3{
  OP0 [ Addr: 0x207f5d0 Dims: 1 Start: 0 Shape:  10000000 Stride:  1 Type: BH_FLOAT32 Data: (nil), Base: (nil)  ]
  OP1 [ Addr: 0x204a730 Dims: 1 Start: 0 Shape:  10000000 Stride:  1 Type: BH_FLOAT32 Data: 0x7fc3d51c0000, Base: (nil)  ]
  OP2 [ Addr: 0x204a730 Dims: 1 Start: 0 Shape:  10000000 Stride:  1 Type: BH_FLOAT32 Data: 0x7fc3d51c0000, Base: (nil)  ]
}
BH_MULTIPLY OPS=3{
  OP0 [ Addr: 0x207f700 Dims: 1 Start: 0 Shape:  10000000 Stride:  1 Type: BH_FLOAT32 Data: (nil), Base: (nil)  ]
  OP1 [ Addr: 0x2071090 Dims: 1 Start: 0 Shape:  10000000 Stride:  1 Type: BH_FLOAT32 Data: 0x7fc3d2b9a000, Base: (nil)  ]
  OP2 [ Addr: 0x2071090 Dims: 1 Start: 0 Shape:  10000000 Stride:  1 Type: BH_FLOAT32 Data: 0x7fc3d2b9a000, Base: (nil)  ]
}
BH_ADD OPS=3{
  OP0 [ Addr: 0x24601e0 Dims: 1 Start: 0 Shape:  10000000 Stride:  1 Type: BH_FLOAT32 Data: (nil), Base: (nil)  ]
  OP1 [ Addr: 0x207f5d0 Dims: 1 Start: 0 Shape:  10000000 Stride:  1 Type: BH_FLOAT32 Data: 0x7fc3d0574000, Base: (nil)  ]
  OP2 [ Addr: 0x207f700 Dims: 1 Start: 0 Shape:  10000000 Stride:  1 Type: BH_FLOAT32 Data: 0x7fc3cdf4e000, Base: (nil)  ]
}
BH_FREE OPS=1{
  OP0 [ Addr: 0x207f5d0 Dims: 1 Start: 0 Shape:  10000000 Stride:  1 Type: BH_FLOAT32 Data: 0x7fc3d0574000, Base: (nil)  ]
}
BH_DISCARD OPS=1{
  OP0 [ Addr: 0x207f5d0 Dims: 1 Start: 0 Shape:  10000000 Stride:  1 Type: BH_FLOAT32 Data: (nil), Base: (nil)  ]
}
BH_FREE OPS=1{
  OP0 [ Addr: 0x207f700 Dims: 1 Start: 0 Shape:  10000000 Stride:  1 Type: BH_FLOAT32 Data: 0x7fc3cdf4e000, Base: (nil)  ]
}
BH_DISCARD OPS=1{
  OP0 [ Addr: 0x207f700 Dims: 1 Start: 0 Shape:  10000000 Stride:  1 Type: BH_FLOAT32 Data: (nil), Base: (nil)  ]
}
BH_SQRT OPS=2{
  OP0 [ Addr: 0x208da90 Dims: 1 Start: 0 Shape:  10000000 Stride:  1 Type: BH_FLOAT32 Data: (nil), Base: (nil)  ]
  OP1 [ Addr: 0x24601e0 Dims: 1 Start: 0 Shape:  10000000 Stride:  1 Type: BH_FLOAT32 Data: 0x7fc3cb928000, Base: (nil)  ]
}
BH_FREE OPS=1{
  OP0 [ Addr: 0x24601e0 Dims: 1 Start: 0 Shape:  10000000 Stride:  1 Type: BH_FLOAT32 Data: 0x7fc3cb928000, Base: (nil)  ]
}
BH_DISCARD OPS=1{
  OP0 [ Addr: 0x24601e0 Dims: 1 Start: 0 Shape:  10000000 Stride:  1 Type: BH_FLOAT32 Data: (nil), Base: (nil)  ]
}
BH_LESS OPS=3{
  OP0 [ Addr: 0x245c1b0 Dims: 1 Start: 0 Shape:  10000000 Stride:  1 Type: BH_BOOL Data: (nil), Base: (nil)  ]
  OP1 [ Addr: 0x208da90 Dims: 1 Start: 0 Shape:  10000000 Stride:  1 Type: BH_FLOAT32 Data: 0x7fc3d0574000, Base: (nil)  ]
  OP2 [ CONST=1.000000 ]
}
BH_IDENTITY OPS=2{
  OP0 [ Addr: 0x2460310 Dims: 1 Start: 0 Shape:  10000000 Stride:  1 Type: BH_FLOAT32 Data: 0x7fc3d77e6000, Base: (nil)  ]
  OP1 [ Addr: 0x245c1b0 Dims: 1 Start: 0 Shape:  10000000 Stride:  1 Type: BH_BOOL Data: 0x7fc3caf9e000, Base: (nil)  ]
}
BH_FREE OPS=1{
  OP0 [ Addr: 0x245c1b0 Dims: 1 Start: 0 Shape:  10000000 Stride:  1 Type: BH_BOOL Data: 0x7fc3caf9e000, Base: (nil)  ]
}
BH_DISCARD OPS=1{
  OP0 [ Addr: 0x245c1b0 Dims: 1 Start: 0 Shape:  10000000 Stride:  1 Type: BH_BOOL Data: (nil), Base: (nil)  ]
}
BH_USERFUNC OPS=0{
  OUT0 [ Addr: 0x245bf10 Dims: 1 Start: 0 Shape:  1 Stride:  1 Type: BH_FLOAT32 Data: (nil), Base: (nil)  ]
  IN1 [ Addr: 0x2460310 Dims: 1 Start: 0 Shape:  10000000 Stride:  1 Type: BH_FLOAT32 Data: 0x7fc3d77e6000, Base: (nil)  ]
}
BH_SYNC OPS=1{
  OP0 [ Addr: 0x245bf10 Dims: 1 Start: 0 Shape:  1 Stride:  1 Type: BH_FLOAT32 Data: 0x7fc3caf9d000, Base: (nil)  ]
}
BH_FREE OPS=1{
  OP0 [ Addr: 0x245bf10 Dims: 1 Start: 0 Shape:  1 Stride:  1 Type: BH_FLOAT32 Data: (nil), Base: (nil)  ]
}
BH_DISCARD OPS=1{
  OP0 [ Addr: 0x245bf10 Dims: 1 Start: 0 Shape:  1 Stride:  1 Type: BH_FLOAT32 Data: (nil), Base: (nil)  ]
}
BH_FREE OPS=1{
  OP0 [ Addr: 0x2460310 Dims: 1 Start: 0 Shape:  10000000 Stride:  1 Type: BH_FLOAT32 Data: 0x7fc3d77e6000, Base: (nil)  ]
}
BH_DISCARD OPS=1{
  OP0 [ Addr: 0x2460310 Dims: 1 Start: 0 Shape:  10000000 Stride:  1 Type: BH_FLOAT32 Data: (nil), Base: (nil)  ]
}
BH_ADD OPS=3{
  OP0 [ Addr: 0x23a7f60 Dims: 1 Start: 0 Shape:  1 Stride:  1 Type: BH_FLOAT64 Data: 0x7fc3dcdba000, Base: (nil)  ]
  OP1 [ Addr: 0x23a7f60 Dims: 1 Start: 0 Shape:  1 Stride:  1 Type: BH_FLOAT64 Data: 0x7fc3dcdba000, Base: (nil)  ]
  OP2 [ CONST=3.141902 ]
}
BH_USERFUNC OPS=0{
  OUT0 [ Addr: 0x24601e0 Dims: 1 Start: 0 Shape:  10000000 Stride:  1 Type: BH_FLOAT32 Data: (nil), Base: (nil)  ]
}
BH_FREE OPS=1{
  OP0 [ Addr: 0x204a730 Dims: 1 Start: 0 Shape:  10000000 Stride:  1 Type: BH_FLOAT32 Data: 0x7fc3d51c0000, Base: (nil)  ]
}
BH_DISCARD OPS=1{
  OP0 [ Addr: 0x204a730 Dims: 1 Start: 0 Shape:  10000000 Stride:  1 Type: BH_FLOAT32 Data: (nil), Base: (nil)  ]
}
BH_USERFUNC OPS=0{
  OUT0 [ Addr: 0x2081700 Dims: 1 Start: 0 Shape:  10000000 Stride:  1 Type: BH_FLOAT32 Data: (nil), Base: (nil)  ]
}
BH_FREE OPS=1{
  OP0 [ Addr: 0x2071090 Dims: 1 Start: 0 Shape:  10000000 Stride:  1 Type: BH_FLOAT32 Data: 0x7fc3d2b9a000, Base: (nil)  ]
}
BH_DISCARD OPS=1{
  OP0 [ Addr: 0x2071090 Dims: 1 Start: 0 Shape:  10000000 Stride:  1 Type: BH_FLOAT32 Data: (nil), Base: (nil)  ]
}
BH_MULTIPLY OPS=3{
  OP0 [ Addr: 0x207f5d0 Dims: 1 Start: 0 Shape:  10000000 Stride:  1 Type: BH_FLOAT32 Data: (nil), Base: (nil)  ]
  OP1 [ Addr: 0x24601e0 Dims: 1 Start: 0 Shape:  10000000 Stride:  1 Type: BH_FLOAT32 Data: 0x7fc3dcdbb000, Base: (nil)  ]
  OP2 [ Addr: 0x24601e0 Dims: 1 Start: 0 Shape:  10000000 Stride:  1 Type: BH_FLOAT32 Data: 0x7fc3dcdbb000, Base: (nil)  ]
}
BH_MULTIPLY OPS=3{
  OP0 [ Addr: 0x207f700 Dims: 1 Start: 0 Shape:  10000000 Stride:  1 Type: BH_FLOAT32 Data: (nil), Base: (nil)  ]
  OP1 [ Addr: 0x2081700 Dims: 1 Start: 0 Shape:  10000000 Stride:  1 Type: BH_FLOAT32 Data: 0x7fc3c3d2c000, Base: (nil)  ]
  OP2 [ Addr: 0x2081700 Dims: 1 Start: 0 Shape:  10000000 Stride:  1 Type: BH_FLOAT32 Data: 0x7fc3c3d2c000, Base: (nil)  ]
}
BH_ADD OPS=3{
  OP0 [ Addr: 0x245c040 Dims: 1 Start: 0 Shape:  10000000 Stride:  1 Type: BH_FLOAT32 Data: (nil), Base: (nil)  ]
  OP1 [ Addr: 0x207f5d0 Dims: 1 Start: 0 Shape:  10000000 Stride:  1 Type: BH_FLOAT32 Data: 0x7fc3cdf4e000, Base: (nil)  ]
  OP2 [ Addr: 0x207f700 Dims: 1 Start: 0 Shape:  10000000 Stride:  1 Type: BH_FLOAT32 Data: 0x7fc3cb928000, Base: (nil)  ]
}
BH_FREE OPS=1{
  OP0 [ Addr: 0x207f5d0 Dims: 1 Start: 0 Shape:  10000000 Stride:  1 Type: BH_FLOAT32 Data: 0x7fc3cdf4e000, Base: (nil)  ]
}
BH_DISCARD OPS=1{
  OP0 [ Addr: 0x207f5d0 Dims: 1 Start: 0 Shape:  10000000 Stride:  1 Type: BH_FLOAT32 Data: (nil), Base: (nil)  ]
}
BH_FREE OPS=1{
  OP0 [ Addr: 0x207f700 Dims: 1 Start: 0 Shape:  10000000 Stride:  1 Type: BH_FLOAT32 Data: 0x7fc3cb928000, Base: (nil)  ]
}
BH_DISCARD OPS=1{
  OP0 [ Addr: 0x207f700 Dims: 1 Start: 0 Shape:  10000000 Stride:  1 Type: BH_FLOAT32 Data: (nil), Base: (nil)  ]
}
BH_SQRT OPS=2{
  OP0 [ Addr: 0x245c170 Dims: 1 Start: 0 Shape:  10000000 Stride:  1 Type: BH_FLOAT32 Data: (nil), Base: (nil)  ]
  OP1 [ Addr: 0x245c040 Dims: 1 Start: 0 Shape:  10000000 Stride:  1 Type: BH_FLOAT32 Data: 0x7fc3d77e6000, Base: (nil)  ]
}
BH_FREE OPS=1{
  OP0 [ Addr: 0x245c040 Dims: 1 Start: 0 Shape:  10000000 Stride:  1 Type: BH_FLOAT32 Data: 0x7fc3d77e6000, Base: (nil)  ]
}
BH_DISCARD OPS=1{
  OP0 [ Addr: 0x245c040 Dims: 1 Start: 0 Shape:  10000000 Stride:  1 Type: BH_FLOAT32 Data: (nil), Base: (nil)  ]
}
BH_FREE OPS=1{
  OP0 [ Addr: 0x208da90 Dims: 1 Start: 0 Shape:  10000000 Stride:  1 Type: BH_FLOAT32 Data: 0x7fc3d0574000, Base: (nil)  ]
}
BH_DISCARD OPS=1{
  OP0 [ Addr: 0x208da90 Dims: 1 Start: 0 Shape:  10000000 Stride:  1 Type: BH_FLOAT32 Data: (nil), Base: (nil)  ]
}
BH_LESS OPS=3{
  OP0 [ Addr: 0x245c2a0 Dims: 1 Start: 0 Shape:  10000000 Stride:  1 Type: BH_BOOL Data: (nil), Base: (nil)  ]
  OP1 [ Addr: 0x245c170 Dims: 1 Start: 0 Shape:  10000000 Stride:  1 Type: BH_FLOAT32 Data: 0x7fc3d51c0000, Base: (nil)  ]
  OP2 [ CONST=1.000000 ]
}
BH_IDENTITY OPS=2{
  OP0 [ Addr: 0x20a0bc0 Dims: 1 Start: 0 Shape:  10000000 Stride:  1 Type: BH_FLOAT32 Data: 0x7fc3c6352000, Base: (nil)  ]
  OP1 [ Addr: 0x245c2a0 Dims: 1 Start: 0 Shape:  10000000 Stride:  1 Type: BH_BOOL Data: 0x7fc3caf9e000, Base: (nil)  ]
}
BH_FREE OPS=1{
  OP0 [ Addr: 0x245c2a0 Dims: 1 Start: 0 Shape:  10000000 Stride:  1 Type: BH_BOOL Data: 0x7fc3caf9e000, Base: (nil)  ]
}
BH_DISCARD OPS=1{
  OP0 [ Addr: 0x245c2a0 Dims: 1 Start: 0 Shape:  10000000 Stride:  1 Type: BH_BOOL Data: (nil), Base: (nil)  ]
}
BH_USERFUNC OPS=0{
  OUT0 [ Addr: 0x245c3d0 Dims: 1 Start: 0 Shape:  1 Stride:  1 Type: BH_FLOAT32 Data: (nil), Base: (nil)  ]
  IN1 [ Addr: 0x20a0bc0 Dims: 1 Start: 0 Shape:  10000000 Stride:  1 Type: BH_FLOAT32 Data: 0x7fc3c6352000, Base: (nil)  ]
}
BH_SYNC OPS=1{
  OP0 [ Addr: 0x245c3d0 Dims: 1 Start: 0 Shape:  1 Stride:  1 Type: BH_FLOAT32 Data: 0x7fc3c3d2b000, Base: (nil)  ]
}
BH_FREE OPS=1{
  OP0 [ Addr: 0x245c3d0 Dims: 1 Start: 0 Shape:  1 Stride:  1 Type: BH_FLOAT32 Data: (nil), Base: (nil)  ]
}
BH_DISCARD OPS=1{
  OP0 [ Addr: 0x245c3d0 Dims: 1 Start: 0 Shape:  1 Stride:  1 Type: BH_FLOAT32 Data: (nil), Base: (nil)  ]
}
BH_FREE OPS=1{
  OP0 [ Addr: 0x20a0bc0 Dims: 1 Start: 0 Shape:  10000000 Stride:  1 Type: BH_FLOAT32 Data: 0x7fc3c6352000, Base: (nil)  ]
}
BH_DISCARD OPS=1{
  OP0 [ Addr: 0x20a0bc0 Dims: 1 Start: 0 Shape:  10000000 Stride:  1 Type: BH_FLOAT32 Data: (nil), Base: (nil)  ]
}
BH_ADD OPS=3{
  OP0 [ Addr: 0x23a7f60 Dims: 1 Start: 0 Shape:  1 Stride:  1 Type: BH_FLOAT64 Data: 0x7fc3dcdba000, Base: (nil)  ]
  OP1 [ Addr: 0x23a7f60 Dims: 1 Start: 0 Shape:  1 Stride:  1 Type: BH_FLOAT64 Data: 0x7fc3dcdba000, Base: (nil)  ]
  OP2 [ CONST=3.142132 ]
}
BH_USERFUNC OPS=0{
  OUT0 [ Addr: 0x245c2a0 Dims: 1 Start: 0 Shape:  10000000 Stride:  1 Type: BH_FLOAT32 Data: (nil), Base: (nil)  ]
}
BH_FREE OPS=1{
  OP0 [ Addr: 0x24601e0 Dims: 1 Start: 0 Shape:  10000000 Stride:  1 Type: BH_FLOAT32 Data: 0x7fc3dcdbb000, Base: (nil)  ]
}
BH_DISCARD OPS=1{
  OP0 [ Addr: 0x24601e0 Dims: 1 Start: 0 Shape:  10000000 Stride:  1 Type: BH_FLOAT32 Data: (nil), Base: (nil)  ]
}
BH_USERFUNC OPS=0{
  OUT0 [ Addr: 0x2460310 Dims: 1 Start: 0 Shape:  10000000 Stride:  1 Type: BH_FLOAT32 Data: (nil), Base: (nil)  ]
}
BH_FREE OPS=1{
  OP0 [ Addr: 0x2081700 Dims: 1 Start: 0 Shape:  10000000 Stride:  1 Type: BH_FLOAT32 Data: 0x7fc3c3d2c000, Base: (nil)  ]
}
BH_DISCARD OPS=1{
  OP0 [ Addr: 0x2081700 Dims: 1 Start: 0 Shape:  10000000 Stride:  1 Type: BH_FLOAT32 Data: (nil), Base: (nil)  ]
}
BH_MULTIPLY OPS=3{
  OP0 [ Addr: 0x204a730 Dims: 1 Start: 0 Shape:  10000000 Stride:  1 Type: BH_FLOAT32 Data: (nil), Base: (nil)  ]
  OP1 [ Addr: 0x245c2a0 Dims: 1 Start: 0 Shape:  10000000 Stride:  1 Type: BH_FLOAT32 Data: 0x7fc3df3e2000, Base: (nil)  ]
  OP2 [ Addr: 0x245c2a0 Dims: 1 Start: 0 Shape:  10000000 Stride:  1 Type: BH_FLOAT32 Data: 0x7fc3df3e2000, Base: (nil)  ]
}
BH_MULTIPLY OPS=3{
  OP0 [ Addr: 0x208da90 Dims: 1 Start: 0 Shape:  10000000 Stride:  1 Type: BH_FLOAT32 Data: (nil), Base: (nil)  ]
  OP1 [ Addr: 0x2460310 Dims: 1 Start: 0 Shape:  10000000 Stride:  1 Type: BH_FLOAT32 Data: 0x7fc3bcaba000, Base: (nil)  ]
  OP2 [ Addr: 0x2460310 Dims: 1 Start: 0 Shape:  10000000 Stride:  1 Type: BH_FLOAT32 Data: 0x7fc3bcaba000, Base: (nil)  ]
}
BH_ADD OPS=3{
  OP0 [ Addr: 0x245bf10 Dims: 1 Start: 0 Shape:  10000000 Stride:  1 Type: BH_FLOAT32 Data: (nil), Base: (nil)  ]
  OP1 [ Addr: 0x204a730 Dims: 1 Start: 0 Shape:  10000000 Stride:  1 Type: BH_FLOAT32 Data: 0x7fc3d0574000, Base: (nil)  ]
  OP2 [ Addr: 0x208da90 Dims: 1 Start: 0 Shape:  10000000 Stride:  1 Type: BH_FLOAT32 Data: 0x7fc3c6352000, Base: (nil)  ]
}
BH_FREE OPS=1{
  OP0 [ Addr: 0x204a730 Dims: 1 Start: 0 Shape:  10000000 Stride:  1 Type: BH_FLOAT32 Data: 0x7fc3d0574000, Base: (nil)  ]
}
BH_DISCARD OPS=1{
  OP0 [ Addr: 0x204a730 Dims: 1 Start: 0 Shape:  10000000 Stride:  1 Type: BH_FLOAT32 Data: (nil), Base: (nil)  ]
}
BH_FREE OPS=1{
  OP0 [ Addr: 0x208da90 Dims: 1 Start: 0 Shape:  10000000 Stride:  1 Type: BH_FLOAT32 Data: 0x7fc3c6352000, Base: (nil)  ]
}
BH_DISCARD OPS=1{
  OP0 [ Addr: 0x208da90 Dims: 1 Start: 0 Shape:  10000000 Stride:  1 Type: BH_FLOAT32 Data: (nil), Base: (nil)  ]
}
BH_SQRT OPS=2{
  OP0 [ Addr: 0x245c040 Dims: 1 Start: 0 Shape:  10000000 Stride:  1 Type: BH_FLOAT32 Data: (nil), Base: (nil)  ]
  OP1 [ Addr: 0x245bf10 Dims: 1 Start: 0 Shape:  10000000 Stride:  1 Type: BH_FLOAT32 Data: 0x7fc3dcdbb000, Base: (nil)  ]
}
BH_FREE OPS=1{
  OP0 [ Addr: 0x245bf10 Dims: 1 Start: 0 Shape:  10000000 Stride:  1 Type: BH_FLOAT32 Data: 0x7fc3dcdbb000, Base: (nil)  ]
}
BH_DISCARD OPS=1{
  OP0 [ Addr: 0x245bf10 Dims: 1 Start: 0 Shape:  10000000 Stride:  1 Type: BH_FLOAT32 Data: (nil), Base: (nil)  ]
}
BH_FREE OPS=1{
  OP0 [ Addr: 0x245c170 Dims: 1 Start: 0 Shape:  10000000 Stride:  1 Type: BH_FLOAT32 Data: 0x7fc3d51c0000, Base: (nil)  ]
}
BH_DISCARD OPS=1{
  OP0 [ Addr: 0x245c170 Dims: 1 Start: 0 Shape:  10000000 Stride:  1 Type: BH_FLOAT32 Data: (nil), Base: (nil)  ]
}
BH_LESS OPS=3{
  OP0 [ Addr: 0x207f5d0 Dims: 1 Start: 0 Shape:  10000000 Stride:  1 Type: BH_BOOL Data: (nil), Base: (nil)  ]
  OP1 [ Addr: 0x245c040 Dims: 1 Start: 0 Shape:  10000000 Stride:  1 Type: BH_FLOAT32 Data: 0x7fc3c3d2c000, Base: (nil)  ]
  OP2 [ CONST=1.000000 ]
}
BH_IDENTITY OPS=2{
  OP0 [ Addr: 0x207f700 Dims: 1 Start: 0 Shape:  10000000 Stride:  1 Type: BH_FLOAT32 Data: 0x7fc3bf0e0000, Base: (nil)  ]
  OP1 [ Addr: 0x207f5d0 Dims: 1 Start: 0 Shape:  10000000 Stride:  1 Type: BH_BOOL Data: 0x7fc3caf9e000, Base: (nil)  ]
}
BH_FREE OPS=1{
  OP0 [ Addr: 0x207f5d0 Dims: 1 Start: 0 Shape:  10000000 Stride:  1 Type: BH_BOOL Data: 0x7fc3caf9e000, Base: (nil)  ]
}
BH_DISCARD OPS=1{
  OP0 [ Addr: 0x207f5d0 Dims: 1 Start: 0 Shape:  10000000 Stride:  1 Type: BH_BOOL Data: (nil), Base: (nil)  ]
}
BH_USERFUNC OPS=0{
  OUT0 [ Addr: 0x2071090 Dims: 1 Start: 0 Shape:  1 Stride:  1 Type: BH_FLOAT32 Data: (nil), Base: (nil)  ]
  IN1 [ Addr: 0x207f700 Dims: 1 Start: 0 Shape:  10000000 Stride:  1 Type: BH_FLOAT32 Data: 0x7fc3bf0e0000, Base: (nil)  ]
}
BH_SYNC OPS=1{
  OP0 [ Addr: 0x2071090 Dims: 1 Start: 0 Shape:  1 Stride:  1 Type: BH_FLOAT32 Data: 0x7fc3da793000, Base: (nil)  ]
}
BH_FREE OPS=1{
  OP0 [ Addr: 0x2071090 Dims: 1 Start: 0 Shape:  1 Stride:  1 Type: BH_FLOAT32 Data: (nil), Base: (nil)  ]
}
BH_DISCARD OPS=1{
  OP0 [ Addr: 0x2071090 Dims: 1 Start: 0 Shape:  1 Stride:  1 Type: BH_FLOAT32 Data: (nil), Base: (nil)  ]
}
BH_FREE OPS=1{
  OP0 [ Addr: 0x207f700 Dims: 1 Start: 0 Shape:  10000000 Stride:  1 Type: BH_FLOAT32 Data: 0x7fc3bf0e0000, Base: (nil)  ]
}
BH_DISCARD OPS=1{
  OP0 [ Addr: 0x207f700 Dims: 1 Start: 0 Shape:  10000000 Stride:  1 Type: BH_FLOAT32 Data: (nil), Base: (nil)  ]
}
BH_ADD OPS=3{
  OP0 [ Addr: 0x23a7f60 Dims: 1 Start: 0 Shape:  1 Stride:  1 Type: BH_FLOAT64 Data: 0x7fc3dcdba000, Base: (nil)  ]
  OP1 [ Addr: 0x23a7f60 Dims: 1 Start: 0 Shape:  1 Stride:  1 Type: BH_FLOAT64 Data: 0x7fc3dcdba000, Base: (nil)  ]
  OP2 [ CONST=3.142162 ]
}
BH_USERFUNC OPS=0{
  OUT0 [ Addr: 0x24601e0 Dims: 1 Start: 0 Shape:  10000000 Stride:  1 Type: BH_FLOAT32 Data: (nil), Base: (nil)  ]
}
BH_FREE OPS=1{
  OP0 [ Addr: 0x245c2a0 Dims: 1 Start: 0 Shape:  10000000 Stride:  1 Type: BH_FLOAT32 Data: 0x7fc3df3e2000, Base: (nil)  ]
}
BH_DISCARD OPS=1{
  OP0 [ Addr: 0x245c2a0 Dims: 1 Start: 0 Shape:  10000000 Stride:  1 Type: BH_FLOAT32 Data: (nil), Base: (nil)  ]
}
BH_USERFUNC OPS=0{
  OUT0 [ Addr: 0x245bf10 Dims: 1 Start: 0 Shape:  10000000 Stride:  1 Type: BH_FLOAT32 Data: (nil), Base: (nil)  ]
}
BH_FREE OPS=1{
  OP0 [ Addr: 0x2460310 Dims: 1 Start: 0 Shape:  10000000 Stride:  1 Type: BH_FLOAT32 Data: 0x7fc3bcaba000, Base: (nil)  ]
}
BH_DISCARD OPS=1{
  OP0 [ Addr: 0x2460310 Dims: 1 Start: 0 Shape:  10000000 Stride:  1 Type: BH_FLOAT32 Data: (nil), Base: (nil)  ]
}
BH_MULTIPLY OPS=3{
  OP0 [ Addr: 0x245c170 Dims: 1 Start: 0 Shape:  10000000 Stride:  1 Type: BH_FLOAT32 Data: (nil), Base: (nil)  ]
  OP1 [ Addr: 0x24601e0 Dims: 1 Start: 0 Shape:  10000000 Stride:  1 Type: BH_FLOAT32 Data: 0x7fc3e1a08000, Base: (nil)  ]
  OP2 [ Addr: 0x24601e0 Dims: 1 Start: 0 Shape:  10000000 Stride:  1 Type: BH_FLOAT32 Data: 0x7fc3e1a08000, Base: (nil)  ]
}
BH_MULTIPLY OPS=3{
  OP0 [ Addr: 0x207f5d0 Dims: 1 Start: 0 Shape:  10000000 Stride:  1 Type: BH_FLOAT32 Data: (nil), Base: (nil)  ]
  OP1 [ Addr: 0x245bf10 Dims: 1 Start: 0 Shape:  10000000 Stride:  1 Type: BH_FLOAT32 Data: 0x7fc3c8978000, Base: (nil)  ]
  OP2 [ Addr: 0x245bf10 Dims: 1 Start: 0 Shape:  10000000 Stride:  1 Type: BH_FLOAT32 Data: 0x7fc3c8978000, Base: (nil)  ]
}
BH_ADD OPS=3{
  OP0 [ Addr: 0x2081700 Dims: 1 Start: 0 Shape:  10000000 Stride:  1 Type: BH_FLOAT32 Data: (nil), Base: (nil)  ]
  OP1 [ Addr: 0x245c170 Dims: 1 Start: 0 Shape:  10000000 Stride:  1 Type: BH_FLOAT32 Data: 0x7fc3bf0e0000, Base: (nil)  ]
  OP2 [ Addr: 0x207f5d0 Dims: 1 Start: 0 Shape:  10000000 Stride:  1 Type: BH_FLOAT32 Data: 0x7fc3df3e2000, Base: (nil)  ]
}
BH_FREE OPS=1{
  OP0 [ Addr: 0x245c170 Dims: 1 Start: 0 Shape:  10000000 Stride:  1 Type: BH_FLOAT32 Data: 0x7fc3bf0e0000, Base: (nil)  ]
}
BH_DISCARD OPS=1{
  OP0 [ Addr: 0x245c170 Dims: 1 Start: 0 Shape:  10000000 Stride:  1 Type: BH_FLOAT32 Data: (nil), Base: (nil)  ]
}
BH_FREE OPS=1{
  OP0 [ Addr: 0x207f5d0 Dims: 1 Start: 0 Shape:  10000000 Stride:  1 Type: BH_FLOAT32 Data: 0x7fc3df3e2000, Base: (nil)  ]
}
BH_DISCARD OPS=1{
  OP0 [ Addr: 0x207f5d0 Dims: 1 Start: 0 Shape:  10000000 Stride:  1 Type: BH_FLOAT32 Data: (nil), Base: (nil)  ]
}
BH_SQRT OPS=2{
  OP0 [ Addr: 0x20a0bc0 Dims: 1 Start: 0 Shape:  10000000 Stride:  1 Type: BH_FLOAT32 Data: (nil), Base: (nil)  ]
  OP1 [ Addr: 0x2081700 Dims: 1 Start: 0 Shape:  10000000 Stride:  1 Type: BH_FLOAT32 Data: 0x7fc3bcaba000, Base: (nil)  ]
}
BH_FREE OPS=1{
  OP0 [ Addr: 0x2081700 Dims: 1 Start: 0 Shape:  10000000 Stride:  1 Type: BH_FLOAT32 Data: 0x7fc3bcaba000, Base: (nil)  ]
}
BH_DISCARD OPS=1{
  OP0 [ Addr: 0x2081700 Dims: 1 Start: 0 Shape:  10000000 Stride:  1 Type: BH_FLOAT32 Data: (nil), Base: (nil)  ]
}
BH_FREE OPS=1{
  OP0 [ Addr: 0x245c040 Dims: 1 Start: 0 Shape:  10000000 Stride:  1 Type: BH_FLOAT32 Data: 0x7fc3c3d2c000, Base: (nil)  ]
}
BH_DISCARD OPS=1{
  OP0 [ Addr: 0x245c040 Dims: 1 Start: 0 Shape:  10000000 Stride:  1 Type: BH_FLOAT32 Data: (nil), Base: (nil)  ]
}
BH_LESS OPS=3{
  OP0 [ Addr: 0x208da90 Dims: 1 Start: 0 Shape:  10000000 Stride:  1 Type: BH_BOOL Data: (nil), Base: (nil)  ]
  OP1 [ Addr: 0x20a0bc0 Dims: 1 Start: 0 Shape:  10000000 Stride:  1 Type: BH_FLOAT32 Data: 0x7fc3bf0e0000, Base: (nil)  ]
  OP2 [ CONST=1.000000 ]
}
BH_IDENTITY OPS=2{
  OP0 [ Addr: 0x204a730 Dims: 1 Start: 0 Shape:  10000000 Stride:  1 Type: BH_FLOAT32 Data: 0x7fc3cb928000, Base: (nil)  ]
  OP1 [ Addr: 0x208da90 Dims: 1 Start: 0 Shape:  10000000 Stride:  1 Type: BH_BOOL Data: 0x7fc3caf9e000, Base: (nil)  ]
}
BH_FREE OPS=1{
  OP0 [ Addr: 0x208da90 Dims: 1 Start: 0 Shape:  10000000 Stride:  1 Type: BH_BOOL Data: 0x7fc3caf9e000, Base: (nil)  ]
}
BH_DISCARD OPS=1{
  OP0 [ Addr: 0x208da90 Dims: 1 Start: 0 Shape:  10000000 Stride:  1 Type: BH_BOOL Data: (nil), Base: (nil)  ]
}
BH_USERFUNC OPS=0{
  OUT0 [ Addr: 0x245c3d0 Dims: 1 Start: 0 Shape:  1 Stride:  1 Type: BH_FLOAT32 Data: (nil), Base: (nil)  ]
  IN1 [ Addr: 0x204a730 Dims: 1 Start: 0 Shape:  10000000 Stride:  1 Type: BH_FLOAT32 Data: 0x7fc3cb928000, Base: (nil)  ]
}
BH_SYNC OPS=1{
  OP0 [ Addr: 0x245c3d0 Dims: 1 Start: 0 Shape:  1 Stride:  1 Type: BH_FLOAT32 Data: 0x7fc3ea028000, Base: (nil)  ]
}
BH_FREE OPS=1{
  OP0 [ Addr: 0x245c3d0 Dims: 1 Start: 0 Shape:  1 Stride:  1 Type: BH_FLOAT32 Data: (nil), Base: (nil)  ]
}
BH_DISCARD OPS=1{
  OP0 [ Addr: 0x245c3d0 Dims: 1 Start: 0 Shape:  1 Stride:  1 Type: BH_FLOAT32 Data: (nil), Base: (nil)  ]
}
BH_FREE OPS=1{
  OP0 [ Addr: 0x204a730 Dims: 1 Start: 0 Shape:  10000000 Stride:  1 Type: BH_FLOAT32 Data: 0x7fc3cb928000, Base: (nil)  ]
}
BH_DISCARD OPS=1{
  OP0 [ Addr: 0x204a730 Dims: 1 Start: 0 Shape:  10000000 Stride:  1 Type: BH_FLOAT32 Data: (nil), Base: (nil)  ]
}
BH_ADD OPS=3{
  OP0 [ Addr: 0x23a7f60 Dims: 1 Start: 0 Shape:  1 Stride:  1 Type: BH_FLOAT64 Data: 0x7fc3dcdba000, Base: (nil)  ]
  OP1 [ Addr: 0x23a7f60 Dims: 1 Start: 0 Shape:  1 Stride:  1 Type: BH_FLOAT64 Data: 0x7fc3dcdba000, Base: (nil)  ]
  OP2 [ CONST=3.141536 ]
}
BH_USERFUNC OPS=0{
  OUT0 [ Addr: 0x2460310 Dims: 1 Start: 0 Shape:  10000000 Stride:  1 Type: BH_FLOAT32 Data: (nil), Base: (nil)  ]
}
BH_FREE OPS=1{
  OP0 [ Addr: 0x24601e0 Dims: 1 Start: 0 Shape:  10000000 Stride:  1 Type: BH_FLOAT32 Data: 0x7fc3e1a08000, Base: (nil)  ]
}
BH_DISCARD OPS=1{
  OP0 [ Addr: 0x24601e0 Dims: 1 Start: 0 Shape:  10000000 Stride:  1 Type: BH_FLOAT32 Data: (nil), Base: (nil)  ]
}
BH_USERFUNC OPS=0{
  OUT0 [ Addr: 0x2081700 Dims: 1 Start: 0 Shape:  10000000 Stride:  1 Type: BH_FLOAT32 Data: (nil), Base: (nil)  ]
}
BH_FREE OPS=1{
  OP0 [ Addr: 0x245bf10 Dims: 1 Start: 0 Shape:  10000000 Stride:  1 Type: BH_FLOAT32 Data: 0x7fc3c8978000, Base: (nil)  ]
}
BH_DISCARD OPS=1{
  OP0 [ Addr: 0x245bf10 Dims: 1 Start: 0 Shape:  10000000 Stride:  1 Type: BH_FLOAT32 Data: (nil), Base: (nil)  ]
}
BH_MULTIPLY OPS=3{
  OP0 [ Addr: 0x208da90 Dims: 1 Start: 0 Shape:  10000000 Stride:  1 Type: BH_FLOAT32 Data: (nil), Base: (nil)  ]
  OP1 [ Addr: 0x2460310 Dims: 1 Start: 0 Shape:  10000000 Stride:  1 Type: BH_FLOAT32 Data: 0x7fc3da794000, Base: (nil)  ]
  OP2 [ Addr: 0x2460310 Dims: 1 Start: 0 Shape:  10000000 Stride:  1 Type: BH_FLOAT32 Data: 0x7fc3da794000, Base: (nil)  ]
}
BH_MULTIPLY OPS=3{
  OP0 [ Addr: 0x207f5d0 Dims: 1 Start: 0 Shape:  10000000 Stride:  1 Type: BH_FLOAT32 Data: (nil), Base: (nil)  ]
  OP1 [ Addr: 0x2081700 Dims: 1 Start: 0 Shape:  10000000 Stride:  1 Type: BH_FLOAT32 Data: 0x7fc3d5b48000, Base: (nil)  ]
  OP2 [ Addr: 0x2081700 Dims: 1 Start: 0 Shape:  10000000 Stride:  1 Type: BH_FLOAT32 Data: 0x7fc3d5b48000, Base: (nil)  ]
}
BH_ADD OPS=3{
  OP0 [ Addr: 0x207f700 Dims: 1 Start: 0 Shape:  10000000 Stride:  1 Type: BH_FLOAT32 Data: (nil), Base: (nil)  ]
  OP1 [ Addr: 0x208da90 Dims: 1 Start: 0 Shape:  10000000 Stride:  1 Type: BH_FLOAT32 Data: 0x7fc3c8978000, Base: (nil)  ]
  OP2 [ Addr: 0x207f5d0 Dims: 1 Start: 0 Shape:  10000000 Stride:  1 Type: BH_FLOAT32 Data: 0x7fc3df3e2000, Base: (nil)  ]
}
BH_FREE OPS=1{
  OP0 [ Addr: 0x208da90 Dims: 1 Start: 0 Shape:  10000000 Stride:  1 Type: BH_FLOAT32 Data: 0x7fc3c8978000, Base: (nil)  ]
}
BH_DISCARD OPS=1{
  OP0 [ Addr: 0x208da90 Dims: 1 Start: 0 Shape:  10000000 Stride:  1 Type: BH_FLOAT32 Data: (nil), Base: (nil)  ]
}
BH_FREE OPS=1{
  OP0 [ Addr: 0x207f5d0 Dims: 1 Start: 0 Shape:  10000000 Stride:  1 Type: BH_FLOAT32 Data: 0x7fc3df3e2000, Base: (nil)  ]
}
BH_DISCARD OPS=1{
  OP0 [ Addr: 0x207f5d0 Dims: 1 Start: 0 Shape:  10000000 Stride:  1 Type: BH_FLOAT32 Data: (nil), Base: (nil)  ]
}
BH_SQRT OPS=2{
  OP0 [ Addr: 0x245c040 Dims: 1 Start: 0 Shape:  10000000 Stride:  1 Type: BH_FLOAT32 Data: (nil), Base: (nil)  ]
  OP1 [ Addr: 0x207f700 Dims: 1 Start: 0 Shape:  10000000 Stride:  1 Type: BH_FLOAT32 Data: 0x7fc3bcaba000, Base: (nil)  ]
}
BH_FREE OPS=1{
  OP0 [ Addr: 0x207f700 Dims: 1 Start: 0 Shape:  10000000 Stride:  1 Type: BH_FLOAT32 Data: 0x7fc3bcaba000, Base: (nil)  ]
}
BH_DISCARD OPS=1{
  OP0 [ Addr: 0x207f700 Dims: 1 Start: 0 Shape:  10000000 Stride:  1 Type: BH_FLOAT32 Data: (nil), Base: (nil)  ]
}
BH_FREE OPS=1{
  OP0 [ Addr: 0x20a0bc0 Dims: 1 Start: 0 Shape:  10000000 Stride:  1 Type: BH_FLOAT32 Data: 0x7fc3bf0e0000, Base: (nil)  ]
}
BH_DISCARD OPS=1{
  OP0 [ Addr: 0x20a0bc0 Dims: 1 Start: 0 Shape:  10000000 Stride:  1 Type: BH_FLOAT32 Data: (nil), Base: (nil)  ]
}
BH_LESS OPS=3{
  OP0 [ Addr: 0x245c170 Dims: 1 Start: 0 Shape:  10000000 Stride:  1 Type: BH_BOOL Data: (nil), Base: (nil)  ]
  OP1 [ Addr: 0x245c040 Dims: 1 Start: 0 Shape:  10000000 Stride:  1 Type: BH_FLOAT32 Data: 0x7fc3c8978000, Base: (nil)  ]
  OP2 [ CONST=1.000000 ]
}
BH_IDENTITY OPS=2{
  OP0 [ Addr: 0x245c2a0 Dims: 1 Start: 0 Shape:  10000000 Stride:  1 Type: BH_FLOAT32 Data: 0x7fc3cdf4e000, Base: (nil)  ]
  OP1 [ Addr: 0x245c170 Dims: 1 Start: 0 Shape:  10000000 Stride:  1 Type: BH_BOOL Data: 0x7fc3caf9e000, Base: (nil)  ]
}
BH_FREE OPS=1{
  OP0 [ Addr: 0x245c170 Dims: 1 Start: 0 Shape:  10000000 Stride:  1 Type: BH_BOOL Data: 0x7fc3caf9e000, Base: (nil)  ]
}
BH_DISCARD OPS=1{
  OP0 [ Addr: 0x245c170 Dims: 1 Start: 0 Shape:  10000000 Stride:  1 Type: BH_BOOL Data: (nil), Base: (nil)  ]
}
BH_USERFUNC OPS=0{
  OUT0 [ Addr: 0x2071090 Dims: 1 Start: 0 Shape:  1 Stride:  1 Type: BH_FLOAT32 Data: (nil), Base: (nil)  ]
  IN1 [ Addr: 0x245c2a0 Dims: 1 Start: 0 Shape:  10000000 Stride:  1 Type: BH_FLOAT32 Data: 0x7fc3cdf4e000, Base: (nil)  ]
}
BH_SYNC OPS=1{
  OP0 [ Addr: 0x2071090 Dims: 1 Start: 0 Shape:  1 Stride:  1 Type: BH_FLOAT32 Data: 0x7fc3ea028000, Base: (nil)  ]
}
BH_FREE OPS=1{
  OP0 [ Addr: 0x2071090 Dims: 1 Start: 0 Shape:  1 Stride:  1 Type: BH_FLOAT32 Data: (nil), Base: (nil)  ]
}
BH_DISCARD OPS=1{
  OP0 [ Addr: 0x2071090 Dims: 1 Start: 0 Shape:  1 Stride:  1 Type: BH_FLOAT32 Data: (nil), Base: (nil)  ]
}
BH_FREE OPS=1{
  OP0 [ Addr: 0x245c2a0 Dims: 1 Start: 0 Shape:  10000000 Stride:  1 Type: BH_FLOAT32 Data: 0x7fc3cdf4e000, Base: (nil)  ]
}
BH_DISCARD OPS=1{
  OP0 [ Addr: 0x245c2a0 Dims: 1 Start: 0 Shape:  10000000 Stride:  1 Type: BH_FLOAT32 Data: (nil), Base: (nil)  ]
}
BH_ADD OPS=3{
  OP0 [ Addr: 0x23a7f60 Dims: 1 Start: 0 Shape:  1 Stride:  1 Type: BH_FLOAT64 Data: 0x7fc3dcdba000, Base: (nil)  ]
  OP1 [ Addr: 0x23a7f60 Dims: 1 Start: 0 Shape:  1 Stride:  1 Type: BH_FLOAT64 Data: 0x7fc3dcdba000, Base: (nil)  ]
  OP2 [ CONST=3.140988 ]
}
BH_USERFUNC OPS=0{
  OUT0 [ Addr: 0x24601e0 Dims: 1 Start: 0 Shape:  10000000 Stride:  1 Type: BH_FLOAT32 Data: (nil), Base: (nil)  ]
}
BH_FREE OPS=1{
  OP0 [ Addr: 0x2460310 Dims: 1 Start: 0 Shape:  10000000 Stride:  1 Type: BH_FLOAT32 Data: 0x7fc3da794000, Base: (nil)  ]
}
BH_DISCARD OPS=1{
  OP0 [ Addr: 0x2460310 Dims: 1 Start: 0 Shape:  10000000 Stride:  1 Type: BH_FLOAT32 Data: (nil), Base: (nil)  ]
}
BH_USERFUNC OPS=0{
  OUT0 [ Addr: 0x245bf10 Dims: 1 Start: 0 Shape:  10000000 Stride:  1 Type: BH_FLOAT32 Data: (nil), Base: (nil)  ]
}
BH_FREE OPS=1{
  OP0 [ Addr: 0x2081700 Dims: 1 Start: 0 Shape:  10000000 Stride:  1 Type: BH_FLOAT32 Data: 0x7fc3d5b48000, Base: (nil)  ]
}
BH_DISCARD OPS=1{
  OP0 [ Addr: 0x2081700 Dims: 1 Start: 0 Shape:  10000000 Stride:  1 Type: BH_FLOAT32 Data: (nil), Base: (nil)  ]
}
BH_MULTIPLY OPS=3{
  OP0 [ Addr: 0x245c170 Dims: 1 Start: 0 Shape:  10000000 Stride:  1 Type: BH_FLOAT32 Data: (nil), Base: (nil)  ]
  OP1 [ Addr: 0x24601e0 Dims: 1 Start: 0 Shape:  10000000 Stride:  1 Type: BH_FLOAT32 Data: 0x7fc3d3522000, Base: (nil)  ]
  OP2 [ Addr: 0x24601e0 Dims: 1 Start: 0 Shape:  10000000 Stride:  1 Type: BH_FLOAT32 Data: 0x7fc3d3522000, Base: (nil)  ]
}
BH_MULTIPLY OPS=3{
  OP0 [ Addr: 0x20a0bc0 Dims: 1 Start: 0 Shape:  10000000 Stride:  1 Type: BH_FLOAT32 Data: (nil), Base: (nil)  ]
  OP1 [ Addr: 0x245bf10 Dims: 1 Start: 0 Shape:  10000000 Stride:  1 Type: BH_FLOAT32 Data: 0x7fc3c3d2c000, Base: (nil)  ]
  OP2 [ Addr: 0x245bf10 Dims: 1 Start: 0 Shape:  10000000 Stride:  1 Type: BH_FLOAT32 Data: 0x7fc3c3d2c000, Base: (nil)  ]
}
BH_ADD OPS=3{
  OP0 [ Addr: 0x208da90 Dims: 1 Start: 0 Shape:  10000000 Stride:  1 Type: BH_FLOAT32 Data: (nil), Base: (nil)  ]
  OP1 [ Addr: 0x245c170 Dims: 1 Start: 0 Shape:  10000000 Stride:  1 Type: BH_FLOAT32 Data: 0x7fc3df3e2000, Base: (nil)  ]
  OP2 [ Addr: 0x20a0bc0 Dims: 1 Start: 0 Shape:  10000000 Stride:  1 Type: BH_FLOAT32 Data: 0x7fc3bcaba000, Base: (nil)  ]
}
BH_FREE OPS=1{
  OP0 [ Addr: 0x245c170 Dims: 1 Start: 0 Shape:  10000000 Stride:  1 Type: BH_FLOAT32 Data: 0x7fc3df3e2000, Base: (nil)  ]
}
BH_DISCARD OPS=1{
  OP0 [ Addr: 0x245c170 Dims: 1 Start: 0 Shape:  10000000 Stride:  1 Type: BH_FLOAT32 Data: (nil), Base: (nil)  ]
}
BH_FREE OPS=1{
  OP0 [ Addr: 0x20a0bc0 Dims: 1 Start: 0 Shape:  10000000 Stride:  1 Type: BH_FLOAT32 Data: 0x7fc3bcaba000, Base: (nil)  ]
}
BH_DISCARD OPS=1{
  OP0 [ Addr: 0x20a0bc0 Dims: 1 Start: 0 Shape:  10000000 Stride:  1 Type: BH_FLOAT32 Data: (nil), Base: (nil)  ]
}
BH_SQRT OPS=2{
  OP0 [ Addr: 0x207f5d0 Dims: 1 Start: 0 Shape:  10000000 Stride:  1 Type: BH_FLOAT32 Data: (nil), Base: (nil)  ]
  OP1 [ Addr: 0x208da90 Dims: 1 Start: 0 Shape:  10000000 Stride:  1 Type: BH_FLOAT32 Data: 0x7fc3bf0e0000, Base: (nil)  ]
}
BH_FREE OPS=1{
  OP0 [ Addr: 0x208da90 Dims: 1 Start: 0 Shape:  10000000 Stride:  1 Type: BH_FLOAT32 Data: 0x7fc3bf0e0000, Base: (nil)  ]
}
BH_DISCARD OPS=1{
  OP0 [ Addr: 0x208da90 Dims: 1 Start: 0 Shape:  10000000 Stride:  1 Type: BH_FLOAT32 Data: (nil), Base: (nil)  ]
}
BH_FREE OPS=1{
  OP0 [ Addr: 0x245c040 Dims: 1 Start: 0 Shape:  10000000 Stride:  1 Type: BH_FLOAT32 Data: 0x7fc3c8978000, Base: (nil)  ]
}
BH_DISCARD OPS=1{
  OP0 [ Addr: 0x245c040 Dims: 1 Start: 0 Shape:  10000000 Stride:  1 Type: BH_FLOAT32 Data: (nil), Base: (nil)  ]
}
BH_LESS OPS=3{
  OP0 [ Addr: 0x207f700 Dims: 1 Start: 0 Shape:  10000000 Stride:  1 Type: BH_BOOL Data: (nil), Base: (nil)  ]
  OP1 [ Addr: 0x207f5d0 Dims: 1 Start: 0 Shape:  10000000 Stride:  1 Type: BH_FLOAT32 Data: 0x7fc3bcaba000, Base: (nil)  ]
  OP2 [ CONST=1.000000 ]
}
BH_IDENTITY OPS=2{
  OP0 [ Addr: 0x204a730 Dims: 1 Start: 0 Shape:  10000000 Stride:  1 Type: BH_FLOAT32 Data: 0x7fc3c1706000, Base: (nil)  ]
  OP1 [ Addr: 0x207f700 Dims: 1 Start: 0 Shape:  10000000 Stride:  1 Type: BH_BOOL Data: 0x7fc3caf9e000, Base: (nil)  ]
}
BH_FREE OPS=1{
  OP0 [ Addr: 0x207f700 Dims: 1 Start: 0 Shape:  10000000 Stride:  1 Type: BH_BOOL Data: 0x7fc3caf9e000, Base: (nil)  ]
}
BH_DISCARD OPS=1{
  OP0 [ Addr: 0x207f700 Dims: 1 Start: 0 Shape:  10000000 Stride:  1 Type: BH_BOOL Data: (nil), Base: (nil)  ]
}
BH_USERFUNC OPS=0{
  OUT0 [ Addr: 0x245c3d0 Dims: 1 Start: 0 Shape:  1 Stride:  1 Type: BH_FLOAT32 Data: (nil), Base: (nil)  ]
  IN1 [ Addr: 0x204a730 Dims: 1 Start: 0 Shape:  10000000 Stride:  1 Type: BH_FLOAT32 Data: 0x7fc3c1706000, Base: (nil)  ]
}
BH_SYNC OPS=1{
  OP0 [ Addr: 0x245c3d0 Dims: 1 Start: 0 Shape:  1 Stride:  1 Type: BH_FLOAT32 Data: 0x7fc3e402d000, Base: (nil)  ]
}
BH_FREE OPS=1{
  OP0 [ Addr: 0x245c3d0 Dims: 1 Start: 0 Shape:  1 Stride:  1 Type: BH_FLOAT32 Data: (nil), Base: (nil)  ]
}
BH_DISCARD OPS=1{
  OP0 [ Addr: 0x245c3d0 Dims: 1 Start: 0 Shape:  1 Stride:  1 Type: BH_FLOAT32 Data: (nil), Base: (nil)  ]
}
BH_FREE OPS=1{
  OP0 [ Addr: 0x204a730 Dims: 1 Start: 0 Shape:  10000000 Stride:  1 Type: BH_FLOAT32 Data: 0x7fc3c1706000, Base: (nil)  ]
}
BH_DISCARD OPS=1{
  OP0 [ Addr: 0x204a730 Dims: 1 Start: 0 Shape:  10000000 Stride:  1 Type: BH_FLOAT32 Data: (nil), Base: (nil)  ]
}
BH_ADD OPS=3{
  OP0 [ Addr: 0x23a7f60 Dims: 1 Start: 0 Shape:  1 Stride:  1 Type: BH_FLOAT64 Data: 0x7fc3dcdba000, Base: (nil)  ]
  OP1 [ Addr: 0x23a7f60 Dims: 1 Start: 0 Shape:  1 Stride:  1 Type: BH_FLOAT64 Data: 0x7fc3dcdba000, Base: (nil)  ]
  OP2 [ CONST=3.142370 ]
}
BH_USERFUNC OPS=0{
  OUT0 [ Addr: 0x207f700 Dims: 1 Start: 0 Shape:  10000000 Stride:  1 Type: BH_FLOAT32 Data: (nil), Base: (nil)  ]
}
BH_FREE OPS=1{
  OP0 [ Addr: 0x24601e0 Dims: 1 Start: 0 Shape:  10000000 Stride:  1 Type: BH_FLOAT32 Data: 0x7fc3d3522000, Base: (nil)  ]
}
BH_DISCARD OPS=1{
  OP0 [ Addr: 0x24601e0 Dims: 1 Start: 0 Shape:  10000000 Stride:  1 Type: BH_FLOAT32 Data: (nil), Base: (nil)  ]
}
BH_USERFUNC OPS=0{
  OUT0 [ Addr: 0x2460310 Dims: 1 Start: 0 Shape:  10000000 Stride:  1 Type: BH_FLOAT32 Data: (nil), Base: (nil)  ]
}
BH_FREE OPS=1{
  OP0 [ Addr: 0x245bf10 Dims: 1 Start: 0 Shape:  10000000 Stride:  1 Type: BH_FLOAT32 Data: 0x7fc3c3d2c000, Base: (nil)  ]
}
BH_DISCARD OPS=1{
  OP0 [ Addr: 0x245bf10 Dims: 1 Start: 0 Shape:  10000000 Stride:  1 Type: BH_FLOAT32 Data: (nil), Base: (nil)  ]
}
BH_MULTIPLY OPS=3{
  OP0 [ Addr: 0x2081700 Dims: 1 Start: 0 Shape:  10000000 Stride:  1 Type: BH_FLOAT32 Data: (nil), Base: (nil)  ]
  OP1 [ Addr: 0x207f700 Dims: 1 Start: 0 Shape:  10000000 Stride:  1 Type: BH_FLOAT32 Data: 0x7fc3d816e000, Base: (nil)  ]
  OP2 [ Addr: 0x207f700 Dims: 1 Start: 0 Shape:  10000000 Stride:  1 Type: BH_FLOAT32 Data: 0x7fc3d816e000, Base: (nil)  ]
}
BH_MULTIPLY OPS=3{
  OP0 [ Addr: 0x20a0bc0 Dims: 1 Start: 0 Shape:  10000000 Stride:  1 Type: BH_FLOAT32 Data: (nil), Base: (nil)  ]
  OP1 [ Addr: 0x2460310 Dims: 1 Start: 0 Shape:  10000000 Stride:  1 Type: BH_FLOAT32 Data: 0x7fc3ba494000, Base: (nil)  ]
  OP2 [ Addr: 0x2460310 Dims: 1 Start: 0 Shape:  10000000 Stride:  1 Type: BH_FLOAT32 Data: 0x7fc3ba494000, Base: (nil)  ]
}
BH_ADD OPS=3{
  OP0 [ Addr: 0x208da90 Dims: 1 Start: 0 Shape:  10000000 Stride:  1 Type: BH_FLOAT32 Data: (nil), Base: (nil)  ]
  OP1 [ Addr: 0x2081700 Dims: 1 Start: 0 Shape:  10000000 Stride:  1 Type: BH_FLOAT32 Data: 0x7fc3bf0e0000, Base: (nil)  ]
  OP2 [ Addr: 0x20a0bc0 Dims: 1 Start: 0 Shape:  10000000 Stride:  1 Type: BH_FLOAT32 Data: 0x7fc3c8978000, Base: (nil)  ]
}
BH_FREE OPS=1{
  OP0 [ Addr: 0x2081700 Dims: 1 Start: 0 Shape:  10000000 Stride:  1 Type: BH_FLOAT32 Data: 0x7fc3bf0e0000, Base: (nil)  ]
}
BH_DISCARD OPS=1{
  OP0 [ Addr: 0x2081700 Dims: 1 Start: 0 Shape:  10000000 Stride:  1 Type: BH_FLOAT32 Data: (nil), Base: (nil)  ]
}
BH_FREE OPS=1{
  OP0 [ Addr: 0x20a0bc0 Dims: 1 Start: 0 Shape:  10000000 Stride:  1 Type: BH_FLOAT32 Data: 0x7fc3c8978000, Base: (nil)  ]
}
BH_DISCARD OPS=1{
  OP0 [ Addr: 0x20a0bc0 Dims: 1 Start: 0 Shape:  10000000 Stride:  1 Type: BH_FLOAT32 Data: (nil), Base: (nil)  ]
}
BH_SQRT OPS=2{
  OP0 [ Addr: 0x245c040 Dims: 1 Start: 0 Shape:  10000000 Stride:  1 Type: BH_FLOAT32 Data: (nil), Base: (nil)  ]
  OP1 [ Addr: 0x208da90 Dims: 1 Start: 0 Shape:  10000000 Stride:  1 Type: BH_FLOAT32 Data: 0x7fc3c1706000, Base: (nil)  ]
}
BH_FREE OPS=1{
  OP0 [ Addr: 0x208da90 Dims: 1 Start: 0 Shape:  10000000 Stride:  1 Type: BH_FLOAT32 Data: 0x7fc3c1706000, Base: (nil)  ]
}
BH_DISCARD OPS=1{
  OP0 [ Addr: 0x208da90 Dims: 1 Start: 0 Shape:  10000000 Stride:  1 Type: BH_FLOAT32 Data: (nil), Base: (nil)  ]
}
BH_FREE OPS=1{
  OP0 [ Addr: 0x207f5d0 Dims: 1 Start: 0 Shape:  10000000 Stride:  1 Type: BH_FLOAT32 Data: 0x7fc3bcaba000, Base: (nil)  ]
}
BH_DISCARD OPS=1{
  OP0 [ Addr: 0x207f5d0 Dims: 1 Start: 0 Shape:  10000000 Stride:  1 Type: BH_FLOAT32 Data: (nil), Base: (nil)  ]
}
BH_LESS OPS=3{
  OP0 [ Addr: 0x245c170 Dims: 1 Start: 0 Shape:  10000000 Stride:  1 Type: BH_BOOL Data: (nil), Base: (nil)  ]
  OP1 [ Addr: 0x245c040 Dims: 1 Start: 0 Shape:  10000000 Stride:  1 Type: BH_FLOAT32 Data: 0x7fc3d3522000, Base: (nil)  ]
  OP2 [ CONST=1.000000 ]
}
BH_IDENTITY OPS=2{
  OP0 [ Addr: 0x245c2a0 Dims: 1 Start: 0 Shape:  10000000 Stride:  1 Type: BH_FLOAT32 Data: 0x7fc3c6352000, Base: (nil)  ]
  OP1 [ Addr: 0x245c170 Dims: 1 Start: 0 Shape:  10000000 Stride:  1 Type: BH_BOOL Data: 0x7fc3caf9e000, Base: (nil)  ]
}
BH_FREE OPS=1{
  OP0 [ Addr: 0x245c170 Dims: 1 Start: 0 Shape:  10000000 Stride:  1 Type: BH_BOOL Data: 0x7fc3caf9e000, Base: (nil)  ]
}
BH_DISCARD OPS=1{
  OP0 [ Addr: 0x245c170 Dims: 1 Start: 0 Shape:  10000000 Stride:  1 Type: BH_BOOL Data: (nil), Base: (nil)  ]
}
BH_USERFUNC OPS=0{
  OUT0 [ Addr: 0x2071090 Dims: 1 Start: 0 Shape:  1 Stride:  1 Type: BH_FLOAT32 Data: (nil), Base: (nil)  ]
  IN1 [ Addr: 0x245c2a0 Dims: 1 Start: 0 Shape:  10000000 Stride:  1 Type: BH_FLOAT32 Data: 0x7fc3c6352000, Base: (nil)  ]
}
BH_SYNC OPS=1{
  OP0 [ Addr: 0x2071090 Dims: 1 Start: 0 Shape:  1 Stride:  1 Type: BH_FLOAT32 Data: 0x7fc3e1a07000, Base: (nil)  ]
}
BH_FREE OPS=1{
  OP0 [ Addr: 0x2071090 Dims: 1 Start: 0 Shape:  1 Stride:  1 Type: BH_FLOAT32 Data: (nil), Base: (nil)  ]
}
BH_DISCARD OPS=1{
  OP0 [ Addr: 0x2071090 Dims: 1 Start: 0 Shape:  1 Stride:  1 Type: BH_FLOAT32 Data: (nil), Base: (nil)  ]
}
BH_FREE OPS=1{
  OP0 [ Addr: 0x245c2a0 Dims: 1 Start: 0 Shape:  10000000 Stride:  1 Type: BH_FLOAT32 Data: 0x7fc3c6352000, Base: (nil)  ]
}
BH_DISCARD OPS=1{
  OP0 [ Addr: 0x245c2a0 Dims: 1 Start: 0 Shape:  10000000 Stride:  1 Type: BH_FLOAT32 Data: (nil), Base: (nil)  ]
}
BH_ADD OPS=3{
  OP0 [ Addr: 0x23a7f60 Dims: 1 Start: 0 Shape:  1 Stride:  1 Type: BH_FLOAT64 Data: 0x7fc3dcdba000, Base: (nil)  ]
  OP1 [ Addr: 0x23a7f60 Dims: 1 Start: 0 Shape:  1 Stride:  1 Type: BH_FLOAT64 Data: 0x7fc3dcdba000, Base: (nil)  ]
  OP2 [ CONST=3.141474 ]
}
BH_USERFUNC OPS=0{
  OUT0 [ Addr: 0x24601e0 Dims: 1 Start: 0 Shape:  10000000 Stride:  1 Type: BH_FLOAT32 Data: (nil), Base: (nil)  ]
}
BH_FREE OPS=1{
  OP0 [ Addr: 0x207f700 Dims: 1 Start: 0 Shape:  10000000 Stride:  1 Type: BH_FLOAT32 Data: 0x7fc3d816e000, Base: (nil)  ]
}
BH_DISCARD OPS=1{
  OP0 [ Addr: 0x207f700 Dims: 1 Start: 0 Shape:  10000000 Stride:  1 Type: BH_FLOAT32 Data: (nil), Base: (nil)  ]
}
BH_USERFUNC OPS=0{
  OUT0 [ Addr: 0x245bf10 Dims: 1 Start: 0 Shape:  10000000 Stride:  1 Type: BH_FLOAT32 Data: (nil), Base: (nil)  ]
}
BH_FREE OPS=1{
  OP0 [ Addr: 0x2460310 Dims: 1 Start: 0 Shape:  10000000 Stride:  1 Type: BH_FLOAT32 Data: 0x7fc3ba494000, Base: (nil)  ]
}
BH_DISCARD OPS=1{
  OP0 [ Addr: 0x2460310 Dims: 1 Start: 0 Shape:  10000000 Stride:  1 Type: BH_FLOAT32 Data: (nil), Base: (nil)  ]
}
BH_MULTIPLY OPS=3{
  OP0 [ Addr: 0x207f5d0 Dims: 1 Start: 0 Shape:  10000000 Stride:  1 Type: BH_FLOAT32 Data: (nil), Base: (nil)  ]
  OP1 [ Addr: 0x24601e0 Dims: 1 Start: 0 Shape:  10000000 Stride:  1 Type: BH_FLOAT32 Data: 0x7fc3dcdbb000, Base: (nil)  ]
  OP2 [ Addr: 0x24601e0 Dims: 1 Start: 0 Shape:  10000000 Stride:  1 Type: BH_FLOAT32 Data: 0x7fc3dcdbb000, Base: (nil)  ]
}
BH_MULTIPLY OPS=3{
  OP0 [ Addr: 0x245c170 Dims: 1 Start: 0 Shape:  10000000 Stride:  1 Type: BH_FLOAT32 Data: (nil), Base: (nil)  ]
  OP1 [ Addr: 0x245bf10 Dims: 1 Start: 0 Shape:  10000000 Stride:  1 Type: BH_FLOAT32 Data: 0x7fc3ce8d6000, Base: (nil)  ]
  OP2 [ Addr: 0x245bf10 Dims: 1 Start: 0 Shape:  10000000 Stride:  1 Type: BH_FLOAT32 Data: 0x7fc3ce8d6000, Base: (nil)  ]
}
BH_ADD OPS=3{
  OP0 [ Addr: 0x2081700 Dims: 1 Start: 0 Shape:  10000000 Stride:  1 Type: BH_FLOAT32 Data: (nil), Base: (nil)  ]
  OP1 [ Addr: 0x207f5d0 Dims: 1 Start: 0 Shape:  10000000 Stride:  1 Type: BH_FLOAT32 Data: 0x7fc3bcaba000, Base: (nil)  ]
  OP2 [ Addr: 0x245c170 Dims: 1 Start: 0 Shape:  10000000 Stride:  1 Type: BH_FLOAT32 Data: 0x7fc3c6352000, Base: (nil)  ]
}
BH_FREE OPS=1{
  OP0 [ Addr: 0x207f5d0 Dims: 1 Start: 0 Shape:  10000000 Stride:  1 Type: BH_FLOAT32 Data: 0x7fc3bcaba000, Base: (nil)  ]
}
BH_DISCARD OPS=1{
  OP0 [ Addr: 0x207f5d0 Dims: 1 Start: 0 Shape:  10000000 Stride:  1 Type: BH_FLOAT32 Data: (nil), Base: (nil)  ]
}
BH_FREE OPS=1{
  OP0 [ Addr: 0x245c170 Dims: 1 Start: 0 Shape:  10000000 Stride:  1 Type: BH_FLOAT32 Data: 0x7fc3c6352000, Base: (nil)  ]
}
BH_DISCARD OPS=1{
  OP0 [ Addr: 0x245c170 Dims: 1 Start: 0 Shape:  10000000 Stride:  1 Type: BH_FLOAT32 Data: (nil), Base: (nil)  ]
}
BH_SQRT OPS=2{
  OP0 [ Addr: 0x20a0bc0 Dims: 1 Start: 0 Shape:  10000000 Stride:  1 Type: BH_FLOAT32 Data: (nil), Base: (nil)  ]
  OP1 [ Addr: 0x2081700 Dims: 1 Start: 0 Shape:  10000000 Stride:  1 Type: BH_FLOAT32 Data: 0x7fc3d816e000, Base: (nil)  ]
}
BH_FREE OPS=1{
  OP0 [ Addr: 0x2081700 Dims: 1 Start: 0 Shape:  10000000 Stride:  1 Type: BH_FLOAT32 Data: 0x7fc3d816e000, Base: (nil)  ]
}
BH_DISCARD OPS=1{
  OP0 [ Addr: 0x2081700 Dims: 1 Start: 0 Shape:  10000000 Stride:  1 Type: BH_FLOAT32 Data: (nil), Base: (nil)  ]
}
BH_FREE OPS=1{
  OP0 [ Addr: 0x245c040 Dims: 1 Start: 0 Shape:  10000000 Stride:  1 Type: BH_FLOAT32 Data: 0x7fc3d3522000, Base: (nil)  ]
}
BH_DISCARD OPS=1{
  OP0 [ Addr: 0x245c040 Dims: 1 Start: 0 Shape:  10000000 Stride:  1 Type: BH_FLOAT32 Data: (nil), Base: (nil)  ]
}
BH_LESS OPS=3{
  OP0 [ Addr: 0x208da90 Dims: 1 Start: 0 Shape:  10000000 Stride:  1 Type: BH_BOOL Data: (nil), Base: (nil)  ]
  OP1 [ Addr: 0x20a0bc0 Dims: 1 Start: 0 Shape:  10000000 Stride:  1 Type: BH_FLOAT32 Data: 0x7fc3ba494000, Base: (nil)  ]
  OP2 [ CONST=1.000000 ]
}
BH_IDENTITY OPS=2{
  OP0 [ Addr: 0x204a730 Dims: 1 Start: 0 Shape:  10000000 Stride:  1 Type: BH_FLOAT32 Data: 0x7fc3d0efc000, Base: (nil)  ]
  OP1 [ Addr: 0x208da90 Dims: 1 Start: 0 Shape:  10000000 Stride:  1 Type: BH_BOOL Data: 0x7fc3caf9e000, Base: (nil)  ]
}
BH_FREE OPS=1{
  OP0 [ Addr: 0x208da90 Dims: 1 Start: 0 Shape:  10000000 Stride:  1 Type: BH_BOOL Data: 0x7fc3caf9e000, Base: (nil)  ]
}
BH_DISCARD OPS=1{
  OP0 [ Addr: 0x208da90 Dims: 1 Start: 0 Shape:  10000000 Stride:  1 Type: BH_BOOL Data: (nil), Base: (nil)  ]
}
BH_USERFUNC OPS=0{
  OUT0 [ Addr: 0x245c3d0 Dims: 1 Start: 0 Shape:  1 Stride:  1 Type: BH_FLOAT32 Data: (nil), Base: (nil)  ]
  IN1 [ Addr: 0x204a730 Dims: 1 Start: 0 Shape:  10000000 Stride:  1 Type: BH_FLOAT32 Data: 0x7fc3d0efc000, Base: (nil)  ]
}
BH_SYNC OPS=1{
  OP0 [ Addr: 0x245c3d0 Dims: 1 Start: 0 Shape:  1 Stride:  1 Type: BH_FLOAT32 Data: 0x7fc3ce8d5000, Base: (nil)  ]
}
BH_FREE OPS=1{
  OP0 [ Addr: 0x245c3d0 Dims: 1 Start: 0 Shape:  1 Stride:  1 Type: BH_FLOAT32 Data: (nil), Base: (nil)  ]
}
BH_DISCARD OPS=1{
  OP0 [ Addr: 0x245c3d0 Dims: 1 Start: 0 Shape:  1 Stride:  1 Type: BH_FLOAT32 Data: (nil), Base: (nil)  ]
}
BH_FREE OPS=1{
  OP0 [ Addr: 0x204a730 Dims: 1 Start: 0 Shape:  10000000 Stride:  1 Type: BH_FLOAT32 Data: 0x7fc3d0efc000, Base: (nil)  ]
}
BH_DISCARD OPS=1{
  OP0 [ Addr: 0x204a730 Dims: 1 Start: 0 Shape:  10000000 Stride:  1 Type: BH_FLOAT32 Data: (nil), Base: (nil)  ]
}
BH_ADD OPS=3{
  OP0 [ Addr: 0x23a7f60 Dims: 1 Start: 0 Shape:  1 Stride:  1 Type: BH_FLOAT64 Data: 0x7fc3dcdba000, Base: (nil)  ]
  OP1 [ Addr: 0x23a7f60 Dims: 1 Start: 0 Shape:  1 Stride:  1 Type: BH_FLOAT64 Data: 0x7fc3dcdba000, Base: (nil)  ]
  OP2 [ CONST=3.140829 ]
}
BH_USERFUNC OPS=0{
  OUT0 [ Addr: 0x2460310 Dims: 1 Start: 0 Shape:  10000000 Stride:  1 Type: BH_FLOAT32 Data: (nil), Base: (nil)  ]
}
BH_FREE OPS=1{
  OP0 [ Addr: 0x24601e0 Dims: 1 Start: 0 Shape:  10000000 Stride:  1 Type: BH_FLOAT32 Data: 0x7fc3dcdbb000, Base: (nil)  ]
}
BH_DISCARD OPS=1{
  OP0 [ Addr: 0x24601e0 Dims: 1 Start: 0 Shape:  10000000 Stride:  1 Type: BH_FLOAT32 Data: (nil), Base: (nil)  ]
}
BH_USERFUNC OPS=0{
  OUT0 [ Addr: 0x2081700 Dims: 1 Start: 0 Shape:  10000000 Stride:  1 Type: BH_FLOAT32 Data: (nil), Base: (nil)  ]
}
BH_FREE OPS=1{
  OP0 [ Addr: 0x245bf10 Dims: 1 Start: 0 Shape:  10000000 Stride:  1 Type: BH_FLOAT32 Data: 0x7fc3ce8d6000, Base: (nil)  ]
}
BH_DISCARD OPS=1{
  OP0 [ Addr: 0x245bf10 Dims: 1 Start: 0 Shape:  10000000 Stride:  1 Type: BH_FLOAT32 Data: (nil), Base: (nil)  ]
}
BH_MULTIPLY OPS=3{
  OP0 [ Addr: 0x208da90 Dims: 1 Start: 0 Shape:  10000000 Stride:  1 Type: BH_FLOAT32 Data: (nil), Base: (nil)  ]
  OP1 [ Addr: 0x2460310 Dims: 1 Start: 0 Shape:  10000000 Stride:  1 Type: BH_FLOAT32 Data: 0x7fc3da794000, Base: (nil)  ]
  OP2 [ Addr: 0x2460310 Dims: 1 Start: 0 Shape:  10000000 Stride:  1 Type: BH_FLOAT32 Data: 0x7fc3da794000, Base: (nil)  ]
}
BH_MULTIPLY OPS=3{
  OP0 [ Addr: 0x207f5d0 Dims: 1 Start: 0 Shape:  10000000 Stride:  1 Type: BH_FLOAT32 Data: (nil), Base: (nil)  ]
  OP1 [ Addr: 0x2081700 Dims: 1 Start: 0 Shape:  10000000 Stride:  1 Type: BH_FLOAT32 Data: 0x7fc3c3d2c000, Base: (nil)  ]
  OP2 [ Addr: 0x2081700 Dims: 1 Start: 0 Shape:  10000000 Stride:  1 Type: BH_FLOAT32 Data: 0x7fc3c3d2c000, Base: (nil)  ]
}
BH_ADD OPS=3{
  OP0 [ Addr: 0x207f700 Dims: 1 Start: 0 Shape:  10000000 Stride:  1 Type: BH_FLOAT32 Data: (nil), Base: (nil)  ]
  OP1 [ Addr: 0x208da90 Dims: 1 Start: 0 Shape:  10000000 Stride:  1 Type: BH_FLOAT32 Data: 0x7fc3d0efc000, Base: (nil)  ]
  OP2 [ Addr: 0x207f5d0 Dims: 1 Start: 0 Shape:  10000000 Stride:  1 Type: BH_FLOAT32 Data: 0x7fc3dcdbb000, Base: (nil)  ]
}
BH_FREE OPS=1{
  OP0 [ Addr: 0x208da90 Dims: 1 Start: 0 Shape:  10000000 Stride:  1 Type: BH_FLOAT32 Data: 0x7fc3d0efc000, Base: (nil)  ]
}
BH_DISCARD OPS=1{
  OP0 [ Addr: 0x208da90 Dims: 1 Start: 0 Shape:  10000000 Stride:  1 Type: BH_FLOAT32 Data: (nil), Base: (nil)  ]
}
BH_FREE OPS=1{
  OP0 [ Addr: 0x207f5d0 Dims: 1 Start: 0 Shape:  10000000 Stride:  1 Type: BH_FLOAT32 Data: 0x7fc3dcdbb000, Base: (nil)  ]
}
BH_DISCARD OPS=1{
  OP0 [ Addr: 0x207f5d0 Dims: 1 Start: 0 Shape:  10000000 Stride:  1 Type: BH_FLOAT32 Data: (nil), Base: (nil)  ]
}
BH_SQRT OPS=2{
  OP0 [ Addr: 0x245c040 Dims: 1 Start: 0 Shape:  10000000 Stride:  1 Type: BH_FLOAT32 Data: (nil), Base: (nil)  ]
  OP1 [ Addr: 0x207f700 Dims: 1 Start: 0 Shape:  10000000 Stride:  1 Type: BH_FLOAT32 Data: 0x7fc3ce8d6000, Base: (nil)  ]
}
BH_FREE OPS=1{
  OP0 [ Addr: 0x207f700 Dims: 1 Start: 0 Shape:  10000000 Stride:  1 Type: BH_FLOAT32 Data: 0x7fc3ce8d6000, Base: (nil)  ]
}
BH_DISCARD OPS=1{
  OP0 [ Addr: 0x207f700 Dims: 1 Start: 0 Shape:  10000000 Stride:  1 Type: BH_FLOAT32 Data: (nil), Base: (nil)  ]
}
BH_FREE OPS=1{
  OP0 [ Addr: 0x20a0bc0 Dims: 1 Start: 0 Shape:  10000000 Stride:  1 Type: BH_FLOAT32 Data: 0x7fc3ba494000, Base: (nil)  ]
}
BH_DISCARD OPS=1{
  OP0 [ Addr: 0x20a0bc0 Dims: 1 Start: 0 Shape:  10000000 Stride:  1 Type: BH_FLOAT32 Data: (nil), Base: (nil)  ]
}
BH_LESS OPS=3{
  OP0 [ Addr: 0x245c170 Dims: 1 Start: 0 Shape:  10000000 Stride:  1 Type: BH_BOOL Data: (nil), Base: (nil)  ]
  OP1 [ Addr: 0x245c040 Dims: 1 Start: 0 Shape:  10000000 Stride:  1 Type: BH_FLOAT32 Data: 0x7fc3d0efc000, Base: (nil)  ]
  OP2 [ CONST=1.000000 ]
}
BH_IDENTITY OPS=2{
  OP0 [ Addr: 0x245c2a0 Dims: 1 Start: 0 Shape:  10000000 Stride:  1 Type: BH_FLOAT32 Data: 0x7fc3c8978000, Base: (nil)  ]
  OP1 [ Addr: 0x245c170 Dims: 1 Start: 0 Shape:  10000000 Stride:  1 Type: BH_BOOL Data: 0x7fc3caf9e000, Base: (nil)  ]
}
BH_FREE OPS=1{
  OP0 [ Addr: 0x245c170 Dims: 1 Start: 0 Shape:  10000000 Stride:  1 Type: BH_BOOL Data: 0x7fc3caf9e000, Base: (nil)  ]
}
BH_DISCARD OPS=1{
  OP0 [ Addr: 0x245c170 Dims: 1 Start: 0 Shape:  10000000 Stride:  1 Type: BH_BOOL Data: (nil), Base: (nil)  ]
}
BH_USERFUNC OPS=0{
  OUT0 [ Addr: 0x2071090 Dims: 1 Start: 0 Shape:  1 Stride:  1 Type: BH_FLOAT32 Data: (nil), Base: (nil)  ]
  IN1 [ Addr: 0x245c2a0 Dims: 1 Start: 0 Shape:  10000000 Stride:  1 Type: BH_FLOAT32 Data: 0x7fc3c8978000, Base: (nil)  ]
}
BH_SYNC OPS=1{
  OP0 [ Addr: 0x2071090 Dims: 1 Start: 0 Shape:  1 Stride:  1 Type: BH_FLOAT32 Data: 0x7fc3da793000, Base: (nil)  ]
}
BH_FREE OPS=1{
  OP0 [ Addr: 0x2071090 Dims: 1 Start: 0 Shape:  1 Stride:  1 Type: BH_FLOAT32 Data: (nil), Base: (nil)  ]
}
BH_DISCARD OPS=1{
  OP0 [ Addr: 0x2071090 Dims: 1 Start: 0 Shape:  1 Stride:  1 Type: BH_FLOAT32 Data: (nil), Base: (nil)  ]
}
BH_FREE OPS=1{
  OP0 [ Addr: 0x245c2a0 Dims: 1 Start: 0 Shape:  10000000 Stride:  1 Type: BH_FLOAT32 Data: 0x7fc3c8978000, Base: (nil)  ]
}
BH_DISCARD OPS=1{
  OP0 [ Addr: 0x245c2a0 Dims: 1 Start: 0 Shape:  10000000 Stride:  1 Type: BH_FLOAT32 Data: (nil), Base: (nil)  ]
}
BH_ADD OPS=3{
  OP0 [ Addr: 0x23a7f60 Dims: 1 Start: 0 Shape:  1 Stride:  1 Type: BH_FLOAT64 Data: 0x7fc3dcdba000, Base: (nil)  ]
  OP1 [ Addr: 0x23a7f60 Dims: 1 Start: 0 Shape:  1 Stride:  1 Type: BH_FLOAT64 Data: 0x7fc3dcdba000, Base: (nil)  ]
  OP2 [ CONST=3.141936 ]
}
BH_USERFUNC OPS=0{
  OUT0 [ Addr: 0x24601e0 Dims: 1 Start: 0 Shape:  10000000 Stride:  1 Type: BH_FLOAT32 Data: (nil), Base: (nil)  ]
}
BH_FREE OPS=1{
  OP0 [ Addr: 0x2460310 Dims: 1 Start: 0 Shape:  10000000 Stride:  1 Type: BH_FLOAT32 Data: 0x7fc3da794000, Base: (nil)  ]
}
BH_DISCARD OPS=1{
  OP0 [ Addr: 0x2460310 Dims: 1 Start: 0 Shape:  10000000 Stride:  1 Type: BH_FLOAT32 Data: (nil), Base: (nil)  ]
}
BH_USERFUNC OPS=0{
  OUT0 [ Addr: 0x245bf10 Dims: 1 Start: 0 Shape:  10000000 Stride:  1 Type: BH_FLOAT32 Data: (nil), Base: (nil)  ]
}
BH_FREE OPS=1{
  OP0 [ Addr: 0x2081700 Dims: 1 Start: 0 Shape:  10000000 Stride:  1 Type: BH_FLOAT32 Data: 0x7fc3c3d2c000, Base: (nil)  ]
}
BH_DISCARD OPS=1{
  OP0 [ Addr: 0x2081700 Dims: 1 Start: 0 Shape:  10000000 Stride:  1 Type: BH_FLOAT32 Data: (nil), Base: (nil)  ]
}
BH_MULTIPLY OPS=3{
  OP0 [ Addr: 0x245c170 Dims: 1 Start: 0 Shape:  10000000 Stride:  1 Type: BH_FLOAT32 Data: (nil), Base: (nil)  ]
  OP1 [ Addr: 0x24601e0 Dims: 1 Start: 0 Shape:  10000000 Stride:  1 Type: BH_FLOAT32 Data: 0x7fc3e1a08000, Base: (nil)  ]
  OP2 [ Addr: 0x24601e0 Dims: 1 Start: 0 Shape:  10000000 Stride:  1 Type: BH_FLOAT32 Data: 0x7fc3e1a08000, Base: (nil)  ]
}
BH_MULTIPLY OPS=3{
  OP0 [ Addr: 0x20a0bc0 Dims: 1 Start: 0 Shape:  10000000 Stride:  1 Type: BH_FLOAT32 Data: (nil), Base: (nil)  ]
  OP1 [ Addr: 0x245bf10 Dims: 1 Start: 0 Shape:  10000000 Stride:  1 Type: BH_FLOAT32 Data: 0x7fc3d3522000, Base: (nil)  ]
  OP2 [ Addr: 0x245bf10 Dims: 1 Start: 0 Shape:  10000000 Stride:  1 Type: BH_FLOAT32 Data: 0x7fc3d3522000, Base: (nil)  ]
}
BH_ADD OPS=3{
  OP0 [ Addr: 0x208da90 Dims: 1 Start: 0 Shape:  10000000 Stride:  1 Type: BH_FLOAT32 Data: (nil), Base: (nil)  ]
  OP1 [ Addr: 0x245c170 Dims: 1 Start: 0 Shape:  10000000 Stride:  1 Type: BH_FLOAT32 Data: 0x7fc3c3d2c000, Base: (nil)  ]
  OP2 [ Addr: 0x20a0bc0 Dims: 1 Start: 0 Shape:  10000000 Stride:  1 Type: BH_FLOAT32 Data: 0x7fc3dcdbb000, Base: (nil)  ]
}
BH_FREE OPS=1{
  OP0 [ Addr: 0x245c170 Dims: 1 Start: 0 Shape:  10000000 Stride:  1 Type: BH_FLOAT32 Data: 0x7fc3c3d2c000, Base: (nil)  ]
}
BH_DISCARD OPS=1{
  OP0 [ Addr: 0x245c170 Dims: 1 Start: 0 Shape:  10000000 Stride:  1 Type: BH_FLOAT32 Data: (nil), Base: (nil)  ]
}
BH_FREE OPS=1{
  OP0 [ Addr: 0x20a0bc0 Dims: 1 Start: 0 Shape:  10000000 Stride:  1 Type: BH_FLOAT32 Data: 0x7fc3dcdbb000, Base: (nil)  ]
}
BH_DISCARD OPS=1{
  OP0 [ Addr: 0x20a0bc0 Dims: 1 Start: 0 Shape:  10000000 Stride:  1 Type: BH_FLOAT32 Data: (nil), Base: (nil)  ]
}
BH_SQRT OPS=2{
  OP0 [ Addr: 0x207f5d0 Dims: 1 Start: 0 Shape:  10000000 Stride:  1 Type: BH_FLOAT32 Data: (nil), Base: (nil)  ]
  OP1 [ Addr: 0x208da90 Dims: 1 Start: 0 Shape:  10000000 Stride:  1 Type: BH_FLOAT32 Data: 0x7fc3ce8d6000, Base: (nil)  ]
}
BH_FREE OPS=1{
  OP0 [ Addr: 0x208da90 Dims: 1 Start: 0 Shape:  10000000 Stride:  1 Type: BH_FLOAT32 Data: 0x7fc3ce8d6000, Base: (nil)  ]
}
BH_DISCARD OPS=1{
  OP0 [ Addr: 0x208da90 Dims: 1 Start: 0 Shape:  10000000 Stride:  1 Type: BH_FLOAT32 Data: (nil), Base: (nil)  ]
}
BH_FREE OPS=1{
  OP0 [ Addr: 0x245c040 Dims: 1 Start: 0 Shape:  10000000 Stride:  1 Type: BH_FLOAT32 Data: 0x7fc3d0efc000, Base: (nil)  ]
}
BH_DISCARD OPS=1{
  OP0 [ Addr: 0x245c040 Dims: 1 Start: 0 Shape:  10000000 Stride:  1 Type: BH_FLOAT32 Data: (nil), Base: (nil)  ]
}
BH_LESS OPS=3{
  OP0 [ Addr: 0x207f700 Dims: 1 Start: 0 Shape:  10000000 Stride:  1 Type: BH_BOOL Data: (nil), Base: (nil)  ]
  OP1 [ Addr: 0x207f5d0 Dims: 1 Start: 0 Shape:  10000000 Stride:  1 Type: BH_FLOAT32 Data: 0x7fc3c3d2c000, Base: (nil)  ]
  OP2 [ CONST=1.000000 ]
}
BH_IDENTITY OPS=2{
  OP0 [ Addr: 0x204a730 Dims: 1 Start: 0 Shape:  10000000 Stride:  1 Type: BH_FLOAT32 Data: 0x7fc3c6352000, Base: (nil)  ]
  OP1 [ Addr: 0x207f700 Dims: 1 Start: 0 Shape:  10000000 Stride:  1 Type: BH_BOOL Data: 0x7fc3caf9e000, Base: (nil)  ]
}
BH_FREE OPS=1{
  OP0 [ Addr: 0x207f700 Dims: 1 Start: 0 Shape:  10000000 Stride:  1 Type: BH_BOOL Data: 0x7fc3caf9e000, Base: (nil)  ]
}
BH_DISCARD OPS=1{
  OP0 [ Addr: 0x207f700 Dims: 1 Start: 0 Shape:  10000000 Stride:  1 Type: BH_BOOL Data: (nil), Base: (nil)  ]
}
BH_USERFUNC OPS=0{
  OUT0 [ Addr: 0x245c3d0 Dims: 1 Start: 0 Shape:  1 Stride:  1 Type: BH_FLOAT32 Data: (nil), Base: (nil)  ]
  IN1 [ Addr: 0x204a730 Dims: 1 Start: 0 Shape:  10000000 Stride:  1 Type: BH_FLOAT32 Data: 0x7fc3c6352000, Base: (nil)  ]
}
BH_SYNC OPS=1{
  OP0 [ Addr: 0x245c3d0 Dims: 1 Start: 0 Shape:  1 Stride:  1 Type: BH_FLOAT32 Data: 0x7fc3ea028000, Base: (nil)  ]
}
 BH_FREE OPS=1{
  OP0 [ Addr: 0x245c3d0 Dims: 1 Start: 0 Shape:  1 Stride:  1 Type: BH_FLOAT32 Data: (nil), Base: (nil)  ]
}
BH_DISCARD OPS=1{
  OP0 [ Addr: 0x245c3d0 Dims: 1 Start: 0 Shape:  1 Stride:  1 Type: BH_FLOAT32 Data: (nil), Base: (nil)  ]
}
BH_FREE OPS=1{
  OP0 [ Addr: 0x204a730 Dims: 1 Start: 0 Shape:  10000000 Stride:  1 Type: BH_FLOAT32 Data: 0x7fc3c6352000, Base: (nil)  ]
}
BH_DISCARD OPS=1{
  OP0 [ Addr: 0x204a730 Dims: 1 Start: 0 Shape:  10000000 Stride:  1 Type: BH_FLOAT32 Data: (nil), Base: (nil)  ]
}
BH_ADD OPS=3{
  OP0 [ Addr: 0x23a7f60 Dims: 1 Start: 0 Shape:  1 Stride:  1 Type: BH_FLOAT64 Data: 0x7fc3dcdba000, Base: (nil)  ]
  OP1 [ Addr: 0x23a7f60 Dims: 1 Start: 0 Shape:  1 Stride:  1 Type: BH_FLOAT64 Data: 0x7fc3dcdba000, Base: (nil)  ]
  OP2 [ CONST=3.142564 ]
}
BH_DIVIDE OPS=3{
  OP0 [ Addr: 0x207f700 Dims: 1 Start: 0 Shape:  1 Stride:  1 Type: BH_FLOAT64 Data: (nil), Base: (nil)  ]
  OP1 [ Addr: 0x23a7f60 Dims: 1 Start: 0 Shape:  1 Stride:  1 Type: BH_FLOAT64 Data: 0x7fc3dcdba000, Base: (nil)  ]
  OP2 [ CONST=10.000000 ]
}
BH_FREE OPS=1{
  OP0 [ Addr: 0x23a7f60 Dims: 1 Start: 0 Shape:  1 Stride:  1 Type: BH_FLOAT64 Data: 0x7fc3dcdba000, Base: (nil)  ]
}
BH_DISCARD OPS=1{
  OP0 [ Addr: 0x23a7f60 Dims: 1 Start: 0 Shape:  1 Stride:  1 Type: BH_FLOAT64 Data: (nil), Base: (nil)  ]
}
BH_FREE OPS=1{
  OP0 [ Addr: 0x24601e0 Dims: 1 Start: 0 Shape:  10000000 Stride:  1 Type: BH_FLOAT32 Data: 0x7fc3e1a08000, Base: (nil)  ]
}
BH_DISCARD OPS=1{
  OP0 [ Addr: 0x24601e0 Dims: 1 Start: 0 Shape:  10000000 Stride:  1 Type: BH_FLOAT32 Data: (nil), Base: (nil)  ]
}
BH_FREE OPS=1{
  OP0 [ Addr: 0x245bf10 Dims: 1 Start: 0 Shape:  10000000 Stride:  1 Type: BH_FLOAT32 Data: 0x7fc3d3522000, Base: (nil)  ]
}
BH_DISCARD OPS=1{
  OP0 [ Addr: 0x245bf10 Dims: 1 Start: 0 Shape:  10000000 Stride:  1 Type: BH_FLOAT32 Data: (nil), Base: (nil)  ]
}
BH_FREE OPS=1{
  OP0 [ Addr: 0x207f5d0 Dims: 1 Start: 0 Shape:  10000000 Stride:  1 Type: BH_FLOAT32 Data: 0x7fc3c3d2c000, Base: (nil)  ]
}
BH_DISCARD OPS=1{
  OP0 [ Addr: 0x207f5d0 Dims: 1 Start: 0 Shape:  10000000 Stride:  1 Type: BH_FLOAT32 Data: (nil), Base: (nil)  ]
}
BH_SYNC OPS=1{
  OP0 [ Addr: 0x207f700 Dims: 1 Start: 0 Shape:  1 Stride:  1 Type: BH_FLOAT64 Data: 0x7fc3ea02a000, Base: (nil)  ]
}
BH_FREE OPS=1{
  OP0 [ Addr: 0x207f700 Dims: 1 Start: 0 Shape:  1 Stride:  1 Type: BH_FLOAT64 Data: (nil), Base: (nil)  ]
}
BH_DISCARD OPS=1{
  OP0 [ Addr: 0x207f700 Dims: 1 Start: 0 Shape:  1 Stride:  1 Type: BH_FLOAT64 Data: (nil), Base: (nil)  ]
}
BH_SYNC OPS=1{
  OP0 [ Addr: 0x24601e0 Dims: 1 Start: 0 Shape:  1 Stride:  1 Type: BH_FLOAT64 Data: 0x7fc3ea028000, Base: (nil)  ]
}
BH_DISCARD OPS=1{
  OP0 [ Addr: 0x245bf10 Dims: 1 Start: 0 Shape:  1 Stride:  1 Type: BH_FLOAT64 Data: (nil), Base: 0x24601e0 -->
      [ Addr: 0x24601e0 Dims: 1 Start: 0 Shape:  1 Stride:  1 Type: BH_FLOAT64 Data: (nil), Base: (nil)  ]
  ]
}
BH_FREE OPS=1{
  OP0 [ Addr: 0x24601e0 Dims: 1 Start: 0 Shape:  1 Stride:  1 Type: BH_FLOAT64 Data: (nil), Base: (nil)  ]
}
BH_DISCARD OPS=1{
  OP0 [ Addr: 0x24601e0 Dims: 1 Start: 0 Shape:  1 Stride:  1 Type: BH_FLOAT64 Data: (nil), Base: (nil)  ]
}
