BH_IDENTITY OPS=2{
  OP0 [ Addr: 0x22fcec0 Dims: 1 Start: 0 Shape:  1 Stride:  1 Type: BH_FLOAT64 Data: (nil), Base: (nil)  ]
  OP1 [ CONST(BH_FLOAT64)=0.000000 ]
}
BH_USERFUNC OPS=0{
  OUT0 [ Addr: 0x22fd080 Dims: 1 Start: 0 Shape:  10000000 Stride:  1 Type: BH_FLOAT64 Data: (nil), Base: (nil)  ]
}
BH_USERFUNC OPS=0{
  OUT0 [ Addr: 0x22fd220 Dims: 1 Start: 0 Shape:  10000000 Stride:  1 Type: BH_FLOAT64 Data: (nil), Base: (nil)  ]
}
BH_MULTIPLY OPS=3{
  OP0 [ Addr: 0x22fd390 Dims: 1 Start: 0 Shape:  10000000 Stride:  1 Type: BH_FLOAT64 Data: (nil), Base: (nil)  ]
  OP1 [ Addr: 0x22fd080 Dims: 1 Start: 0 Shape:  10000000 Stride:  1 Type: BH_FLOAT64 Data: 0x7f3eb3cd6000, Base: (nil)  ]
  OP2 [ Addr: 0x22fd080 Dims: 1 Start: 0 Shape:  10000000 Stride:  1 Type: BH_FLOAT64 Data: 0x7f3eb3cd6000, Base: (nil)  ]
}
BH_MULTIPLY OPS=3{
  OP0 [ Addr: 0x22fd520 Dims: 1 Start: 0 Shape:  10000000 Stride:  1 Type: BH_FLOAT64 Data: (nil), Base: (nil)  ]
  OP1 [ Addr: 0x22fd220 Dims: 1 Start: 0 Shape:  10000000 Stride:  1 Type: BH_FLOAT64 Data: 0x7f3eaf08a000, Base: (nil)  ]
  OP2 [ Addr: 0x22fd220 Dims: 1 Start: 0 Shape:  10000000 Stride:  1 Type: BH_FLOAT64 Data: 0x7f3eaf08a000, Base: (nil)  ]
}
BH_ADD OPS=3{
  OP0 [ Addr: 0x22fd6b0 Dims: 1 Start: 0 Shape:  10000000 Stride:  1 Type: BH_FLOAT64 Data: (nil), Base: (nil)  ]
  OP1 [ Addr: 0x22fd390 Dims: 1 Start: 0 Shape:  10000000 Stride:  1 Type: BH_FLOAT64 Data: 0x7f3eaa43e000, Base: (nil)  ]
  OP2 [ Addr: 0x22fd520 Dims: 1 Start: 0 Shape:  10000000 Stride:  1 Type: BH_FLOAT64 Data: 0x7f3ea57f2000, Base: (nil)  ]
}
BH_FREE OPS=1{
  OP0 [ Addr: 0x22fd390 Dims: 1 Start: 0 Shape:  10000000 Stride:  1 Type: BH_FLOAT64 Data: 0x7f3eaa43e000, Base: (nil)  ]
}
BH_DISCARD OPS=1{
  OP0 [ Addr: 0x22fd390 Dims: 1 Start: 0 Shape:  10000000 Stride:  1 Type: BH_FLOAT64 Data: (nil), Base: (nil)  ]
}
BH_FREE OPS=1{
  OP0 [ Addr: 0x22fd520 Dims: 1 Start: 0 Shape:  10000000 Stride:  1 Type: BH_FLOAT64 Data: 0x7f3ea57f2000, Base: (nil)  ]
}
BH_DISCARD OPS=1{
  OP0 [ Addr: 0x22fd520 Dims: 1 Start: 0 Shape:  10000000 Stride:  1 Type: BH_FLOAT64 Data: (nil), Base: (nil)  ]
}
BH_SQRT OPS=2{
  OP0 [ Addr: 0x22fd840 Dims: 1 Start: 0 Shape:  10000000 Stride:  1 Type: BH_FLOAT64 Data: (nil), Base: (nil)  ]
  OP1 [ Addr: 0x22fd6b0 Dims: 1 Start: 0 Shape:  10000000 Stride:  1 Type: BH_FLOAT64 Data: 0x7f3ea0ba6000, Base: (nil)  ]
}
BH_FREE OPS=1{
  OP0 [ Addr: 0x22fd6b0 Dims: 1 Start: 0 Shape:  10000000 Stride:  1 Type: BH_FLOAT64 Data: 0x7f3ea0ba6000, Base: (nil)  ]
}
BH_DISCARD OPS=1{
  OP0 [ Addr: 0x22fd6b0 Dims: 1 Start: 0 Shape:  10000000 Stride:  1 Type: BH_FLOAT64 Data: (nil), Base: (nil)  ]
}
BH_LESS_EQUAL OPS=3{
  OP0 [ Addr: 0x22fd9d0 Dims: 1 Start: 0 Shape:  10000000 Stride:  1 Type: BH_BOOL Data: (nil), Base: (nil)  ]
  OP1 [ Addr: 0x22fd840 Dims: 1 Start: 0 Shape:  10000000 Stride:  1 Type: BH_FLOAT64 Data: 0x7f3eaa43e000, Base: (nil)  ]
  OP2 [ CONST(BH_FLOAT64)=1.000000 ]
}
BH_FREE OPS=1{
  OP0 [ Addr: 0x22fd840 Dims: 1 Start: 0 Shape:  10000000 Stride:  1 Type: BH_FLOAT64 Data: 0x7f3eaa43e000, Base: (nil)  ]
}
BH_DISCARD OPS=1{
  OP0 [ Addr: 0x22fd840 Dims: 1 Start: 0 Shape:  10000000 Stride:  1 Type: BH_FLOAT64 Data: (nil), Base: (nil)  ]
}
BH_IDENTITY OPS=2{
  OP0 [ Addr: 0x22fdb60 Dims: 1 Start: 0 Shape:  10000000 Stride:  1 Type: BH_FLOAT64 Data: (nil), Base: (nil)  ]
  OP1 [ Addr: 0x22fd9d0 Dims: 1 Start: 0 Shape:  10000000 Stride:  1 Type: BH_BOOL Data: 0x7f3ea021c000, Base: (nil)  ]
}
BH_FREE OPS=1{
  OP0 [ Addr: 0x22fd9d0 Dims: 1 Start: 0 Shape:  10000000 Stride:  1 Type: BH_BOOL Data: 0x7f3ea021c000, Base: (nil)  ]
}
BH_DISCARD OPS=1{
  OP0 [ Addr: 0x22fd9d0 Dims: 1 Start: 0 Shape:  10000000 Stride:  1 Type: BH_BOOL Data: (nil), Base: (nil)  ]
}
BH_ADD_REDUCE OPS=2{
  OP0 [ Addr: 0x22fdcf0 Dims: 1 Start: 0 Shape:  1 Stride:  1 Type: BH_FLOAT64 Data: (nil), Base: (nil)  ]
  OP1 [ Addr: 0x22fdb60 Dims: 1 Start: 0 Shape:  10000000 Stride:  1 Type: BH_FLOAT64 Data: 0x7f3ea57f2000, Base: (nil)  ]
}
BH_MULTIPLY OPS=3{
  OP0 [ Addr: 0x22fde60 Dims: 1 Start: 0 Shape:  1 Stride:  1 Type: BH_FLOAT64 Data: (nil), Base: (nil)  ]
  OP1 [ Addr: 0x22fdcf0 Dims: 1 Start: 0 Shape:  1 Stride:  1 Type: BH_FLOAT64 Data: 0x7f3ea021b000, Base: (nil)  ]
  OP2 [ CONST(BH_FLOAT64)=4.000000 ]
}
BH_DIVIDE OPS=3{
  OP0 [ Addr: 0x22fdfd0 Dims: 1 Start: 0 Shape:  1 Stride:  1 Type: BH_FLOAT64 Data: (nil), Base: (nil)  ]
  OP1 [ Addr: 0x22fde60 Dims: 1 Start: 0 Shape:  1 Stride:  1 Type: BH_FLOAT64 Data: 0x7f3ea021a000, Base: (nil)  ]
  OP2 [ CONST(BH_FLOAT64)=10000000.000000 ]
}
BH_FREE OPS=1{
  OP0 [ Addr: 0x22fde60 Dims: 1 Start: 0 Shape:  1 Stride:  1 Type: BH_FLOAT64 Data: 0x7f3ea021a000, Base: (nil)  ]
}
BH_DISCARD OPS=1{
  OP0 [ Addr: 0x22fde60 Dims: 1 Start: 0 Shape:  1 Stride:  1 Type: BH_FLOAT64 Data: (nil), Base: (nil)  ]
}
BH_ADD OPS=3{
  OP0 [ Addr: 0x22fcec0 Dims: 1 Start: 0 Shape:  1 Stride:  1 Type: BH_FLOAT64 Data: 0x7f3eb8922000, Base: (nil)  ]
  OP1 [ Addr: 0x22fcec0 Dims: 1 Start: 0 Shape:  1 Stride:  1 Type: BH_FLOAT64 Data: 0x7f3eb8922000, Base: (nil)  ]
  OP2 [ Addr: 0x22fdfd0 Dims: 1 Start: 0 Shape:  1 Stride:  1 Type: BH_FLOAT64 Data: 0x7f3ea0219000, Base: (nil)  ]
}
BH_FREE OPS=1{
  OP0 [ Addr: 0x22fdfd0 Dims: 1 Start: 0 Shape:  1 Stride:  1 Type: BH_FLOAT64 Data: 0x7f3ea0219000, Base: (nil)  ]
}
BH_DISCARD OPS=1{
  OP0 [ Addr: 0x22fdfd0 Dims: 1 Start: 0 Shape:  1 Stride:  1 Type: BH_FLOAT64 Data: (nil), Base: (nil)  ]
}
BH_USERFUNC OPS=0{
  OUT0 [ Addr: 0x22fe190 Dims: 1 Start: 0 Shape:  10000000 Stride:  1 Type: BH_FLOAT64 Data: (nil), Base: (nil)  ]
}
BH_FREE OPS=1{
  OP0 [ Addr: 0x22fd080 Dims: 1 Start: 0 Shape:  10000000 Stride:  1 Type: BH_FLOAT64 Data: 0x7f3eb3cd6000, Base: (nil)  ]
}
BH_DISCARD OPS=1{
  OP0 [ Addr: 0x22fd080 Dims: 1 Start: 0 Shape:  10000000 Stride:  1 Type: BH_FLOAT64 Data: (nil), Base: (nil)  ]
}
BH_USERFUNC OPS=0{
  OUT0 [ Addr: 0x22fe330 Dims: 1 Start: 0 Shape:  10000000 Stride:  1 Type: BH_FLOAT64 Data: (nil), Base: (nil)  ]
}
BH_FREE OPS=1{
  OP0 [ Addr: 0x22fd220 Dims: 1 Start: 0 Shape:  10000000 Stride:  1 Type: BH_FLOAT64 Data: 0x7f3eaf08a000, Base: (nil)  ]
}
BH_DISCARD OPS=1{
  OP0 [ Addr: 0x22fd220 Dims: 1 Start: 0 Shape:  10000000 Stride:  1 Type: BH_FLOAT64 Data: (nil), Base: (nil)  ]
}
BH_MULTIPLY OPS=3{
  OP0 [ Addr: 0x22fe4a0 Dims: 1 Start: 0 Shape:  10000000 Stride:  1 Type: BH_FLOAT64 Data: (nil), Base: (nil)  ]
  OP1 [ Addr: 0x22fe190 Dims: 1 Start: 0 Shape:  10000000 Stride:  1 Type: BH_FLOAT64 Data: 0x7f3e9b5cd000, Base: (nil)  ]
  OP2 [ Addr: 0x22fe190 Dims: 1 Start: 0 Shape:  10000000 Stride:  1 Type: BH_FLOAT64 Data: 0x7f3e9b5cd000, Base: (nil)  ]
}
BH_MULTIPLY OPS=3{
  OP0 [ Addr: 0x22fe630 Dims: 1 Start: 0 Shape:  10000000 Stride:  1 Type: BH_FLOAT64 Data: (nil), Base: (nil)  ]
  OP1 [ Addr: 0x22fe330 Dims: 1 Start: 0 Shape:  10000000 Stride:  1 Type: BH_FLOAT64 Data: 0x7f3e96981000, Base: (nil)  ]
  OP2 [ Addr: 0x22fe330 Dims: 1 Start: 0 Shape:  10000000 Stride:  1 Type: BH_FLOAT64 Data: 0x7f3e96981000, Base: (nil)  ]
}
BH_ADD OPS=3{
  OP0 [ Addr: 0x22fe7c0 Dims: 1 Start: 0 Shape:  10000000 Stride:  1 Type: BH_FLOAT64 Data: (nil), Base: (nil)  ]
  OP1 [ Addr: 0x22fe4a0 Dims: 1 Start: 0 Shape:  10000000 Stride:  1 Type: BH_FLOAT64 Data: 0x7f3ea0ba6000, Base: (nil)  ]
  OP2 [ Addr: 0x22fe630 Dims: 1 Start: 0 Shape:  10000000 Stride:  1 Type: BH_FLOAT64 Data: 0x7f3eaa43e000, Base: (nil)  ]
}
BH_FREE OPS=1{
  OP0 [ Addr: 0x22fe4a0 Dims: 1 Start: 0 Shape:  10000000 Stride:  1 Type: BH_FLOAT64 Data: 0x7f3ea0ba6000, Base: (nil)  ]
}
BH_DISCARD OPS=1{
  OP0 [ Addr: 0x22fe4a0 Dims: 1 Start: 0 Shape:  10000000 Stride:  1 Type: BH_FLOAT64 Data: (nil), Base: (nil)  ]
}
BH_FREE OPS=1{
  OP0 [ Addr: 0x22fe630 Dims: 1 Start: 0 Shape:  10000000 Stride:  1 Type: BH_FLOAT64 Data: 0x7f3eaa43e000, Base: (nil)  ]
}
BH_DISCARD OPS=1{
  OP0 [ Addr: 0x22fe630 Dims: 1 Start: 0 Shape:  10000000 Stride:  1 Type: BH_FLOAT64 Data: (nil), Base: (nil)  ]
}
BH_SQRT OPS=2{
  OP0 [ Addr: 0x22fe950 Dims: 1 Start: 0 Shape:  10000000 Stride:  1 Type: BH_FLOAT64 Data: (nil), Base: (nil)  ]
  OP1 [ Addr: 0x22fe7c0 Dims: 1 Start: 0 Shape:  10000000 Stride:  1 Type: BH_FLOAT64 Data: 0x7f3eb3cd6000, Base: (nil)  ]
}
BH_FREE OPS=1{
  OP0 [ Addr: 0x22fe7c0 Dims: 1 Start: 0 Shape:  10000000 Stride:  1 Type: BH_FLOAT64 Data: 0x7f3eb3cd6000, Base: (nil)  ]
}
BH_DISCARD OPS=1{
  OP0 [ Addr: 0x22fe7c0 Dims: 1 Start: 0 Shape:  10000000 Stride:  1 Type: BH_FLOAT64 Data: (nil), Base: (nil)  ]
}
BH_LESS_EQUAL OPS=3{
  OP0 [ Addr: 0x22feae0 Dims: 1 Start: 0 Shape:  10000000 Stride:  1 Type: BH_BOOL Data: (nil), Base: (nil)  ]
  OP1 [ Addr: 0x22fe950 Dims: 1 Start: 0 Shape:  10000000 Stride:  1 Type: BH_FLOAT64 Data: 0x7f3eaa43e000, Base: (nil)  ]
  OP2 [ CONST(BH_FLOAT64)=1.000000 ]
}
BH_FREE OPS=1{
  OP0 [ Addr: 0x22fe950 Dims: 1 Start: 0 Shape:  10000000 Stride:  1 Type: BH_FLOAT64 Data: 0x7f3eaa43e000, Base: (nil)  ]
}
BH_DISCARD OPS=1{
  OP0 [ Addr: 0x22fe950 Dims: 1 Start: 0 Shape:  10000000 Stride:  1 Type: BH_FLOAT64 Data: (nil), Base: (nil)  ]
}
BH_IDENTITY OPS=2{
  OP0 [ Addr: 0x22fec70 Dims: 1 Start: 0 Shape:  10000000 Stride:  1 Type: BH_FLOAT64 Data: (nil), Base: (nil)  ]
  OP1 [ Addr: 0x22feae0 Dims: 1 Start: 0 Shape:  10000000 Stride:  1 Type: BH_BOOL Data: 0x7f3ea021c000, Base: (nil)  ]
}
BH_FREE OPS=1{
  OP0 [ Addr: 0x22feae0 Dims: 1 Start: 0 Shape:  10000000 Stride:  1 Type: BH_BOOL Data: 0x7f3ea021c000, Base: (nil)  ]
}
BH_DISCARD OPS=1{
  OP0 [ Addr: 0x22feae0 Dims: 1 Start: 0 Shape:  10000000 Stride:  1 Type: BH_BOOL Data: (nil), Base: (nil)  ]
}
BH_FREE OPS=1{
  OP0 [ Addr: 0x22fdb60 Dims: 1 Start: 0 Shape:  10000000 Stride:  1 Type: BH_FLOAT64 Data: 0x7f3ea57f2000, Base: (nil)  ]
}
BH_DISCARD OPS=1{
  OP0 [ Addr: 0x22fdb60 Dims: 1 Start: 0 Shape:  10000000 Stride:  1 Type: BH_FLOAT64 Data: (nil), Base: (nil)  ]
}
BH_ADD_REDUCE OPS=2{
  OP0 [ Addr: 0x22fee00 Dims: 1 Start: 0 Shape:  1 Stride:  1 Type: BH_FLOAT64 Data: (nil), Base: (nil)  ]
  OP1 [ Addr: 0x22fec70 Dims: 1 Start: 0 Shape:  10000000 Stride:  1 Type: BH_FLOAT64 Data: 0x7f3eb3cd6000, Base: (nil)  ]
}
BH_FREE OPS=1{
  OP0 [ Addr: 0x22fdcf0 Dims: 1 Start: 0 Shape:  1 Stride:  1 Type: BH_FLOAT64 Data: 0x7f3ea021b000, Base: (nil)  ]
}
BH_DISCARD OPS=1{
  OP0 [ Addr: 0x22fdcf0 Dims: 1 Start: 0 Shape:  1 Stride:  1 Type: BH_FLOAT64 Data: (nil), Base: (nil)  ]
}
BH_MULTIPLY OPS=3{
  OP0 [ Addr: 0x22fef70 Dims: 1 Start: 0 Shape:  1 Stride:  1 Type: BH_FLOAT64 Data: (nil), Base: (nil)  ]
  OP1 [ Addr: 0x22fee00 Dims: 1 Start: 0 Shape:  1 Stride:  1 Type: BH_FLOAT64 Data: 0x7f3ea021a000, Base: (nil)  ]
  OP2 [ CONST(BH_FLOAT64)=4.000000 ]
}
BH_DIVIDE OPS=3{
  OP0 [ Addr: 0x22ff0e0 Dims: 1 Start: 0 Shape:  1 Stride:  1 Type: BH_FLOAT64 Data: (nil), Base: (nil)  ]
  OP1 [ Addr: 0x22fef70 Dims: 1 Start: 0 Shape:  1 Stride:  1 Type: BH_FLOAT64 Data: 0x7f3ea021b000, Base: (nil)  ]
  OP2 [ CONST(BH_FLOAT64)=10000000.000000 ]
}
BH_FREE OPS=1{
  OP0 [ Addr: 0x22fef70 Dims: 1 Start: 0 Shape:  1 Stride:  1 Type: BH_FLOAT64 Data: 0x7f3ea021b000, Base: (nil)  ]
}
BH_DISCARD OPS=1{
  OP0 [ Addr: 0x22fef70 Dims: 1 Start: 0 Shape:  1 Stride:  1 Type: BH_FLOAT64 Data: (nil), Base: (nil)  ]
}
BH_ADD OPS=3{
  OP0 [ Addr: 0x22fcec0 Dims: 1 Start: 0 Shape:  1 Stride:  1 Type: BH_FLOAT64 Data: 0x7f3eb8922000, Base: (nil)  ]
  OP1 [ Addr: 0x22fcec0 Dims: 1 Start: 0 Shape:  1 Stride:  1 Type: BH_FLOAT64 Data: 0x7f3eb8922000, Base: (nil)  ]
  OP2 [ Addr: 0x22ff0e0 Dims: 1 Start: 0 Shape:  1 Stride:  1 Type: BH_FLOAT64 Data: 0x7f3ea0219000, Base: (nil)  ]
}
BH_FREE OPS=1{
  OP0 [ Addr: 0x22ff0e0 Dims: 1 Start: 0 Shape:  1 Stride:  1 Type: BH_FLOAT64 Data: 0x7f3ea0219000, Base: (nil)  ]
}
BH_DISCARD OPS=1{
  OP0 [ Addr: 0x22ff0e0 Dims: 1 Start: 0 Shape:  1 Stride:  1 Type: BH_FLOAT64 Data: (nil), Base: (nil)  ]
}
BH_USERFUNC OPS=0{
  OUT0 [ Addr: 0x22ff2a0 Dims: 1 Start: 0 Shape:  10000000 Stride:  1 Type: BH_FLOAT64 Data: (nil), Base: (nil)  ]
}
BH_FREE OPS=1{
  OP0 [ Addr: 0x22fe190 Dims: 1 Start: 0 Shape:  10000000 Stride:  1 Type: BH_FLOAT64 Data: 0x7f3e9b5cd000, Base: (nil)  ]
}
BH_DISCARD OPS=1{
  OP0 [ Addr: 0x22fe190 Dims: 1 Start: 0 Shape:  10000000 Stride:  1 Type: BH_FLOAT64 Data: (nil), Base: (nil)  ]
}
BH_USERFUNC OPS=0{
  OUT0 [ Addr: 0x22ff440 Dims: 1 Start: 0 Shape:  10000000 Stride:  1 Type: BH_FLOAT64 Data: (nil), Base: (nil)  ]
}
BH_FREE OPS=1{
  OP0 [ Addr: 0x22fe330 Dims: 1 Start: 0 Shape:  10000000 Stride:  1 Type: BH_FLOAT64 Data: 0x7f3e96981000, Base: (nil)  ]
}
BH_DISCARD OPS=1{
  OP0 [ Addr: 0x22fe330 Dims: 1 Start: 0 Shape:  10000000 Stride:  1 Type: BH_FLOAT64 Data: (nil), Base: (nil)  ]
}
BH_MULTIPLY OPS=3{
  OP0 [ Addr: 0x22ff5b0 Dims: 1 Start: 0 Shape:  10000000 Stride:  1 Type: BH_FLOAT64 Data: (nil), Base: (nil)  ]
  OP1 [ Addr: 0x22ff2a0 Dims: 1 Start: 0 Shape:  10000000 Stride:  1 Type: BH_FLOAT64 Data: 0x7f3e91d35000, Base: (nil)  ]
  OP2 [ Addr: 0x22ff2a0 Dims: 1 Start: 0 Shape:  10000000 Stride:  1 Type: BH_FLOAT64 Data: 0x7f3e91d35000, Base: (nil)  ]
}
BH_MULTIPLY OPS=3{
  OP0 [ Addr: 0x22ff740 Dims: 1 Start: 0 Shape:  10000000 Stride:  1 Type: BH_FLOAT64 Data: (nil), Base: (nil)  ]
  OP1 [ Addr: 0x22ff440 Dims: 1 Start: 0 Shape:  10000000 Stride:  1 Type: BH_FLOAT64 Data: 0x7f3eaf08a000, Base: (nil)  ]
  OP2 [ Addr: 0x22ff440 Dims: 1 Start: 0 Shape:  10000000 Stride:  1 Type: BH_FLOAT64 Data: 0x7f3eaf08a000, Base: (nil)  ]
}
BH_ADD OPS=3{
  OP0 [ Addr: 0x22ff8d0 Dims: 1 Start: 0 Shape:  10000000 Stride:  1 Type: BH_FLOAT64 Data: (nil), Base: (nil)  ]
  OP1 [ Addr: 0x22ff5b0 Dims: 1 Start: 0 Shape:  10000000 Stride:  1 Type: BH_FLOAT64 Data: 0x7f3eaa43e000, Base: (nil)  ]
  OP2 [ Addr: 0x22ff740 Dims: 1 Start: 0 Shape:  10000000 Stride:  1 Type: BH_FLOAT64 Data: 0x7f3ea57f2000, Base: (nil)  ]
}
BH_FREE OPS=1{
  OP0 [ Addr: 0x22ff5b0 Dims: 1 Start: 0 Shape:  10000000 Stride:  1 Type: BH_FLOAT64 Data: 0x7f3eaa43e000, Base: (nil)  ]
}
BH_DISCARD OPS=1{
  OP0 [ Addr: 0x22ff5b0 Dims: 1 Start: 0 Shape:  10000000 Stride:  1 Type: BH_FLOAT64 Data: (nil), Base: (nil)  ]
}
BH_FREE OPS=1{
  OP0 [ Addr: 0x22ff740 Dims: 1 Start: 0 Shape:  10000000 Stride:  1 Type: BH_FLOAT64 Data: 0x7f3ea57f2000, Base: (nil)  ]
}
BH_DISCARD OPS=1{
  OP0 [ Addr: 0x22ff740 Dims: 1 Start: 0 Shape:  10000000 Stride:  1 Type: BH_FLOAT64 Data: (nil), Base: (nil)  ]
}
BH_SQRT OPS=2{
  OP0 [ Addr: 0x22ffa60 Dims: 1 Start: 0 Shape:  10000000 Stride:  1 Type: BH_FLOAT64 Data: (nil), Base: (nil)  ]
  OP1 [ Addr: 0x22ff8d0 Dims: 1 Start: 0 Shape:  10000000 Stride:  1 Type: BH_FLOAT64 Data: 0x7f3e9b5cd000, Base: (nil)  ]
}
BH_FREE OPS=1{
  OP0 [ Addr: 0x22ff8d0 Dims: 1 Start: 0 Shape:  10000000 Stride:  1 Type: BH_FLOAT64 Data: 0x7f3e9b5cd000, Base: (nil)  ]
}
BH_DISCARD OPS=1{
  OP0 [ Addr: 0x22ff8d0 Dims: 1 Start: 0 Shape:  10000000 Stride:  1 Type: BH_FLOAT64 Data: (nil), Base: (nil)  ]
}
BH_LESS_EQUAL OPS=3{
  OP0 [ Addr: 0x22ffbf0 Dims: 1 Start: 0 Shape:  10000000 Stride:  1 Type: BH_BOOL Data: (nil), Base: (nil)  ]
  OP1 [ Addr: 0x22ffa60 Dims: 1 Start: 0 Shape:  10000000 Stride:  1 Type: BH_FLOAT64 Data: 0x7f3eaa43e000, Base: (nil)  ]
  OP2 [ CONST(BH_FLOAT64)=1.000000 ]
}
BH_FREE OPS=1{
  OP0 [ Addr: 0x22ffa60 Dims: 1 Start: 0 Shape:  10000000 Stride:  1 Type: BH_FLOAT64 Data: 0x7f3eaa43e000, Base: (nil)  ]
}
BH_DISCARD OPS=1{
  OP0 [ Addr: 0x22ffa60 Dims: 1 Start: 0 Shape:  10000000 Stride:  1 Type: BH_FLOAT64 Data: (nil), Base: (nil)  ]
}
BH_IDENTITY OPS=2{
  OP0 [ Addr: 0x22ffd80 Dims: 1 Start: 0 Shape:  10000000 Stride:  1 Type: BH_FLOAT64 Data: (nil), Base: (nil)  ]
  OP1 [ Addr: 0x22ffbf0 Dims: 1 Start: 0 Shape:  10000000 Stride:  1 Type: BH_BOOL Data: 0x7f3ea021c000, Base: (nil)  ]
}
BH_FREE OPS=1{
  OP0 [ Addr: 0x22ffbf0 Dims: 1 Start: 0 Shape:  10000000 Stride:  1 Type: BH_BOOL Data: 0x7f3ea021c000, Base: (nil)  ]
}
BH_DISCARD OPS=1{
  OP0 [ Addr: 0x22ffbf0 Dims: 1 Start: 0 Shape:  10000000 Stride:  1 Type: BH_BOOL Data: (nil), Base: (nil)  ]
}
BH_FREE OPS=1{
  OP0 [ Addr: 0x22fec70 Dims: 1 Start: 0 Shape:  10000000 Stride:  1 Type: BH_FLOAT64 Data: 0x7f3eb3cd6000, Base: (nil)  ]
}
BH_DISCARD OPS=1{
  OP0 [ Addr: 0x22fec70 Dims: 1 Start: 0 Shape:  10000000 Stride:  1 Type: BH_FLOAT64 Data: (nil), Base: (nil)  ]
}
BH_ADD_REDUCE OPS=2{
  OP0 [ Addr: 0x22fff10 Dims: 1 Start: 0 Shape:  1 Stride:  1 Type: BH_FLOAT64 Data: (nil), Base: (nil)  ]
  OP1 [ Addr: 0x22ffd80 Dims: 1 Start: 0 Shape:  10000000 Stride:  1 Type: BH_FLOAT64 Data: 0x7f3ea57f2000, Base: (nil)  ]
}
BH_FREE OPS=1{
  OP0 [ Addr: 0x22fee00 Dims: 1 Start: 0 Shape:  1 Stride:  1 Type: BH_FLOAT64 Data: 0x7f3ea021a000, Base: (nil)  ]
}
BH_DISCARD OPS=1{
  OP0 [ Addr: 0x22fee00 Dims: 1 Start: 0 Shape:  1 Stride:  1 Type: BH_FLOAT64 Data: (nil), Base: (nil)  ]
}
BH_MULTIPLY OPS=3{
  OP0 [ Addr: 0x2300080 Dims: 1 Start: 0 Shape:  1 Stride:  1 Type: BH_FLOAT64 Data: (nil), Base: (nil)  ]
  OP1 [ Addr: 0x22fff10 Dims: 1 Start: 0 Shape:  1 Stride:  1 Type: BH_FLOAT64 Data: 0x7f3ea021b000, Base: (nil)  ]
  OP2 [ CONST(BH_FLOAT64)=4.000000 ]
}
BH_DIVIDE OPS=3{
  OP0 [ Addr: 0x23001f0 Dims: 1 Start: 0 Shape:  1 Stride:  1 Type: BH_FLOAT64 Data: (nil), Base: (nil)  ]
  OP1 [ Addr: 0x2300080 Dims: 1 Start: 0 Shape:  1 Stride:  1 Type: BH_FLOAT64 Data: 0x7f3ea021a000, Base: (nil)  ]
  OP2 [ CONST(BH_FLOAT64)=10000000.000000 ]
}
BH_FREE OPS=1{
  OP0 [ Addr: 0x2300080 Dims: 1 Start: 0 Shape:  1 Stride:  1 Type: BH_FLOAT64 Data: 0x7f3ea021a000, Base: (nil)  ]
}
BH_DISCARD OPS=1{
  OP0 [ Addr: 0x2300080 Dims: 1 Start: 0 Shape:  1 Stride:  1 Type: BH_FLOAT64 Data: (nil), Base: (nil)  ]
}
BH_ADD OPS=3{
  OP0 [ Addr: 0x22fcec0 Dims: 1 Start: 0 Shape:  1 Stride:  1 Type: BH_FLOAT64 Data: 0x7f3eb8922000, Base: (nil)  ]
  OP1 [ Addr: 0x22fcec0 Dims: 1 Start: 0 Shape:  1 Stride:  1 Type: BH_FLOAT64 Data: 0x7f3eb8922000, Base: (nil)  ]
  OP2 [ Addr: 0x23001f0 Dims: 1 Start: 0 Shape:  1 Stride:  1 Type: BH_FLOAT64 Data: 0x7f3ea0219000, Base: (nil)  ]
}
BH_FREE OPS=1{
  OP0 [ Addr: 0x23001f0 Dims: 1 Start: 0 Shape:  1 Stride:  1 Type: BH_FLOAT64 Data: 0x7f3ea0219000, Base: (nil)  ]
}
BH_DISCARD OPS=1{
  OP0 [ Addr: 0x23001f0 Dims: 1 Start: 0 Shape:  1 Stride:  1 Type: BH_FLOAT64 Data: (nil), Base: (nil)  ]
}
BH_USERFUNC OPS=0{
  OUT0 [ Addr: 0x23003b0 Dims: 1 Start: 0 Shape:  10000000 Stride:  1 Type: BH_FLOAT64 Data: (nil), Base: (nil)  ]
}
BH_FREE OPS=1{
  OP0 [ Addr: 0x22ff2a0 Dims: 1 Start: 0 Shape:  10000000 Stride:  1 Type: BH_FLOAT64 Data: 0x7f3e91d35000, Base: (nil)  ]
}
BH_DISCARD OPS=1{
  OP0 [ Addr: 0x22ff2a0 Dims: 1 Start: 0 Shape:  10000000 Stride:  1 Type: BH_FLOAT64 Data: (nil), Base: (nil)  ]
}
BH_USERFUNC OPS=0{
  OUT0 [ Addr: 0x2300550 Dims: 1 Start: 0 Shape:  10000000 Stride:  1 Type: BH_FLOAT64 Data: (nil), Base: (nil)  ]
}
BH_FREE OPS=1{
  OP0 [ Addr: 0x22ff440 Dims: 1 Start: 0 Shape:  10000000 Stride:  1 Type: BH_FLOAT64 Data: 0x7f3eaf08a000, Base: (nil)  ]
}
BH_DISCARD OPS=1{
  OP0 [ Addr: 0x22ff440 Dims: 1 Start: 0 Shape:  10000000 Stride:  1 Type: BH_FLOAT64 Data: (nil), Base: (nil)  ]
}
BH_MULTIPLY OPS=3{
  OP0 [ Addr: 0x23006c0 Dims: 1 Start: 0 Shape:  10000000 Stride:  1 Type: BH_FLOAT64 Data: (nil), Base: (nil)  ]
  OP1 [ Addr: 0x23003b0 Dims: 1 Start: 0 Shape:  10000000 Stride:  1 Type: BH_FLOAT64 Data: 0x7f3ea0ba6000, Base: (nil)  ]
  OP2 [ Addr: 0x23003b0 Dims: 1 Start: 0 Shape:  10000000 Stride:  1 Type: BH_FLOAT64 Data: 0x7f3ea0ba6000, Base: (nil)  ]
}
BH_MULTIPLY OPS=3{
  OP0 [ Addr: 0x2300850 Dims: 1 Start: 0 Shape:  10000000 Stride:  1 Type: BH_FLOAT64 Data: (nil), Base: (nil)  ]
  OP1 [ Addr: 0x2300550 Dims: 1 Start: 0 Shape:  10000000 Stride:  1 Type: BH_FLOAT64 Data: 0x7f3e96981000, Base: (nil)  ]
  OP2 [ Addr: 0x2300550 Dims: 1 Start: 0 Shape:  10000000 Stride:  1 Type: BH_FLOAT64 Data: 0x7f3e96981000, Base: (nil)  ]
}
BH_ADD OPS=3{
  OP0 [ Addr: 0x23009e0 Dims: 1 Start: 0 Shape:  10000000 Stride:  1 Type: BH_FLOAT64 Data: (nil), Base: (nil)  ]
  OP1 [ Addr: 0x23006c0 Dims: 1 Start: 0 Shape:  10000000 Stride:  1 Type: BH_FLOAT64 Data: 0x7f3eaf08a000, Base: (nil)  ]
  OP2 [ Addr: 0x2300850 Dims: 1 Start: 0 Shape:  10000000 Stride:  1 Type: BH_FLOAT64 Data: 0x7f3e9b5cd000, Base: (nil)  ]
}
BH_FREE OPS=1{
  OP0 [ Addr: 0x23006c0 Dims: 1 Start: 0 Shape:  10000000 Stride:  1 Type: BH_FLOAT64 Data: 0x7f3eaf08a000, Base: (nil)  ]
}
BH_DISCARD OPS=1{
  OP0 [ Addr: 0x23006c0 Dims: 1 Start: 0 Shape:  10000000 Stride:  1 Type: BH_FLOAT64 Data: (nil), Base: (nil)  ]
}
BH_FREE OPS=1{
  OP0 [ Addr: 0x2300850 Dims: 1 Start: 0 Shape:  10000000 Stride:  1 Type: BH_FLOAT64 Data: 0x7f3e9b5cd000, Base: (nil)  ]
}
BH_DISCARD OPS=1{
  OP0 [ Addr: 0x2300850 Dims: 1 Start: 0 Shape:  10000000 Stride:  1 Type: BH_FLOAT64 Data: (nil), Base: (nil)  ]
}
BH_SQRT OPS=2{
  OP0 [ Addr: 0x2300b70 Dims: 1 Start: 0 Shape:  10000000 Stride:  1 Type: BH_FLOAT64 Data: (nil), Base: (nil)  ]
  OP1 [ Addr: 0x23009e0 Dims: 1 Start: 0 Shape:  10000000 Stride:  1 Type: BH_FLOAT64 Data: 0x7f3eaa43e000, Base: (nil)  ]
}
BH_FREE OPS=1{
  OP0 [ Addr: 0x23009e0 Dims: 1 Start: 0 Shape:  10000000 Stride:  1 Type: BH_FLOAT64 Data: 0x7f3eaa43e000, Base: (nil)  ]
}
BH_DISCARD OPS=1{
  OP0 [ Addr: 0x23009e0 Dims: 1 Start: 0 Shape:  10000000 Stride:  1 Type: BH_FLOAT64 Data: (nil), Base: (nil)  ]
}
BH_LESS_EQUAL OPS=3{
  OP0 [ Addr: 0x2300d00 Dims: 1 Start: 0 Shape:  10000000 Stride:  1 Type: BH_BOOL Data: (nil), Base: (nil)  ]
  OP1 [ Addr: 0x2300b70 Dims: 1 Start: 0 Shape:  10000000 Stride:  1 Type: BH_FLOAT64 Data: 0x7f3eaf08a000, Base: (nil)  ]
  OP2 [ CONST(BH_FLOAT64)=1.000000 ]
}
BH_FREE OPS=1{
  OP0 [ Addr: 0x2300b70 Dims: 1 Start: 0 Shape:  10000000 Stride:  1 Type: BH_FLOAT64 Data: 0x7f3eaf08a000, Base: (nil)  ]
}
BH_DISCARD OPS=1{
  OP0 [ Addr: 0x2300b70 Dims: 1 Start: 0 Shape:  10000000 Stride:  1 Type: BH_FLOAT64 Data: (nil), Base: (nil)  ]
}
BH_IDENTITY OPS=2{
  OP0 [ Addr: 0x2300e90 Dims: 1 Start: 0 Shape:  10000000 Stride:  1 Type: BH_FLOAT64 Data: (nil), Base: (nil)  ]
  OP1 [ Addr: 0x2300d00 Dims: 1 Start: 0 Shape:  10000000 Stride:  1 Type: BH_BOOL Data: 0x7f3ea021c000, Base: (nil)  ]
}
BH_FREE OPS=1{
  OP0 [ Addr: 0x2300d00 Dims: 1 Start: 0 Shape:  10000000 Stride:  1 Type: BH_BOOL Data: 0x7f3ea021c000, Base: (nil)  ]
}
BH_DISCARD OPS=1{
  OP0 [ Addr: 0x2300d00 Dims: 1 Start: 0 Shape:  10000000 Stride:  1 Type: BH_BOOL Data: (nil), Base: (nil)  ]
}
BH_FREE OPS=1{
  OP0 [ Addr: 0x22ffd80 Dims: 1 Start: 0 Shape:  10000000 Stride:  1 Type: BH_FLOAT64 Data: 0x7f3ea57f2000, Base: (nil)  ]
}
BH_DISCARD OPS=1{
  OP0 [ Addr: 0x22ffd80 Dims: 1 Start: 0 Shape:  10000000 Stride:  1 Type: BH_FLOAT64 Data: (nil), Base: (nil)  ]
}
BH_ADD_REDUCE OPS=2{
  OP0 [ Addr: 0x2301020 Dims: 1 Start: 0 Shape:  1 Stride:  1 Type: BH_FLOAT64 Data: (nil), Base: (nil)  ]
  OP1 [ Addr: 0x2300e90 Dims: 1 Start: 0 Shape:  10000000 Stride:  1 Type: BH_FLOAT64 Data: 0x7f3e9b5cd000, Base: (nil)  ]
}
BH_FREE OPS=1{
  OP0 [ Addr: 0x22fff10 Dims: 1 Start: 0 Shape:  1 Stride:  1 Type: BH_FLOAT64 Data: 0x7f3ea021b000, Base: (nil)  ]
}
BH_DISCARD OPS=1{
  OP0 [ Addr: 0x22fff10 Dims: 1 Start: 0 Shape:  1 Stride:  1 Type: BH_FLOAT64 Data: (nil), Base: (nil)  ]
}
BH_MULTIPLY OPS=3{
  OP0 [ Addr: 0x2301190 Dims: 1 Start: 0 Shape:  1 Stride:  1 Type: BH_FLOAT64 Data: (nil), Base: (nil)  ]
  OP1 [ Addr: 0x2301020 Dims: 1 Start: 0 Shape:  1 Stride:  1 Type: BH_FLOAT64 Data: 0x7f3ea021a000, Base: (nil)  ]
  OP2 [ CONST(BH_FLOAT64)=4.000000 ]
}
BH_DIVIDE OPS=3{
  OP0 [ Addr: 0x2301300 Dims: 1 Start: 0 Shape:  1 Stride:  1 Type: BH_FLOAT64 Data: (nil), Base: (nil)  ]
  OP1 [ Addr: 0x2301190 Dims: 1 Start: 0 Shape:  1 Stride:  1 Type: BH_FLOAT64 Data: 0x7f3ea021b000, Base: (nil)  ]
  OP2 [ CONST(BH_FLOAT64)=10000000.000000 ]
}
BH_FREE OPS=1{
  OP0 [ Addr: 0x2301190 Dims: 1 Start: 0 Shape:  1 Stride:  1 Type: BH_FLOAT64 Data: 0x7f3ea021b000, Base: (nil)  ]
}
BH_DISCARD OPS=1{
  OP0 [ Addr: 0x2301190 Dims: 1 Start: 0 Shape:  1 Stride:  1 Type: BH_FLOAT64 Data: (nil), Base: (nil)  ]
}
BH_ADD OPS=3{
  OP0 [ Addr: 0x22fcec0 Dims: 1 Start: 0 Shape:  1 Stride:  1 Type: BH_FLOAT64 Data: 0x7f3eb8922000, Base: (nil)  ]
  OP1 [ Addr: 0x22fcec0 Dims: 1 Start: 0 Shape:  1 Stride:  1 Type: BH_FLOAT64 Data: 0x7f3eb8922000, Base: (nil)  ]
  OP2 [ Addr: 0x2301300 Dims: 1 Start: 0 Shape:  1 Stride:  1 Type: BH_FLOAT64 Data: 0x7f3ea0219000, Base: (nil)  ]
}
BH_FREE OPS=1{
  OP0 [ Addr: 0x2301300 Dims: 1 Start: 0 Shape:  1 Stride:  1 Type: BH_FLOAT64 Data: 0x7f3ea0219000, Base: (nil)  ]
}
BH_DISCARD OPS=1{
  OP0 [ Addr: 0x2301300 Dims: 1 Start: 0 Shape:  1 Stride:  1 Type: BH_FLOAT64 Data: (nil), Base: (nil)  ]
}
BH_USERFUNC OPS=0{
  OUT0 [ Addr: 0x23014c0 Dims: 1 Start: 0 Shape:  10000000 Stride:  1 Type: BH_FLOAT64 Data: (nil), Base: (nil)  ]
}
BH_FREE OPS=1{
  OP0 [ Addr: 0x23003b0 Dims: 1 Start: 0 Shape:  10000000 Stride:  1 Type: BH_FLOAT64 Data: 0x7f3ea0ba6000, Base: (nil)  ]
}
BH_DISCARD OPS=1{
  OP0 [ Addr: 0x23003b0 Dims: 1 Start: 0 Shape:  10000000 Stride:  1 Type: BH_FLOAT64 Data: (nil), Base: (nil)  ]
}
BH_USERFUNC OPS=0{
  OUT0 [ Addr: 0x2301660 Dims: 1 Start: 0 Shape:  10000000 Stride:  1 Type: BH_FLOAT64 Data: (nil), Base: (nil)  ]
}
BH_FREE OPS=1{
  OP0 [ Addr: 0x2300550 Dims: 1 Start: 0 Shape:  10000000 Stride:  1 Type: BH_FLOAT64 Data: 0x7f3e96981000, Base: (nil)  ]
}
BH_DISCARD OPS=1{
  OP0 [ Addr: 0x2300550 Dims: 1 Start: 0 Shape:  10000000 Stride:  1 Type: BH_FLOAT64 Data: (nil), Base: (nil)  ]
}
BH_MULTIPLY OPS=3{
  OP0 [ Addr: 0x23017d0 Dims: 1 Start: 0 Shape:  10000000 Stride:  1 Type: BH_FLOAT64 Data: (nil), Base: (nil)  ]
  OP1 [ Addr: 0x23014c0 Dims: 1 Start: 0 Shape:  10000000 Stride:  1 Type: BH_FLOAT64 Data: 0x7f3eb3cd6000, Base: (nil)  ]
  OP2 [ Addr: 0x23014c0 Dims: 1 Start: 0 Shape:  10000000 Stride:  1 Type: BH_FLOAT64 Data: 0x7f3eb3cd6000, Base: (nil)  ]
}
BH_MULTIPLY OPS=3{
  OP0 [ Addr: 0x2301960 Dims: 1 Start: 0 Shape:  10000000 Stride:  1 Type: BH_FLOAT64 Data: (nil), Base: (nil)  ]
  OP1 [ Addr: 0x2301660 Dims: 1 Start: 0 Shape:  10000000 Stride:  1 Type: BH_FLOAT64 Data: 0x7f3e91d35000, Base: (nil)  ]
  OP2 [ Addr: 0x2301660 Dims: 1 Start: 0 Shape:  10000000 Stride:  1 Type: BH_FLOAT64 Data: 0x7f3e91d35000, Base: (nil)  ]
}
BH_ADD OPS=3{
  OP0 [ Addr: 0x2301af0 Dims: 1 Start: 0 Shape:  10000000 Stride:  1 Type: BH_FLOAT64 Data: (nil), Base: (nil)  ]
  OP1 [ Addr: 0x23017d0 Dims: 1 Start: 0 Shape:  10000000 Stride:  1 Type: BH_FLOAT64 Data: 0x7f3ea0ba6000, Base: (nil)  ]
  OP2 [ Addr: 0x2301960 Dims: 1 Start: 0 Shape:  10000000 Stride:  1 Type: BH_FLOAT64 Data: 0x7f3e96981000, Base: (nil)  ]
}
BH_FREE OPS=1{
  OP0 [ Addr: 0x23017d0 Dims: 1 Start: 0 Shape:  10000000 Stride:  1 Type: BH_FLOAT64 Data: 0x7f3ea0ba6000, Base: (nil)  ]
}
BH_DISCARD OPS=1{
  OP0 [ Addr: 0x23017d0 Dims: 1 Start: 0 Shape:  10000000 Stride:  1 Type: BH_FLOAT64 Data: (nil), Base: (nil)  ]
}
BH_FREE OPS=1{
  OP0 [ Addr: 0x2301960 Dims: 1 Start: 0 Shape:  10000000 Stride:  1 Type: BH_FLOAT64 Data: 0x7f3e96981000, Base: (nil)  ]
}
BH_DISCARD OPS=1{
  OP0 [ Addr: 0x2301960 Dims: 1 Start: 0 Shape:  10000000 Stride:  1 Type: BH_FLOAT64 Data: (nil), Base: (nil)  ]
}
BH_SQRT OPS=2{
  OP0 [ Addr: 0x2301c80 Dims: 1 Start: 0 Shape:  10000000 Stride:  1 Type: BH_FLOAT64 Data: (nil), Base: (nil)  ]
  OP1 [ Addr: 0x2301af0 Dims: 1 Start: 0 Shape:  10000000 Stride:  1 Type: BH_FLOAT64 Data: 0x7f3eaa43e000, Base: (nil)  ]
}
BH_FREE OPS=1{
  OP0 [ Addr: 0x2301af0 Dims: 1 Start: 0 Shape:  10000000 Stride:  1 Type: BH_FLOAT64 Data: 0x7f3eaa43e000, Base: (nil)  ]
}
BH_DISCARD OPS=1{
  OP0 [ Addr: 0x2301af0 Dims: 1 Start: 0 Shape:  10000000 Stride:  1 Type: BH_FLOAT64 Data: (nil), Base: (nil)  ]
}
BH_LESS_EQUAL OPS=3{
  OP0 [ Addr: 0x2301e10 Dims: 1 Start: 0 Shape:  10000000 Stride:  1 Type: BH_BOOL Data: (nil), Base: (nil)  ]
  OP1 [ Addr: 0x2301c80 Dims: 1 Start: 0 Shape:  10000000 Stride:  1 Type: BH_FLOAT64 Data: 0x7f3ea0ba6000, Base: (nil)  ]
  OP2 [ CONST(BH_FLOAT64)=1.000000 ]
}
BH_FREE OPS=1{
  OP0 [ Addr: 0x2301c80 Dims: 1 Start: 0 Shape:  10000000 Stride:  1 Type: BH_FLOAT64 Data: 0x7f3ea0ba6000, Base: (nil)  ]
}
BH_DISCARD OPS=1{
  OP0 [ Addr: 0x2301c80 Dims: 1 Start: 0 Shape:  10000000 Stride:  1 Type: BH_FLOAT64 Data: (nil), Base: (nil)  ]
}
BH_IDENTITY OPS=2{
  OP0 [ Addr: 0x2301fa0 Dims: 1 Start: 0 Shape:  10000000 Stride:  1 Type: BH_FLOAT64 Data: (nil), Base: (nil)  ]
  OP1 [ Addr: 0x2301e10 Dims: 1 Start: 0 Shape:  10000000 Stride:  1 Type: BH_BOOL Data: 0x7f3ea021c000, Base: (nil)  ]
}
BH_FREE OPS=1{
  OP0 [ Addr: 0x2301e10 Dims: 1 Start: 0 Shape:  10000000 Stride:  1 Type: BH_BOOL Data: 0x7f3ea021c000, Base: (nil)  ]
}
BH_DISCARD OPS=1{
  OP0 [ Addr: 0x2301e10 Dims: 1 Start: 0 Shape:  10000000 Stride:  1 Type: BH_BOOL Data: (nil), Base: (nil)  ]
}
BH_FREE OPS=1{
  OP0 [ Addr: 0x2300e90 Dims: 1 Start: 0 Shape:  10000000 Stride:  1 Type: BH_FLOAT64 Data: 0x7f3e9b5cd000, Base: (nil)  ]
}
BH_DISCARD OPS=1{
  OP0 [ Addr: 0x2300e90 Dims: 1 Start: 0 Shape:  10000000 Stride:  1 Type: BH_FLOAT64 Data: (nil), Base: (nil)  ]
}
BH_ADD_REDUCE OPS=2{
  OP0 [ Addr: 0x2302130 Dims: 1 Start: 0 Shape:  1 Stride:  1 Type: BH_FLOAT64 Data: (nil), Base: (nil)  ]
  OP1 [ Addr: 0x2301fa0 Dims: 1 Start: 0 Shape:  10000000 Stride:  1 Type: BH_FLOAT64 Data: 0x7f3e96981000, Base: (nil)  ]
}
BH_FREE OPS=1{
  OP0 [ Addr: 0x2301020 Dims: 1 Start: 0 Shape:  1 Stride:  1 Type: BH_FLOAT64 Data: 0x7f3ea021a000, Base: (nil)  ]
}
BH_DISCARD OPS=1{
  OP0 [ Addr: 0x2301020 Dims: 1 Start: 0 Shape:  1 Stride:  1 Type: BH_FLOAT64 Data: (nil), Base: (nil)  ]
}
BH_MULTIPLY OPS=3{
  OP0 [ Addr: 0x23022a0 Dims: 1 Start: 0 Shape:  1 Stride:  1 Type: BH_FLOAT64 Data: (nil), Base: (nil)  ]
  OP1 [ Addr: 0x2302130 Dims: 1 Start: 0 Shape:  1 Stride:  1 Type: BH_FLOAT64 Data: 0x7f3ea021b000, Base: (nil)  ]
  OP2 [ CONST(BH_FLOAT64)=4.000000 ]
}
BH_DIVIDE OPS=3{
  OP0 [ Addr: 0x2302410 Dims: 1 Start: 0 Shape:  1 Stride:  1 Type: BH_FLOAT64 Data: (nil), Base: (nil)  ]
  OP1 [ Addr: 0x23022a0 Dims: 1 Start: 0 Shape:  1 Stride:  1 Type: BH_FLOAT64 Data: 0x7f3ea021a000, Base: (nil)  ]
  OP2 [ CONST(BH_FLOAT64)=10000000.000000 ]
}
BH_FREE OPS=1{
  OP0 [ Addr: 0x23022a0 Dims: 1 Start: 0 Shape:  1 Stride:  1 Type: BH_FLOAT64 Data: 0x7f3ea021a000, Base: (nil)  ]
}
BH_DISCARD OPS=1{
  OP0 [ Addr: 0x23022a0 Dims: 1 Start: 0 Shape:  1 Stride:  1 Type: BH_FLOAT64 Data: (nil), Base: (nil)  ]
}
BH_ADD OPS=3{
  OP0 [ Addr: 0x22fcec0 Dims: 1 Start: 0 Shape:  1 Stride:  1 Type: BH_FLOAT64 Data: 0x7f3eb8922000, Base: (nil)  ]
  OP1 [ Addr: 0x22fcec0 Dims: 1 Start: 0 Shape:  1 Stride:  1 Type: BH_FLOAT64 Data: 0x7f3eb8922000, Base: (nil)  ]
  OP2 [ Addr: 0x2302410 Dims: 1 Start: 0 Shape:  1 Stride:  1 Type: BH_FLOAT64 Data: 0x7f3ea0219000, Base: (nil)  ]
}
BH_FREE OPS=1{
  OP0 [ Addr: 0x2302410 Dims: 1 Start: 0 Shape:  1 Stride:  1 Type: BH_FLOAT64 Data: 0x7f3ea0219000, Base: (nil)  ]
}
BH_DISCARD OPS=1{
  OP0 [ Addr: 0x2302410 Dims: 1 Start: 0 Shape:  1 Stride:  1 Type: BH_FLOAT64 Data: (nil), Base: (nil)  ]
}
BH_USERFUNC OPS=0{
  OUT0 [ Addr: 0x23025d0 Dims: 1 Start: 0 Shape:  10000000 Stride:  1 Type: BH_FLOAT64 Data: (nil), Base: (nil)  ]
}
BH_FREE OPS=1{
  OP0 [ Addr: 0x23014c0 Dims: 1 Start: 0 Shape:  10000000 Stride:  1 Type: BH_FLOAT64 Data: 0x7f3eb3cd6000, Base: (nil)  ]
}
BH_DISCARD OPS=1{
  OP0 [ Addr: 0x23014c0 Dims: 1 Start: 0 Shape:  10000000 Stride:  1 Type: BH_FLOAT64 Data: (nil), Base: (nil)  ]
}
BH_USERFUNC OPS=0{
  OUT0 [ Addr: 0x2302770 Dims: 1 Start: 0 Shape:  10000000 Stride:  1 Type: BH_FLOAT64 Data: (nil), Base: (nil)  ]
}
BH_FREE OPS=1{
  OP0 [ Addr: 0x2301660 Dims: 1 Start: 0 Shape:  10000000 Stride:  1 Type: BH_FLOAT64 Data: 0x7f3e91d35000, Base: (nil)  ]
}
BH_DISCARD OPS=1{
  OP0 [ Addr: 0x2301660 Dims: 1 Start: 0 Shape:  10000000 Stride:  1 Type: BH_FLOAT64 Data: (nil), Base: (nil)  ]
}
BH_MULTIPLY OPS=3{
  OP0 [ Addr: 0x23028e0 Dims: 1 Start: 0 Shape:  10000000 Stride:  1 Type: BH_FLOAT64 Data: (nil), Base: (nil)  ]
  OP1 [ Addr: 0x23025d0 Dims: 1 Start: 0 Shape:  10000000 Stride:  1 Type: BH_FLOAT64 Data: 0x7f3eaf08a000, Base: (nil)  ]
  OP2 [ Addr: 0x23025d0 Dims: 1 Start: 0 Shape:  10000000 Stride:  1 Type: BH_FLOAT64 Data: 0x7f3eaf08a000, Base: (nil)  ]
}
BH_MULTIPLY OPS=3{
  OP0 [ Addr: 0x2302a70 Dims: 1 Start: 0 Shape:  10000000 Stride:  1 Type: BH_FLOAT64 Data: (nil), Base: (nil)  ]
  OP1 [ Addr: 0x2302770 Dims: 1 Start: 0 Shape:  10000000 Stride:  1 Type: BH_FLOAT64 Data: 0x7f3ea57f2000, Base: (nil)  ]
  OP2 [ Addr: 0x2302770 Dims: 1 Start: 0 Shape:  10000000 Stride:  1 Type: BH_FLOAT64 Data: 0x7f3ea57f2000, Base: (nil)  ]
}
BH_ADD OPS=3{
  OP0 [ Addr: 0x2302c00 Dims: 1 Start: 0 Shape:  10000000 Stride:  1 Type: BH_FLOAT64 Data: (nil), Base: (nil)  ]
  OP1 [ Addr: 0x23028e0 Dims: 1 Start: 0 Shape:  10000000 Stride:  1 Type: BH_FLOAT64 Data: 0x7f3eb3cd6000, Base: (nil)  ]
  OP2 [ Addr: 0x2302a70 Dims: 1 Start: 0 Shape:  10000000 Stride:  1 Type: BH_FLOAT64 Data: 0x7f3e91d35000, Base: (nil)  ]
}
BH_FREE OPS=1{
  OP0 [ Addr: 0x23028e0 Dims: 1 Start: 0 Shape:  10000000 Stride:  1 Type: BH_FLOAT64 Data: 0x7f3eb3cd6000, Base: (nil)  ]
}
BH_DISCARD OPS=1{
  OP0 [ Addr: 0x23028e0 Dims: 1 Start: 0 Shape:  10000000 Stride:  1 Type: BH_FLOAT64 Data: (nil), Base: (nil)  ]
}
BH_FREE OPS=1{
  OP0 [ Addr: 0x2302a70 Dims: 1 Start: 0 Shape:  10000000 Stride:  1 Type: BH_FLOAT64 Data: 0x7f3e91d35000, Base: (nil)  ]
}
BH_DISCARD OPS=1{
  OP0 [ Addr: 0x2302a70 Dims: 1 Start: 0 Shape:  10000000 Stride:  1 Type: BH_FLOAT64 Data: (nil), Base: (nil)  ]
}
BH_SQRT OPS=2{
  OP0 [ Addr: 0x2302d90 Dims: 1 Start: 0 Shape:  10000000 Stride:  1 Type: BH_FLOAT64 Data: (nil), Base: (nil)  ]
  OP1 [ Addr: 0x2302c00 Dims: 1 Start: 0 Shape:  10000000 Stride:  1 Type: BH_FLOAT64 Data: 0x7f3eaa43e000, Base: (nil)  ]
}
BH_FREE OPS=1{
  OP0 [ Addr: 0x2302c00 Dims: 1 Start: 0 Shape:  10000000 Stride:  1 Type: BH_FLOAT64 Data: 0x7f3eaa43e000, Base: (nil)  ]
}
BH_DISCARD OPS=1{
  OP0 [ Addr: 0x2302c00 Dims: 1 Start: 0 Shape:  10000000 Stride:  1 Type: BH_FLOAT64 Data: (nil), Base: (nil)  ]
}
BH_LESS_EQUAL OPS=3{
  OP0 [ Addr: 0x2302f20 Dims: 1 Start: 0 Shape:  10000000 Stride:  1 Type: BH_BOOL Data: (nil), Base: (nil)  ]
  OP1 [ Addr: 0x2302d90 Dims: 1 Start: 0 Shape:  10000000 Stride:  1 Type: BH_FLOAT64 Data: 0x7f3eb3cd6000, Base: (nil)  ]
  OP2 [ CONST(BH_FLOAT64)=1.000000 ]
}
BH_FREE OPS=1{
  OP0 [ Addr: 0x2302d90 Dims: 1 Start: 0 Shape:  10000000 Stride:  1 Type: BH_FLOAT64 Data: 0x7f3eb3cd6000, Base: (nil)  ]
}
BH_DISCARD OPS=1{
  OP0 [ Addr: 0x2302d90 Dims: 1 Start: 0 Shape:  10000000 Stride:  1 Type: BH_FLOAT64 Data: (nil), Base: (nil)  ]
}
BH_IDENTITY OPS=2{
  OP0 [ Addr: 0x23030b0 Dims: 1 Start: 0 Shape:  10000000 Stride:  1 Type: BH_FLOAT64 Data: (nil), Base: (nil)  ]
  OP1 [ Addr: 0x2302f20 Dims: 1 Start: 0 Shape:  10000000 Stride:  1 Type: BH_BOOL Data: 0x7f3ea021c000, Base: (nil)  ]
}
BH_FREE OPS=1{
  OP0 [ Addr: 0x2302f20 Dims: 1 Start: 0 Shape:  10000000 Stride:  1 Type: BH_BOOL Data: 0x7f3ea021c000, Base: (nil)  ]
}
BH_DISCARD OPS=1{
  OP0 [ Addr: 0x2302f20 Dims: 1 Start: 0 Shape:  10000000 Stride:  1 Type: BH_BOOL Data: (nil), Base: (nil)  ]
}
BH_FREE OPS=1{
  OP0 [ Addr: 0x2301fa0 Dims: 1 Start: 0 Shape:  10000000 Stride:  1 Type: BH_FLOAT64 Data: 0x7f3e96981000, Base: (nil)  ]
}
BH_DISCARD OPS=1{
  OP0 [ Addr: 0x2301fa0 Dims: 1 Start: 0 Shape:  10000000 Stride:  1 Type: BH_FLOAT64 Data: (nil), Base: (nil)  ]
}
BH_ADD_REDUCE OPS=2{
  OP0 [ Addr: 0x2303240 Dims: 1 Start: 0 Shape:  1 Stride:  1 Type: BH_FLOAT64 Data: (nil), Base: (nil)  ]
  OP1 [ Addr: 0x23030b0 Dims: 1 Start: 0 Shape:  10000000 Stride:  1 Type: BH_FLOAT64 Data: 0x7f3e91d35000, Base: (nil)  ]
}
BH_FREE OPS=1{
  OP0 [ Addr: 0x2302130 Dims: 1 Start: 0 Shape:  1 Stride:  1 Type: BH_FLOAT64 Data: 0x7f3ea021b000, Base: (nil)  ]
}
BH_DISCARD OPS=1{
  OP0 [ Addr: 0x2302130 Dims: 1 Start: 0 Shape:  1 Stride:  1 Type: BH_FLOAT64 Data: (nil), Base: (nil)  ]
}
BH_MULTIPLY OPS=3{
  OP0 [ Addr: 0x23033b0 Dims: 1 Start: 0 Shape:  1 Stride:  1 Type: BH_FLOAT64 Data: (nil), Base: (nil)  ]
  OP1 [ Addr: 0x2303240 Dims: 1 Start: 0 Shape:  1 Stride:  1 Type: BH_FLOAT64 Data: 0x7f3ea0219000, Base: (nil)  ]
  OP2 [ CONST(BH_FLOAT64)=4.000000 ]
}
BH_DIVIDE OPS=3{
  OP0 [ Addr: 0x2303520 Dims: 1 Start: 0 Shape:  1 Stride:  1 Type: BH_FLOAT64 Data: (nil), Base: (nil)  ]
  OP1 [ Addr: 0x23033b0 Dims: 1 Start: 0 Shape:  1 Stride:  1 Type: BH_FLOAT64 Data: 0x7f3ea021b000, Base: (nil)  ]
  OP2 [ CONST(BH_FLOAT64)=10000000.000000 ]
}
BH_FREE OPS=1{
  OP0 [ Addr: 0x23033b0 Dims: 1 Start: 0 Shape:  1 Stride:  1 Type: BH_FLOAT64 Data: 0x7f3ea021b000, Base: (nil)  ]
}
BH_DISCARD OPS=1{
  OP0 [ Addr: 0x23033b0 Dims: 1 Start: 0 Shape:  1 Stride:  1 Type: BH_FLOAT64 Data: (nil), Base: (nil)  ]
}
BH_ADD OPS=3{
  OP0 [ Addr: 0x22fcec0 Dims: 1 Start: 0 Shape:  1 Stride:  1 Type: BH_FLOAT64 Data: 0x7f3eb8922000, Base: (nil)  ]
  OP1 [ Addr: 0x22fcec0 Dims: 1 Start: 0 Shape:  1 Stride:  1 Type: BH_FLOAT64 Data: 0x7f3eb8922000, Base: (nil)  ]
  OP2 [ Addr: 0x2303520 Dims: 1 Start: 0 Shape:  1 Stride:  1 Type: BH_FLOAT64 Data: 0x7f3ea57f1000, Base: (nil)  ]
}
BH_FREE OPS=1{
  OP0 [ Addr: 0x2303520 Dims: 1 Start: 0 Shape:  1 Stride:  1 Type: BH_FLOAT64 Data: 0x7f3ea57f1000, Base: (nil)  ]
}
BH_DISCARD OPS=1{
  OP0 [ Addr: 0x2303520 Dims: 1 Start: 0 Shape:  1 Stride:  1 Type: BH_FLOAT64 Data: (nil), Base: (nil)  ]
}
BH_USERFUNC OPS=0{
  OUT0 [ Addr: 0x23036e0 Dims: 1 Start: 0 Shape:  10000000 Stride:  1 Type: BH_FLOAT64 Data: (nil), Base: (nil)  ]
}
BH_FREE OPS=1{
  OP0 [ Addr: 0x23025d0 Dims: 1 Start: 0 Shape:  10000000 Stride:  1 Type: BH_FLOAT64 Data: 0x7f3eaf08a000, Base: (nil)  ]
}
BH_DISCARD OPS=1{
  OP0 [ Addr: 0x23025d0 Dims: 1 Start: 0 Shape:  10000000 Stride:  1 Type: BH_FLOAT64 Data: (nil), Base: (nil)  ]
}
BH_USERFUNC OPS=0{
  OUT0 [ Addr: 0x2303880 Dims: 1 Start: 0 Shape:  10000000 Stride:  1 Type: BH_FLOAT64 Data: (nil), Base: (nil)  ]
}
BH_FREE OPS=1{
  OP0 [ Addr: 0x2302770 Dims: 1 Start: 0 Shape:  10000000 Stride:  1 Type: BH_FLOAT64 Data: 0x7f3ea57f2000, Base: (nil)  ]
}
BH_DISCARD OPS=1{
  OP0 [ Addr: 0x2302770 Dims: 1 Start: 0 Shape:  10000000 Stride:  1 Type: BH_FLOAT64 Data: (nil), Base: (nil)  ]
}
BH_MULTIPLY OPS=3{
  OP0 [ Addr: 0x23039f0 Dims: 1 Start: 0 Shape:  10000000 Stride:  1 Type: BH_FLOAT64 Data: (nil), Base: (nil)  ]
  OP1 [ Addr: 0x23036e0 Dims: 1 Start: 0 Shape:  10000000 Stride:  1 Type: BH_FLOAT64 Data: 0x7f3e9b5cd000, Base: (nil)  ]
  OP2 [ Addr: 0x23036e0 Dims: 1 Start: 0 Shape:  10000000 Stride:  1 Type: BH_FLOAT64 Data: 0x7f3e9b5cd000, Base: (nil)  ]
}
BH_MULTIPLY OPS=3{
  OP0 [ Addr: 0x2303b80 Dims: 1 Start: 0 Shape:  10000000 Stride:  1 Type: BH_FLOAT64 Data: (nil), Base: (nil)  ]
  OP1 [ Addr: 0x2303880 Dims: 1 Start: 0 Shape:  10000000 Stride:  1 Type: BH_FLOAT64 Data: 0x7f3e8d0e9000, Base: (nil)  ]
  OP2 [ Addr: 0x2303880 Dims: 1 Start: 0 Shape:  10000000 Stride:  1 Type: BH_FLOAT64 Data: 0x7f3e8d0e9000, Base: (nil)  ]
}
BH_ADD OPS=3{
  OP0 [ Addr: 0x2303d10 Dims: 1 Start: 0 Shape:  10000000 Stride:  1 Type: BH_FLOAT64 Data: (nil), Base: (nil)  ]
  OP1 [ Addr: 0x23039f0 Dims: 1 Start: 0 Shape:  10000000 Stride:  1 Type: BH_FLOAT64 Data: 0x7f3eaf08a000, Base: (nil)  ]
  OP2 [ Addr: 0x2303b80 Dims: 1 Start: 0 Shape:  10000000 Stride:  1 Type: BH_FLOAT64 Data: 0x7f3ea57f2000, Base: (nil)  ]
}
BH_FREE OPS=1{
  OP0 [ Addr: 0x23039f0 Dims: 1 Start: 0 Shape:  10000000 Stride:  1 Type: BH_FLOAT64 Data: 0x7f3eaf08a000, Base: (nil)  ]
}
BH_DISCARD OPS=1{
  OP0 [ Addr: 0x23039f0 Dims: 1 Start: 0 Shape:  10000000 Stride:  1 Type: BH_FLOAT64 Data: (nil), Base: (nil)  ]
}
BH_FREE OPS=1{
  OP0 [ Addr: 0x2303b80 Dims: 1 Start: 0 Shape:  10000000 Stride:  1 Type: BH_FLOAT64 Data: 0x7f3ea57f2000, Base: (nil)  ]
}
BH_DISCARD OPS=1{
  OP0 [ Addr: 0x2303b80 Dims: 1 Start: 0 Shape:  10000000 Stride:  1 Type: BH_FLOAT64 Data: (nil), Base: (nil)  ]
}
BH_SQRT OPS=2{
  OP0 [ Addr: 0x2303ea0 Dims: 1 Start: 0 Shape:  10000000 Stride:  1 Type: BH_FLOAT64 Data: (nil), Base: (nil)  ]
  OP1 [ Addr: 0x2303d10 Dims: 1 Start: 0 Shape:  10000000 Stride:  1 Type: BH_FLOAT64 Data: 0x7f3eaa43e000, Base: (nil)  ]
}
BH_FREE OPS=1{
  OP0 [ Addr: 0x2303d10 Dims: 1 Start: 0 Shape:  10000000 Stride:  1 Type: BH_FLOAT64 Data: 0x7f3eaa43e000, Base: (nil)  ]
}
BH_DISCARD OPS=1{
  OP0 [ Addr: 0x2303d10 Dims: 1 Start: 0 Shape:  10000000 Stride:  1 Type: BH_FLOAT64 Data: (nil), Base: (nil)  ]
}
BH_LESS_EQUAL OPS=3{
  OP0 [ Addr: 0x2304030 Dims: 1 Start: 0 Shape:  10000000 Stride:  1 Type: BH_BOOL Data: (nil), Base: (nil)  ]
  OP1 [ Addr: 0x2303ea0 Dims: 1 Start: 0 Shape:  10000000 Stride:  1 Type: BH_FLOAT64 Data: 0x7f3eaf08a000, Base: (nil)  ]
  OP2 [ CONST(BH_FLOAT64)=1.000000 ]
}
BH_FREE OPS=1{
  OP0 [ Addr: 0x2303ea0 Dims: 1 Start: 0 Shape:  10000000 Stride:  1 Type: BH_FLOAT64 Data: 0x7f3eaf08a000, Base: (nil)  ]
}
BH_DISCARD OPS=1{
  OP0 [ Addr: 0x2303ea0 Dims: 1 Start: 0 Shape:  10000000 Stride:  1 Type: BH_FLOAT64 Data: (nil), Base: (nil)  ]
}
BH_IDENTITY OPS=2{
  OP0 [ Addr: 0x23041c0 Dims: 1 Start: 0 Shape:  10000000 Stride:  1 Type: BH_FLOAT64 Data: (nil), Base: (nil)  ]
  OP1 [ Addr: 0x2304030 Dims: 1 Start: 0 Shape:  10000000 Stride:  1 Type: BH_BOOL Data: 0x7f3ea021c000, Base: (nil)  ]
}
BH_FREE OPS=1{
  OP0 [ Addr: 0x2304030 Dims: 1 Start: 0 Shape:  10000000 Stride:  1 Type: BH_BOOL Data: 0x7f3ea021c000, Base: (nil)  ]
}
BH_DISCARD OPS=1{
  OP0 [ Addr: 0x2304030 Dims: 1 Start: 0 Shape:  10000000 Stride:  1 Type: BH_BOOL Data: (nil), Base: (nil)  ]
}
BH_FREE OPS=1{
  OP0 [ Addr: 0x23030b0 Dims: 1 Start: 0 Shape:  10000000 Stride:  1 Type: BH_FLOAT64 Data: 0x7f3e91d35000, Base: (nil)  ]
}
BH_DISCARD OPS=1{
  OP0 [ Addr: 0x23030b0 Dims: 1 Start: 0 Shape:  10000000 Stride:  1 Type: BH_FLOAT64 Data: (nil), Base: (nil)  ]
}
BH_ADD_REDUCE OPS=2{
  OP0 [ Addr: 0x2304350 Dims: 1 Start: 0 Shape:  1 Stride:  1 Type: BH_FLOAT64 Data: (nil), Base: (nil)  ]
  OP1 [ Addr: 0x23041c0 Dims: 1 Start: 0 Shape:  10000000 Stride:  1 Type: BH_FLOAT64 Data: 0x7f3ea57f2000, Base: (nil)  ]
}
BH_FREE OPS=1{
  OP0 [ Addr: 0x2303240 Dims: 1 Start: 0 Shape:  1 Stride:  1 Type: BH_FLOAT64 Data: 0x7f3ea0219000, Base: (nil)  ]
}
BH_DISCARD OPS=1{
  OP0 [ Addr: 0x2303240 Dims: 1 Start: 0 Shape:  1 Stride:  1 Type: BH_FLOAT64 Data: (nil), Base: (nil)  ]
}
BH_MULTIPLY OPS=3{
  OP0 [ Addr: 0x23044c0 Dims: 1 Start: 0 Shape:  1 Stride:  1 Type: BH_FLOAT64 Data: (nil), Base: (nil)  ]
  OP1 [ Addr: 0x2304350 Dims: 1 Start: 0 Shape:  1 Stride:  1 Type: BH_FLOAT64 Data: 0x7f3ea021b000, Base: (nil)  ]
  OP2 [ CONST(BH_FLOAT64)=4.000000 ]
}
BH_DIVIDE OPS=3{
  OP0 [ Addr: 0x2304630 Dims: 1 Start: 0 Shape:  1 Stride:  1 Type: BH_FLOAT64 Data: (nil), Base: (nil)  ]
  OP1 [ Addr: 0x23044c0 Dims: 1 Start: 0 Shape:  1 Stride:  1 Type: BH_FLOAT64 Data: 0x7f3ea0219000, Base: (nil)  ]
  OP2 [ CONST(BH_FLOAT64)=10000000.000000 ]
}
BH_FREE OPS=1{
  OP0 [ Addr: 0x23044c0 Dims: 1 Start: 0 Shape:  1 Stride:  1 Type: BH_FLOAT64 Data: 0x7f3ea0219000, Base: (nil)  ]
}
BH_DISCARD OPS=1{
  OP0 [ Addr: 0x23044c0 Dims: 1 Start: 0 Shape:  1 Stride:  1 Type: BH_FLOAT64 Data: (nil), Base: (nil)  ]
}
BH_ADD OPS=3{
  OP0 [ Addr: 0x22fcec0 Dims: 1 Start: 0 Shape:  1 Stride:  1 Type: BH_FLOAT64 Data: 0x7f3eb8922000, Base: (nil)  ]
  OP1 [ Addr: 0x22fcec0 Dims: 1 Start: 0 Shape:  1 Stride:  1 Type: BH_FLOAT64 Data: 0x7f3eb8922000, Base: (nil)  ]
  OP2 [ Addr: 0x2304630 Dims: 1 Start: 0 Shape:  1 Stride:  1 Type: BH_FLOAT64 Data: 0x7f3ea57f1000, Base: (nil)  ]
}
BH_FREE OPS=1{
  OP0 [ Addr: 0x2304630 Dims: 1 Start: 0 Shape:  1 Stride:  1 Type: BH_FLOAT64 Data: 0x7f3ea57f1000, Base: (nil)  ]
}
BH_DISCARD OPS=1{
  OP0 [ Addr: 0x2304630 Dims: 1 Start: 0 Shape:  1 Stride:  1 Type: BH_FLOAT64 Data: (nil), Base: (nil)  ]
}
BH_USERFUNC OPS=0{
  OUT0 [ Addr: 0x23047f0 Dims: 1 Start: 0 Shape:  10000000 Stride:  1 Type: BH_FLOAT64 Data: (nil), Base: (nil)  ]
}
BH_FREE OPS=1{
  OP0 [ Addr: 0x23036e0 Dims: 1 Start: 0 Shape:  10000000 Stride:  1 Type: BH_FLOAT64 Data: 0x7f3e9b5cd000, Base: (nil)  ]
}
BH_DISCARD OPS=1{
  OP0 [ Addr: 0x23036e0 Dims: 1 Start: 0 Shape:  10000000 Stride:  1 Type: BH_FLOAT64 Data: (nil), Base: (nil)  ]
}
BH_USERFUNC OPS=0{
  OUT0 [ Addr: 0x2304990 Dims: 1 Start: 0 Shape:  10000000 Stride:  1 Type: BH_FLOAT64 Data: (nil), Base: (nil)  ]
}
BH_FREE OPS=1{
  OP0 [ Addr: 0x2303880 Dims: 1 Start: 0 Shape:  10000000 Stride:  1 Type: BH_FLOAT64 Data: 0x7f3e8d0e9000, Base: (nil)  ]
}
BH_DISCARD OPS=1{
  OP0 [ Addr: 0x2303880 Dims: 1 Start: 0 Shape:  10000000 Stride:  1 Type: BH_FLOAT64 Data: (nil), Base: (nil)  ]
}
BH_MULTIPLY OPS=3{
  OP0 [ Addr: 0x2304b00 Dims: 1 Start: 0 Shape:  10000000 Stride:  1 Type: BH_FLOAT64 Data: (nil), Base: (nil)  ]
  OP1 [ Addr: 0x23047f0 Dims: 1 Start: 0 Shape:  10000000 Stride:  1 Type: BH_FLOAT64 Data: 0x7f3eb3cd6000, Base: (nil)  ]
  OP2 [ Addr: 0x23047f0 Dims: 1 Start: 0 Shape:  10000000 Stride:  1 Type: BH_FLOAT64 Data: 0x7f3eb3cd6000, Base: (nil)  ]
}
BH_MULTIPLY OPS=3{
  OP0 [ Addr: 0x2304c90 Dims: 1 Start: 0 Shape:  10000000 Stride:  1 Type: BH_FLOAT64 Data: (nil), Base: (nil)  ]
  OP1 [ Addr: 0x2304990 Dims: 1 Start: 0 Shape:  10000000 Stride:  1 Type: BH_FLOAT64 Data: 0x7f3e96981000, Base: (nil)  ]
  OP2 [ Addr: 0x2304990 Dims: 1 Start: 0 Shape:  10000000 Stride:  1 Type: BH_FLOAT64 Data: 0x7f3e96981000, Base: (nil)  ]
}
BH_ADD OPS=3{
  OP0 [ Addr: 0x2304e20 Dims: 1 Start: 0 Shape:  10000000 Stride:  1 Type: BH_FLOAT64 Data: (nil), Base: (nil)  ]
  OP1 [ Addr: 0x2304b00 Dims: 1 Start: 0 Shape:  10000000 Stride:  1 Type: BH_FLOAT64 Data: 0x7f3e9b5cd000, Base: (nil)  ]
  OP2 [ Addr: 0x2304c90 Dims: 1 Start: 0 Shape:  10000000 Stride:  1 Type: BH_FLOAT64 Data: 0x7f3e8d0e9000, Base: (nil)  ]
}
BH_FREE OPS=1{
  OP0 [ Addr: 0x2304b00 Dims: 1 Start: 0 Shape:  10000000 Stride:  1 Type: BH_FLOAT64 Data: 0x7f3e9b5cd000, Base: (nil)  ]
}
BH_DISCARD OPS=1{
  OP0 [ Addr: 0x2304b00 Dims: 1 Start: 0 Shape:  10000000 Stride:  1 Type: BH_FLOAT64 Data: (nil), Base: (nil)  ]
}
BH_FREE OPS=1{
  OP0 [ Addr: 0x2304c90 Dims: 1 Start: 0 Shape:  10000000 Stride:  1 Type: BH_FLOAT64 Data: 0x7f3e8d0e9000, Base: (nil)  ]
}
BH_DISCARD OPS=1{
  OP0 [ Addr: 0x2304c90 Dims: 1 Start: 0 Shape:  10000000 Stride:  1 Type: BH_FLOAT64 Data: (nil), Base: (nil)  ]
}
BH_SQRT OPS=2{
  OP0 [ Addr: 0x2304fb0 Dims: 1 Start: 0 Shape:  10000000 Stride:  1 Type: BH_FLOAT64 Data: (nil), Base: (nil)  ]
  OP1 [ Addr: 0x2304e20 Dims: 1 Start: 0 Shape:  10000000 Stride:  1 Type: BH_FLOAT64 Data: 0x7f3eaa43e000, Base: (nil)  ]
}
BH_FREE OPS=1{
  OP0 [ Addr: 0x2304e20 Dims: 1 Start: 0 Shape:  10000000 Stride:  1 Type: BH_FLOAT64 Data: 0x7f3eaa43e000, Base: (nil)  ]
}
BH_DISCARD OPS=1{
  OP0 [ Addr: 0x2304e20 Dims: 1 Start: 0 Shape:  10000000 Stride:  1 Type: BH_FLOAT64 Data: (nil), Base: (nil)  ]
}
BH_LESS_EQUAL OPS=3{
  OP0 [ Addr: 0x2305140 Dims: 1 Start: 0 Shape:  10000000 Stride:  1 Type: BH_BOOL Data: (nil), Base: (nil)  ]
  OP1 [ Addr: 0x2304fb0 Dims: 1 Start: 0 Shape:  10000000 Stride:  1 Type: BH_FLOAT64 Data: 0x7f3e9b5cd000, Base: (nil)  ]
  OP2 [ CONST(BH_FLOAT64)=1.000000 ]
}
BH_FREE OPS=1{
  OP0 [ Addr: 0x2304fb0 Dims: 1 Start: 0 Shape:  10000000 Stride:  1 Type: BH_FLOAT64 Data: 0x7f3e9b5cd000, Base: (nil)  ]
}
BH_DISCARD OPS=1{
  OP0 [ Addr: 0x2304fb0 Dims: 1 Start: 0 Shape:  10000000 Stride:  1 Type: BH_FLOAT64 Data: (nil), Base: (nil)  ]
}
BH_IDENTITY OPS=2{
  OP0 [ Addr: 0x23052d0 Dims: 1 Start: 0 Shape:  10000000 Stride:  1 Type: BH_FLOAT64 Data: (nil), Base: (nil)  ]
  OP1 [ Addr: 0x2305140 Dims: 1 Start: 0 Shape:  10000000 Stride:  1 Type: BH_BOOL Data: 0x7f3ea021c000, Base: (nil)  ]
}
BH_FREE OPS=1{
  OP0 [ Addr: 0x2305140 Dims: 1 Start: 0 Shape:  10000000 Stride:  1 Type: BH_BOOL Data: 0x7f3ea021c000, Base: (nil)  ]
}
BH_DISCARD OPS=1{
  OP0 [ Addr: 0x2305140 Dims: 1 Start: 0 Shape:  10000000 Stride:  1 Type: BH_BOOL Data: (nil), Base: (nil)  ]
}
BH_FREE OPS=1{
  OP0 [ Addr: 0x23041c0 Dims: 1 Start: 0 Shape:  10000000 Stride:  1 Type: BH_FLOAT64 Data: 0x7f3ea57f2000, Base: (nil)  ]
}
BH_DISCARD OPS=1{
  OP0 [ Addr: 0x23041c0 Dims: 1 Start: 0 Shape:  10000000 Stride:  1 Type: BH_FLOAT64 Data: (nil), Base: (nil)  ]
}
BH_ADD_REDUCE OPS=2{
  OP0 [ Addr: 0x2305460 Dims: 1 Start: 0 Shape:  1 Stride:  1 Type: BH_FLOAT64 Data: (nil), Base: (nil)  ]
  OP1 [ Addr: 0x23052d0 Dims: 1 Start: 0 Shape:  10000000 Stride:  1 Type: BH_FLOAT64 Data: 0x7f3e8d0e9000, Base: (nil)  ]
}
BH_FREE OPS=1{
  OP0 [ Addr: 0x2304350 Dims: 1 Start: 0 Shape:  1 Stride:  1 Type: BH_FLOAT64 Data: 0x7f3ea021b000, Base: (nil)  ]
}
BH_DISCARD OPS=1{
  OP0 [ Addr: 0x2304350 Dims: 1 Start: 0 Shape:  1 Stride:  1 Type: BH_FLOAT64 Data: (nil), Base: (nil)  ]
}
BH_MULTIPLY OPS=3{
  OP0 [ Addr: 0x23055d0 Dims: 1 Start: 0 Shape:  1 Stride:  1 Type: BH_FLOAT64 Data: (nil), Base: (nil)  ]
  OP1 [ Addr: 0x2305460 Dims: 1 Start: 0 Shape:  1 Stride:  1 Type: BH_FLOAT64 Data: 0x7f3ea0219000, Base: (nil)  ]
  OP2 [ CONST(BH_FLOAT64)=4.000000 ]
}
BH_DIVIDE OPS=3{
  OP0 [ Addr: 0x2305740 Dims: 1 Start: 0 Shape:  1 Stride:  1 Type: BH_FLOAT64 Data: (nil), Base: (nil)  ]
  OP1 [ Addr: 0x23055d0 Dims: 1 Start: 0 Shape:  1 Stride:  1 Type: BH_FLOAT64 Data: 0x7f3ea021b000, Base: (nil)  ]
  OP2 [ CONST(BH_FLOAT64)=10000000.000000 ]
}
BH_FREE OPS=1{
  OP0 [ Addr: 0x23055d0 Dims: 1 Start: 0 Shape:  1 Stride:  1 Type: BH_FLOAT64 Data: 0x7f3ea021b000, Base: (nil)  ]
}
BH_DISCARD OPS=1{
  OP0 [ Addr: 0x23055d0 Dims: 1 Start: 0 Shape:  1 Stride:  1 Type: BH_FLOAT64 Data: (nil), Base: (nil)  ]
}
BH_ADD OPS=3{
  OP0 [ Addr: 0x22fcec0 Dims: 1 Start: 0 Shape:  1 Stride:  1 Type: BH_FLOAT64 Data: 0x7f3eb8922000, Base: (nil)  ]
  OP1 [ Addr: 0x22fcec0 Dims: 1 Start: 0 Shape:  1 Stride:  1 Type: BH_FLOAT64 Data: 0x7f3eb8922000, Base: (nil)  ]
  OP2 [ Addr: 0x2305740 Dims: 1 Start: 0 Shape:  1 Stride:  1 Type: BH_FLOAT64 Data: 0x7f3ea57f1000, Base: (nil)  ]
}
BH_FREE OPS=1{
  OP0 [ Addr: 0x2305740 Dims: 1 Start: 0 Shape:  1 Stride:  1 Type: BH_FLOAT64 Data: 0x7f3ea57f1000, Base: (nil)  ]
}
BH_DISCARD OPS=1{
  OP0 [ Addr: 0x2305740 Dims: 1 Start: 0 Shape:  1 Stride:  1 Type: BH_FLOAT64 Data: (nil), Base: (nil)  ]
}
BH_USERFUNC OPS=0{
  OUT0 [ Addr: 0x2305900 Dims: 1 Start: 0 Shape:  10000000 Stride:  1 Type: BH_FLOAT64 Data: (nil), Base: (nil)  ]
}
BH_FREE OPS=1{
  OP0 [ Addr: 0x23047f0 Dims: 1 Start: 0 Shape:  10000000 Stride:  1 Type: BH_FLOAT64 Data: 0x7f3eb3cd6000, Base: (nil)  ]
}
BH_DISCARD OPS=1{
  OP0 [ Addr: 0x23047f0 Dims: 1 Start: 0 Shape:  10000000 Stride:  1 Type: BH_FLOAT64 Data: (nil), Base: (nil)  ]
}
BH_USERFUNC OPS=0{
  OUT0 [ Addr: 0x2305aa0 Dims: 1 Start: 0 Shape:  10000000 Stride:  1 Type: BH_FLOAT64 Data: (nil), Base: (nil)  ]
}
BH_FREE OPS=1{
  OP0 [ Addr: 0x2304990 Dims: 1 Start: 0 Shape:  10000000 Stride:  1 Type: BH_FLOAT64 Data: 0x7f3e96981000, Base: (nil)  ]
}
BH_DISCARD OPS=1{
  OP0 [ Addr: 0x2304990 Dims: 1 Start: 0 Shape:  10000000 Stride:  1 Type: BH_FLOAT64 Data: (nil), Base: (nil)  ]
}
BH_MULTIPLY OPS=3{
  OP0 [ Addr: 0x2305c10 Dims: 1 Start: 0 Shape:  10000000 Stride:  1 Type: BH_FLOAT64 Data: (nil), Base: (nil)  ]
  OP1 [ Addr: 0x2305900 Dims: 1 Start: 0 Shape:  10000000 Stride:  1 Type: BH_FLOAT64 Data: 0x7f3eaf08a000, Base: (nil)  ]
  OP2 [ Addr: 0x2305900 Dims: 1 Start: 0 Shape:  10000000 Stride:  1 Type: BH_FLOAT64 Data: 0x7f3eaf08a000, Base: (nil)  ]
}
BH_MULTIPLY OPS=3{
  OP0 [ Addr: 0x2305da0 Dims: 1 Start: 0 Shape:  10000000 Stride:  1 Type: BH_FLOAT64 Data: (nil), Base: (nil)  ]
  OP1 [ Addr: 0x2305aa0 Dims: 1 Start: 0 Shape:  10000000 Stride:  1 Type: BH_FLOAT64 Data: 0x7f3e91d35000, Base: (nil)  ]
  OP2 [ Addr: 0x2305aa0 Dims: 1 Start: 0 Shape:  10000000 Stride:  1 Type: BH_FLOAT64 Data: 0x7f3e91d35000, Base: (nil)  ]
}
BH_ADD OPS=3{
  OP0 [ Addr: 0x2305f30 Dims: 1 Start: 0 Shape:  10000000 Stride:  1 Type: BH_FLOAT64 Data: (nil), Base: (nil)  ]
  OP1 [ Addr: 0x2305c10 Dims: 1 Start: 0 Shape:  10000000 Stride:  1 Type: BH_FLOAT64 Data: 0x7f3ea57f2000, Base: (nil)  ]
  OP2 [ Addr: 0x2305da0 Dims: 1 Start: 0 Shape:  10000000 Stride:  1 Type: BH_FLOAT64 Data: 0x7f3eb3cd6000, Base: (nil)  ]
}
BH_FREE OPS=1{
  OP0 [ Addr: 0x2305c10 Dims: 1 Start: 0 Shape:  10000000 Stride:  1 Type: BH_FLOAT64 Data: 0x7f3ea57f2000, Base: (nil)  ]
}
BH_DISCARD OPS=1{
  OP0 [ Addr: 0x2305c10 Dims: 1 Start: 0 Shape:  10000000 Stride:  1 Type: BH_FLOAT64 Data: (nil), Base: (nil)  ]
}
BH_FREE OPS=1{
  OP0 [ Addr: 0x2305da0 Dims: 1 Start: 0 Shape:  10000000 Stride:  1 Type: BH_FLOAT64 Data: 0x7f3eb3cd6000, Base: (nil)  ]
}
BH_DISCARD OPS=1{
  OP0 [ Addr: 0x2305da0 Dims: 1 Start: 0 Shape:  10000000 Stride:  1 Type: BH_FLOAT64 Data: (nil), Base: (nil)  ]
}
BH_SQRT OPS=2{
  OP0 [ Addr: 0x23060c0 Dims: 1 Start: 0 Shape:  10000000 Stride:  1 Type: BH_FLOAT64 Data: (nil), Base: (nil)  ]
  OP1 [ Addr: 0x2305f30 Dims: 1 Start: 0 Shape:  10000000 Stride:  1 Type: BH_FLOAT64 Data: 0x7f3e96981000, Base: (nil)  ]
}
BH_FREE OPS=1{
  OP0 [ Addr: 0x2305f30 Dims: 1 Start: 0 Shape:  10000000 Stride:  1 Type: BH_FLOAT64 Data: 0x7f3e96981000, Base: (nil)  ]
}
BH_DISCARD OPS=1{
  OP0 [ Addr: 0x2305f30 Dims: 1 Start: 0 Shape:  10000000 Stride:  1 Type: BH_FLOAT64 Data: (nil), Base: (nil)  ]
}
BH_LESS_EQUAL OPS=3{
  OP0 [ Addr: 0x2306250 Dims: 1 Start: 0 Shape:  10000000 Stride:  1 Type: BH_BOOL Data: (nil), Base: (nil)  ]
  OP1 [ Addr: 0x23060c0 Dims: 1 Start: 0 Shape:  10000000 Stride:  1 Type: BH_FLOAT64 Data: 0x7f3ea57f2000, Base: (nil)  ]
  OP2 [ CONST(BH_FLOAT64)=1.000000 ]
}
BH_FREE OPS=1{
  OP0 [ Addr: 0x23060c0 Dims: 1 Start: 0 Shape:  10000000 Stride:  1 Type: BH_FLOAT64 Data: 0x7f3ea57f2000, Base: (nil)  ]
}
BH_DISCARD OPS=1{
  OP0 [ Addr: 0x23060c0 Dims: 1 Start: 0 Shape:  10000000 Stride:  1 Type: BH_FLOAT64 Data: (nil), Base: (nil)  ]
}
BH_IDENTITY OPS=2{
  OP0 [ Addr: 0x23063e0 Dims: 1 Start: 0 Shape:  10000000 Stride:  1 Type: BH_FLOAT64 Data: (nil), Base: (nil)  ]
  OP1 [ Addr: 0x2306250 Dims: 1 Start: 0 Shape:  10000000 Stride:  1 Type: BH_BOOL Data: 0x7f3ea021c000, Base: (nil)  ]
}
BH_FREE OPS=1{
  OP0 [ Addr: 0x2306250 Dims: 1 Start: 0 Shape:  10000000 Stride:  1 Type: BH_BOOL Data: 0x7f3ea021c000, Base: (nil)  ]
}
BH_DISCARD OPS=1{
  OP0 [ Addr: 0x2306250 Dims: 1 Start: 0 Shape:  10000000 Stride:  1 Type: BH_BOOL Data: (nil), Base: (nil)  ]
}
BH_FREE OPS=1{
  OP0 [ Addr: 0x23052d0 Dims: 1 Start: 0 Shape:  10000000 Stride:  1 Type: BH_FLOAT64 Data: 0x7f3e8d0e9000, Base: (nil)  ]
}
BH_DISCARD OPS=1{
  OP0 [ Addr: 0x23052d0 Dims: 1 Start: 0 Shape:  10000000 Stride:  1 Type: BH_FLOAT64 Data: (nil), Base: (nil)  ]
}
BH_ADD_REDUCE OPS=2{
  OP0 [ Addr: 0x2306570 Dims: 1 Start: 0 Shape:  1 Stride:  1 Type: BH_FLOAT64 Data: (nil), Base: (nil)  ]
  OP1 [ Addr: 0x23063e0 Dims: 1 Start: 0 Shape:  10000000 Stride:  1 Type: BH_FLOAT64 Data: 0x7f3eb3cd6000, Base: (nil)  ]
}
BH_FREE OPS=1{
  OP0 [ Addr: 0x2305460 Dims: 1 Start: 0 Shape:  1 Stride:  1 Type: BH_FLOAT64 Data: 0x7f3ea0219000, Base: (nil)  ]
}
BH_DISCARD OPS=1{
  OP0 [ Addr: 0x2305460 Dims: 1 Start: 0 Shape:  1 Stride:  1 Type: BH_FLOAT64 Data: (nil), Base: (nil)  ]
}
BH_MULTIPLY OPS=3{
  OP0 [ Addr: 0x23066e0 Dims: 1 Start: 0 Shape:  1 Stride:  1 Type: BH_FLOAT64 Data: (nil), Base: (nil)  ]
  OP1 [ Addr: 0x2306570 Dims: 1 Start: 0 Shape:  1 Stride:  1 Type: BH_FLOAT64 Data: 0x7f3ea021b000, Base: (nil)  ]
  OP2 [ CONST(BH_FLOAT64)=4.000000 ]
}
BH_DIVIDE OPS=3{
  OP0 [ Addr: 0x2306850 Dims: 1 Start: 0 Shape:  1 Stride:  1 Type: BH_FLOAT64 Data: (nil), Base: (nil)  ]
  OP1 [ Addr: 0x23066e0 Dims: 1 Start: 0 Shape:  1 Stride:  1 Type: BH_FLOAT64 Data: 0x7f3ea0219000, Base: (nil)  ]
  OP2 [ CONST(BH_FLOAT64)=10000000.000000 ]
}
BH_FREE OPS=1{
  OP0 [ Addr: 0x23066e0 Dims: 1 Start: 0 Shape:  1 Stride:  1 Type: BH_FLOAT64 Data: 0x7f3ea0219000, Base: (nil)  ]
}
BH_DISCARD OPS=1{
  OP0 [ Addr: 0x23066e0 Dims: 1 Start: 0 Shape:  1 Stride:  1 Type: BH_FLOAT64 Data: (nil), Base: (nil)  ]
}
BH_ADD OPS=3{
  OP0 [ Addr: 0x22fcec0 Dims: 1 Start: 0 Shape:  1 Stride:  1 Type: BH_FLOAT64 Data: 0x7f3eb8922000, Base: (nil)  ]
  OP1 [ Addr: 0x22fcec0 Dims: 1 Start: 0 Shape:  1 Stride:  1 Type: BH_FLOAT64 Data: 0x7f3eb8922000, Base: (nil)  ]
  OP2 [ Addr: 0x2306850 Dims: 1 Start: 0 Shape:  1 Stride:  1 Type: BH_FLOAT64 Data: 0x7f3ea57f1000, Base: (nil)  ]
}
BH_FREE OPS=1{
  OP0 [ Addr: 0x2306850 Dims: 1 Start: 0 Shape:  1 Stride:  1 Type: BH_FLOAT64 Data: 0x7f3ea57f1000, Base: (nil)  ]
}
BH_DISCARD OPS=1{
  OP0 [ Addr: 0x2306850 Dims: 1 Start: 0 Shape:  1 Stride:  1 Type: BH_FLOAT64 Data: (nil), Base: (nil)  ]
}
BH_USERFUNC OPS=0{
  OUT0 [ Addr: 0x2306a10 Dims: 1 Start: 0 Shape:  10000000 Stride:  1 Type: BH_FLOAT64 Data: (nil), Base: (nil)  ]
}
BH_FREE OPS=1{
  OP0 [ Addr: 0x2305900 Dims: 1 Start: 0 Shape:  10000000 Stride:  1 Type: BH_FLOAT64 Data: 0x7f3eaf08a000, Base: (nil)  ]
}
BH_DISCARD OPS=1{
  OP0 [ Addr: 0x2305900 Dims: 1 Start: 0 Shape:  10000000 Stride:  1 Type: BH_FLOAT64 Data: (nil), Base: (nil)  ]
}
BH_USERFUNC OPS=0{
  OUT0 [ Addr: 0x2306bb0 Dims: 1 Start: 0 Shape:  10000000 Stride:  1 Type: BH_FLOAT64 Data: (nil), Base: (nil)  ]
}
BH_FREE OPS=1{
  OP0 [ Addr: 0x2305aa0 Dims: 1 Start: 0 Shape:  10000000 Stride:  1 Type: BH_FLOAT64 Data: 0x7f3e91d35000, Base: (nil)  ]
}
BH_DISCARD OPS=1{
  OP0 [ Addr: 0x2305aa0 Dims: 1 Start: 0 Shape:  10000000 Stride:  1 Type: BH_FLOAT64 Data: (nil), Base: (nil)  ]
}
BH_MULTIPLY OPS=3{
  OP0 [ Addr: 0x2306d20 Dims: 1 Start: 0 Shape:  10000000 Stride:  1 Type: BH_FLOAT64 Data: (nil), Base: (nil)  ]
  OP1 [ Addr: 0x2306a10 Dims: 1 Start: 0 Shape:  10000000 Stride:  1 Type: BH_FLOAT64 Data: 0x7f3eaa43e000, Base: (nil)  ]
  OP2 [ Addr: 0x2306a10 Dims: 1 Start: 0 Shape:  10000000 Stride:  1 Type: BH_FLOAT64 Data: 0x7f3eaa43e000, Base: (nil)  ]
}
BH_MULTIPLY OPS=3{
  OP0 [ Addr: 0x2306eb0 Dims: 1 Start: 0 Shape:  10000000 Stride:  1 Type: BH_FLOAT64 Data: (nil), Base: (nil)  ]
  OP1 [ Addr: 0x2306bb0 Dims: 1 Start: 0 Shape:  10000000 Stride:  1 Type: BH_FLOAT64 Data: 0x7f3e9b5cd000, Base: (nil)  ]
  OP2 [ Addr: 0x2306bb0 Dims: 1 Start: 0 Shape:  10000000 Stride:  1 Type: BH_FLOAT64 Data: 0x7f3e9b5cd000, Base: (nil)  ]
}
BH_ADD OPS=3{
  OP0 [ Addr: 0x2307040 Dims: 1 Start: 0 Shape:  10000000 Stride:  1 Type: BH_FLOAT64 Data: (nil), Base: (nil)  ]
  OP1 [ Addr: 0x2306d20 Dims: 1 Start: 0 Shape:  10000000 Stride:  1 Type: BH_FLOAT64 Data: 0x7f3e8d0e9000, Base: (nil)  ]
  OP2 [ Addr: 0x2306eb0 Dims: 1 Start: 0 Shape:  10000000 Stride:  1 Type: BH_FLOAT64 Data: 0x7f3eaf08a000, Base: (nil)  ]
}
BH_FREE OPS=1{
  OP0 [ Addr: 0x2306d20 Dims: 1 Start: 0 Shape:  10000000 Stride:  1 Type: BH_FLOAT64 Data: 0x7f3e8d0e9000, Base: (nil)  ]
}
BH_DISCARD OPS=1{
  OP0 [ Addr: 0x2306d20 Dims: 1 Start: 0 Shape:  10000000 Stride:  1 Type: BH_FLOAT64 Data: (nil), Base: (nil)  ]
}
BH_FREE OPS=1{
  OP0 [ Addr: 0x2306eb0 Dims: 1 Start: 0 Shape:  10000000 Stride:  1 Type: BH_FLOAT64 Data: 0x7f3eaf08a000, Base: (nil)  ]
}
BH_DISCARD OPS=1{
  OP0 [ Addr: 0x2306eb0 Dims: 1 Start: 0 Shape:  10000000 Stride:  1 Type: BH_FLOAT64 Data: (nil), Base: (nil)  ]
}
BH_SQRT OPS=2{
  OP0 [ Addr: 0x23071d0 Dims: 1 Start: 0 Shape:  10000000 Stride:  1 Type: BH_FLOAT64 Data: (nil), Base: (nil)  ]
  OP1 [ Addr: 0x2307040 Dims: 1 Start: 0 Shape:  10000000 Stride:  1 Type: BH_FLOAT64 Data: 0x7f3e91d35000, Base: (nil)  ]
}
BH_FREE OPS=1{
  OP0 [ Addr: 0x2307040 Dims: 1 Start: 0 Shape:  10000000 Stride:  1 Type: BH_FLOAT64 Data: 0x7f3e91d35000, Base: (nil)  ]
}
BH_DISCARD OPS=1{
  OP0 [ Addr: 0x2307040 Dims: 1 Start: 0 Shape:  10000000 Stride:  1 Type: BH_FLOAT64 Data: (nil), Base: (nil)  ]
}
BH_LESS_EQUAL OPS=3{
  OP0 [ Addr: 0x2307360 Dims: 1 Start: 0 Shape:  10000000 Stride:  1 Type: BH_BOOL Data: (nil), Base: (nil)  ]
  OP1 [ Addr: 0x23071d0 Dims: 1 Start: 0 Shape:  10000000 Stride:  1 Type: BH_FLOAT64 Data: 0x7f3e8d0e9000, Base: (nil)  ]
  OP2 [ CONST(BH_FLOAT64)=1.000000 ]
}
BH_FREE OPS=1{
  OP0 [ Addr: 0x23071d0 Dims: 1 Start: 0 Shape:  10000000 Stride:  1 Type: BH_FLOAT64 Data: 0x7f3e8d0e9000, Base: (nil)  ]
}
BH_DISCARD OPS=1{
  OP0 [ Addr: 0x23071d0 Dims: 1 Start: 0 Shape:  10000000 Stride:  1 Type: BH_FLOAT64 Data: (nil), Base: (nil)  ]
}
BH_IDENTITY OPS=2{
  OP0 [ Addr: 0x23074f0 Dims: 1 Start: 0 Shape:  10000000 Stride:  1 Type: BH_FLOAT64 Data: (nil), Base: (nil)  ]
  OP1 [ Addr: 0x2307360 Dims: 1 Start: 0 Shape:  10000000 Stride:  1 Type: BH_BOOL Data: 0x7f3ea021c000, Base: (nil)  ]
}
BH_FREE OPS=1{
  OP0 [ Addr: 0x2307360 Dims: 1 Start: 0 Shape:  10000000 Stride:  1 Type: BH_BOOL Data: 0x7f3ea021c000, Base: (nil)  ]
}
BH_DISCARD OPS=1{
  OP0 [ Addr: 0x2307360 Dims: 1 Start: 0 Shape:  10000000 Stride:  1 Type: BH_BOOL Data: (nil), Base: (nil)  ]
}
BH_FREE OPS=1{
  OP0 [ Addr: 0x23063e0 Dims: 1 Start: 0 Shape:  10000000 Stride:  1 Type: BH_FLOAT64 Data: 0x7f3eb3cd6000, Base: (nil)  ]
}
BH_DISCARD OPS=1{
  OP0 [ Addr: 0x23063e0 Dims: 1 Start: 0 Shape:  10000000 Stride:  1 Type: BH_FLOAT64 Data: (nil), Base: (nil)  ]
}
BH_ADD_REDUCE OPS=2{
  OP0 [ Addr: 0x2307680 Dims: 1 Start: 0 Shape:  1 Stride:  1 Type: BH_FLOAT64 Data: (nil), Base: (nil)  ]
  OP1 [ Addr: 0x23074f0 Dims: 1 Start: 0 Shape:  10000000 Stride:  1 Type: BH_FLOAT64 Data: 0x7f3e8d0e9000, Base: (nil)  ]
}
BH_FREE OPS=1{
  OP0 [ Addr: 0x2306570 Dims: 1 Start: 0 Shape:  1 Stride:  1 Type: BH_FLOAT64 Data: 0x7f3ea021b000, Base: (nil)  ]
}
BH_DISCARD OPS=1{
  OP0 [ Addr: 0x2306570 Dims: 1 Start: 0 Shape:  1 Stride:  1 Type: BH_FLOAT64 Data: (nil), Base: (nil)  ]
}
BH_MULTIPLY OPS=3{
  OP0 [ Addr: 0x23077f0 Dims: 1 Start: 0 Shape:  1 Stride:  1 Type: BH_FLOAT64 Data: (nil), Base: (nil)  ]
  OP1 [ Addr: 0x2307680 Dims: 1 Start: 0 Shape:  1 Stride:  1 Type: BH_FLOAT64 Data: 0x7f3ea0219000, Base: (nil)  ]
  OP2 [ CONST(BH_FLOAT64)=4.000000 ]
}
BH_DIVIDE OPS=3{
  OP0 [ Addr: 0x2307960 Dims: 1 Start: 0 Shape:  1 Stride:  1 Type: BH_FLOAT64 Data: (nil), Base: (nil)  ]
  OP1 [ Addr: 0x23077f0 Dims: 1 Start: 0 Shape:  1 Stride:  1 Type: BH_FLOAT64 Data: 0x7f3ea021b000, Base: (nil)  ]
  OP2 [ CONST(BH_FLOAT64)=10000000.000000 ]
}
BH_FREE OPS=1{
  OP0 [ Addr: 0x23077f0 Dims: 1 Start: 0 Shape:  1 Stride:  1 Type: BH_FLOAT64 Data: 0x7f3ea021b000, Base: (nil)  ]
}
BH_DISCARD OPS=1{
  OP0 [ Addr: 0x23077f0 Dims: 1 Start: 0 Shape:  1 Stride:  1 Type: BH_FLOAT64 Data: (nil), Base: (nil)  ]
}
BH_ADD OPS=3{
  OP0 [ Addr: 0x22fcec0 Dims: 1 Start: 0 Shape:  1 Stride:  1 Type: BH_FLOAT64 Data: 0x7f3eb8922000, Base: (nil)  ]
  OP1 [ Addr: 0x22fcec0 Dims: 1 Start: 0 Shape:  1 Stride:  1 Type: BH_FLOAT64 Data: 0x7f3eb8922000, Base: (nil)  ]
  OP2 [ Addr: 0x2307960 Dims: 1 Start: 0 Shape:  1 Stride:  1 Type: BH_FLOAT64 Data: 0x7f3ea57f1000, Base: (nil)  ]
}
BH_FREE OPS=1{
  OP0 [ Addr: 0x2307960 Dims: 1 Start: 0 Shape:  1 Stride:  1 Type: BH_FLOAT64 Data: 0x7f3ea57f1000, Base: (nil)  ]
}
BH_DISCARD OPS=1{
  OP0 [ Addr: 0x2307960 Dims: 1 Start: 0 Shape:  1 Stride:  1 Type: BH_FLOAT64 Data: (nil), Base: (nil)  ]
}
BH_DIVIDE OPS=3{
  OP0 [ Addr: 0x22fcec0 Dims: 1 Start: 0 Shape:  1 Stride:  1 Type: BH_FLOAT64 Data: 0x7f3eb8922000, Base: (nil)  ]
  OP1 [ Addr: 0x22fcec0 Dims: 1 Start: 0 Shape:  1 Stride:  1 Type: BH_FLOAT64 Data: 0x7f3eb8922000, Base: (nil)  ]
  OP2 [ CONST(BH_FLOAT64)=10.000000 ]
}
BH_SYNC OPS=1{
  OP0 [ Addr: 0x22fcec0 Dims: 1 Start: 0 Shape:  1 Stride:  1 Type: BH_FLOAT64 Data: 0x7f3eb8922000, Base: (nil)  ]
}
BH_FREE OPS=1{
  OP0 [ Addr: 0x22fcec0 Dims: 1 Start: 0 Shape:  1 Stride:  1 Type: BH_FLOAT64 Data: 0x7f3eb8922000, Base: (nil)  ]
}
BH_DISCARD OPS=1{
  OP0 [ Addr: 0x22fcec0 Dims: 1 Start: 0 Shape:  1 Stride:  1 Type: BH_FLOAT64 Data: (nil), Base: (nil)  ]
}
BH_FREE OPS=1{
  OP0 [ Addr: 0x2307680 Dims: 1 Start: 0 Shape:  1 Stride:  1 Type: BH_FLOAT64 Data: 0x7f3ea0219000, Base: (nil)  ]
}
BH_DISCARD OPS=1{
  OP0 [ Addr: 0x2307680 Dims: 1 Start: 0 Shape:  1 Stride:  1 Type: BH_FLOAT64 Data: (nil), Base: (nil)  ]
}
BH_FREE OPS=1{
  OP0 [ Addr: 0x23074f0 Dims: 1 Start: 0 Shape:  10000000 Stride:  1 Type: BH_FLOAT64 Data: 0x7f3e8d0e9000, Base: (nil)  ]
}
BH_DISCARD OPS=1{
  OP0 [ Addr: 0x23074f0 Dims: 1 Start: 0 Shape:  10000000 Stride:  1 Type: BH_FLOAT64 Data: (nil), Base: (nil)  ]
}
BH_FREE OPS=1{
  OP0 [ Addr: 0x2306bb0 Dims: 1 Start: 0 Shape:  10000000 Stride:  1 Type: BH_FLOAT64 Data: 0x7f3e9b5cd000, Base: (nil)  ]
}
BH_DISCARD OPS=1{
  OP0 [ Addr: 0x2306bb0 Dims: 1 Start: 0 Shape:  10000000 Stride:  1 Type: BH_FLOAT64 Data: (nil), Base: (nil)  ]
}
BH_FREE OPS=1{
  OP0 [ Addr: 0x2306a10 Dims: 1 Start: 0 Shape:  10000000 Stride:  1 Type: BH_FLOAT64 Data: 0x7f3eaa43e000, Base: (nil)  ]
}
BH_DISCARD OPS=1{
  OP0 [ Addr: 0x2306a10 Dims: 1 Start: 0 Shape:  10000000 Stride:  1 Type: BH_FLOAT64 Data: (nil), Base: (nil)  ]
}
