CPHVB_IDENTITY		Unsupported signatures	e,e | g,g | F,F | D,D | G,G | O,O
CPHVB_RAD2DEG		Unsupported signatures	e,e | g,g | P,P
CPHVB_EXP		Unsupported signatures	e,e | g,g | F,F | D,D | G,G | P,P
CPHVB_SQUARE		Unsupported signatures	e,e | g,g | F,F | D,D | G,G | O,O
CPHVB_DIVIDE		Unsupported signatures	e,e,e | g,g,g | F,F,F | D,D,D | G,G,G | O,O,O
CPHVB_LESS		Unsupported signatures	e,e | g,g | F,F | D,D | G,G | O,O | M,M | m,m
CPHVB_RINT		Unsupported signatures	e,e | g,g | F,F | D,D | G,G | P,P
CPHVB_ARCTAN2		Unsupported signatures	e,e,e | g,g,g | P,P,P
CPHVB_SIGN		Unsupported signatures	e,e | g,g | F,F | D,D | G,G | O,O | M,M | m,m
CPHVB_LOGICAL_OR		Unsupported signatures	e,e | g,g | F,F | D,D | G,G | M,M | m,m | P,P,P
CPHVB_MINIMUM		Unsupported signatures	e,e,e | g,g,g | F,F,F | D,D,D | G,G,G | M,M,M | m,m,m | O,O,O
CPHVB_LOGICAL_AND		Unsupported signatures	e,e | g,g | F,F | D,D | G,G | M,M | m,m | P,P,P
CPHVB_LOG2		Unsupported signatures	e,e | g,g | F,F | D,D | G,G | P,P
CPHVB_TAN		Unsupported signatures	e,e | g,g | F,F | D,D | G,G | P,P
CPHVB_ABSOLUTE		Unsupported signatures	e,e | g,g | M,M | m,m | F | D | G,g | O,O
CPHVB_LOGICAL_XOR		Unsupported signatures	e,e | g,g | F,F | D,D | G,G | M,M | m,m | P,P,P
CPHVB_REMAINDER		Unsupported signatures	e,e,e | g,g,g | O,O,O
CPHVB_LOG		Unsupported signatures	e,e | g,g | F,F | D,D | G,G | P,P
CPHVB_FLOOR		Unsupported signatures	e,e | g,g | P,P
CPHVB_EXP2		Unsupported signatures	e,e | g,g | F,F | D,D | G,G | P,P
CPHVB_INVERT		Unsupported signatures	O,O
CPHVB_SIGNBIT		Unsupported signatures	e | g
CPHVB_NEGATIVE		Unsupported signatures	e,e | g,g | M,M | m,m | F,F | D,D | G,G | O,O
CPHVB_SQRT		Unsupported signatures	e,e | g,g | F,F | D,D | G,G | P,P
CPHVB_ARCTAN		Unsupported signatures	e,e | g,g | F,F | D,D | G,G | P,P
CPHVB_ADD		Unsupported signatures	e,e,e | g,g,g | F,F,F | D,D,D | G,G,G | M,m,M | m,m,m | m,M,M | O,O,O
CPHVB_RIGHT_SHIFT		Unsupported signatures	O,O,O
CPHVB_ARCTANH		Unsupported signatures	e,e | g,g | F,F | D,D | G,G | P,P
CPHVB_FLOOR_DIVIDE		Unsupported signatures	e,e,e | g,g,g | F,F,F | D,D,D | G,G,G | O,O,O
CPHVB_LOG10		Unsupported signatures	e,e | g,g | F,F | D,D | G,G | P,P
CPHVB_SIN		Unsupported signatures	e,e | g,g | F,F | D,D | G,G | P,P
CPHVB_MAXIMUM		Unsupported signatures	e,e,e | g,g,g | F,F,F | D,D,D | G,G,G | M,M,M | m,m,m | O,O,O
CPHVB_BITWISE_XOR		Unsupported signatures	O,O,O
CPHVB_TANH		Unsupported signatures	e,e | g,g | F,F | D,D | G,G | P,P
CPHVB_LOGADDEXP2		Unsupported signatures	e,e,e | g,g,g
CPHVB_GREATER		Unsupported signatures	e,e | g,g | F,F | D,D | G,G | O,O | M,M | m,m
CPHVB_POWER		Unsupported signatures	e,e,e | g,g,g | F,F,F | D,D,D | G,G,G | O,O,O
CPHVB_EXPM1		Unsupported signatures	e,e | g,g | F,F | D,D | G,G | P,P
CPHVB_DEG2RAD		Unsupported signatures	e,e | g,g | P,P
CPHVB_ARCSINH		Unsupported signatures	e,e | g,g | F,F | D,D | G,G | P,P
CPHVB_SINH		Unsupported signatures	e,e | g,g | F,F | D,D | G,G | P,P
CPHVB_MULTIPLY		Unsupported signatures	e,e,e | g,g,g | F,F,F | D,D,D | G,G,G | O,O,O
CPHVB_COSH		Unsupported signatures	e,e | g,g | F,F | D,D | G,G | P,P
CPHVB_SUBTRACT		Unsupported signatures	e,e,e | g,g,g | F,F,F | D,D,D | G,G,G | M,m,M | m,m,m | M,M,m | O,O,O
CPHVB_LOGADDEXP		Unsupported signatures	e,e,e | g,g,g
CPHVB_TRUNC		Unsupported signatures	e,e | g,g | P,P
CPHVB_ARCSIN		Unsupported signatures	e,e | g,g | F,F | D,D | G,G | P,P
CPHVB_COS		Unsupported signatures	e,e | g,g | F,F | D,D | G,G | P,P
CPHVB_NOT_EQUAL		Unsupported signatures	e,e | g,g | F,F | D,D | G,G | O,O | M,M | m,m
CPHVB_LOGICAL_NOT		Unsupported signatures	e | g | F | D | G | M | m | P,P
CPHVB_GREATER_EQUAL		Unsupported signatures	e,e | g,g | F,F | D,D | G,G | O,O | M,M | m,m
CPHVB_RECIPROCAL		Unsupported signatures	e,e | g,g | F,F | D,D | G,G | O,O
CPHVB_BITWISE_OR		Unsupported signatures	O,O,O
CPHVB_LOG1P		Unsupported signatures	e,e | g,g | F,F | D,D | G,G | P,P
CPHVB_CEIL		Unsupported signatures	e,e | g,g | P,P
CPHVB_TRUE_DIVIDE		Unsupported signatures	e,e,e | g,g,g | F,F,F | D,D,D | G,G,G | O,O,O
CPHVB_LEFT_SHIFT		Unsupported signatures	O,O,O
CPHVB_EQUAL		Unsupported signatures	e,e | g,g | F,F | D,D | G,G | O,O | M,M | m,m
CPHVB_HYPOT		Unsupported signatures	e,e,e | g,g,g | P,P,P
CPHVB_FMOD		Unsupported signatures	e,e,e | g,g,g | P,P,P
CPHVB_ARCCOS		Unsupported signatures	e,e | g,g | F,F | D,D | G,G | P,P
CPHVB_LESS_EQUAL		Unsupported signatures	e,e | g,g | F,F | D,D | G,G | O,O | M,M | m,m
CPHVB_BITWISE_AND		Unsupported signatures	O,O,O
CPHVB_ARCCOSH		Unsupported signatures	e,e | g,g | F,F | D,D | G,G | P,P
CPHVB_ONES_LIKE		Unsupported signatures	e,e | g,g | F,F | D,D | G,G | M,M | m,m | O,O